This is pdfTeX, Version 3.141592653-2.6-1.40.25 (MiKTeX 24.1) (preloaded format=pdflatex 2025.7.27)  19 DEC 2025 01:47
entering extended mode
 restricted \write18 enabled.
 %&-line parsing enabled.
**./poincare-categorical-computing.tex
(poincare-categorical-computing.tex
LaTeX2e <2023-11-01> patch level 1
L3 programming layer <2024-01-04>
(C:\Users\kundai\AppData\Local\Programs\MiKTeX\tex/latex/base\article.cls
Document Class: article 2023/05/17 v1.4n Standard LaTeX document class
(C:\Users\kundai\AppData\Local\Programs\MiKTeX\tex/latex/base\size11.clo
File: size11.clo 2023/05/17 v1.4n Standard LaTeX file (size option)
)
\c@part=\count187
\c@section=\count188
\c@subsection=\count189
\c@subsubsection=\count190
\c@paragraph=\count191
\c@subparagraph=\count192
\c@figure=\count193
\c@table=\count194
\abovecaptionskip=\skip48
\belowcaptionskip=\skip49
\bibindent=\dimen140
)
(C:\Users\kundai\AppData\Local\Programs\MiKTeX\tex/latex/amsmath\amsmath.sty
Package: amsmath 2023/05/13 v2.17o AMS math features
\@mathmargin=\skip50

For additional information on amsmath, use the `?' option.
(C:\Users\kundai\AppData\Local\Programs\MiKTeX\tex/latex/amsmath\amstext.sty
Package: amstext 2021/08/26 v2.01 AMS text

(C:\Users\kundai\AppData\Local\Programs\MiKTeX\tex/latex/amsmath\amsgen.sty
File: amsgen.sty 1999/11/30 v2.0 generic functions
\@emptytoks=\toks17
\ex@=\dimen141
))
(C:\Users\kundai\AppData\Local\Programs\MiKTeX\tex/latex/amsmath\amsbsy.sty
Package: amsbsy 1999/11/29 v1.2d Bold Symbols
\pmbraise@=\dimen142
)
(C:\Users\kundai\AppData\Local\Programs\MiKTeX\tex/latex/amsmath\amsopn.sty
Package: amsopn 2022/04/08 v2.04 operator names
)
\inf@bad=\count195
LaTeX Info: Redefining \frac on input line 234.
\uproot@=\count196
\leftroot@=\count197
LaTeX Info: Redefining \overline on input line 399.
LaTeX Info: Redefining \colon on input line 410.
\classnum@=\count198
\DOTSCASE@=\count199
LaTeX Info: Redefining \ldots on input line 496.
LaTeX Info: Redefining \dots on input line 499.
LaTeX Info: Redefining \cdots on input line 620.
\Mathstrutbox@=\box51
\strutbox@=\box52
LaTeX Info: Redefining \big on input line 722.
LaTeX Info: Redefining \Big on input line 723.
LaTeX Info: Redefining \bigg on input line 724.
LaTeX Info: Redefining \Bigg on input line 725.
\big@size=\dimen143
LaTeX Font Info:    Redeclaring font encoding OML on input line 743.
LaTeX Font Info:    Redeclaring font encoding OMS on input line 744.
\macc@depth=\count266
LaTeX Info: Redefining \bmod on input line 905.
LaTeX Info: Redefining \pmod on input line 910.
LaTeX Info: Redefining \smash on input line 940.
LaTeX Info: Redefining \relbar on input line 970.
LaTeX Info: Redefining \Relbar on input line 971.
\c@MaxMatrixCols=\count267
\dotsspace@=\muskip16
\c@parentequation=\count268
\dspbrk@lvl=\count269
\tag@help=\toks18
\row@=\count270
\column@=\count271
\maxfields@=\count272
\andhelp@=\toks19
\eqnshift@=\dimen144
\alignsep@=\dimen145
\tagshift@=\dimen146
\tagwidth@=\dimen147
\totwidth@=\dimen148
\lineht@=\dimen149
\@envbody=\toks20
\multlinegap=\skip51
\multlinetaggap=\skip52
\mathdisplay@stack=\toks21
LaTeX Info: Redefining \[ on input line 2953.
LaTeX Info: Redefining \] on input line 2954.
)
(C:\Users\kundai\AppData\Local\Programs\MiKTeX\tex/latex/amsfonts\amssymb.sty
Package: amssymb 2013/01/14 v3.01 AMS font symbols

(C:\Users\kundai\AppData\Local\Programs\MiKTeX\tex/latex/amsfonts\amsfonts.sty
Package: amsfonts 2013/01/14 v3.01 Basic AMSFonts support
\symAMSa=\mathgroup4
\symAMSb=\mathgroup5
LaTeX Font Info:    Redeclaring math symbol \hbar on input line 98.
LaTeX Font Info:    Overwriting math alphabet `\mathfrak' in version `bold'
(Font)                  U/euf/m/n --> U/euf/b/n on input line 106.
)) (C:\Users\kundai\AppData\Local\Programs\MiKTeX\tex/latex/amscls\amsthm.sty
Package: amsthm 2020/05/29 v2.20.6
\thm@style=\toks22
\thm@bodyfont=\toks23
\thm@headfont=\toks24
\thm@notefont=\toks25
\thm@headpunct=\toks26
\thm@preskip=\skip53
\thm@postskip=\skip54
\thm@headsep=\skip55
\dth@everypar=\toks27
)
(C:\Users\kundai\AppData\Local\Programs\MiKTeX\tex/latex/mathtools\mathtools.st
y
Package: mathtools 2024/10/04 v1.31 mathematical typesetting tools
 (C:\Users\kundai\AppData\Local\Programs\MiKTeX\tex/latex/graphics\keyval.sty
Package: keyval 2022/05/29 v1.15 key=value parser (DPC)
\KV@toks@=\toks28
) (C:\Users\kundai\AppData\Local\Programs\MiKTeX\tex/latex/tools\calc.sty
Package: calc 2023/07/08 v4.3 Infix arithmetic (KKT,FJ)
\calc@Acount=\count273
\calc@Bcount=\count274
\calc@Adimen=\dimen150
\calc@Bdimen=\dimen151
\calc@Askip=\skip56
\calc@Bskip=\skip57
LaTeX Info: Redefining \setlength on input line 80.
LaTeX Info: Redefining \addtolength on input line 81.
\calc@Ccount=\count275
\calc@Cskip=\skip58
)
(C:\Users\kundai\AppData\Local\Programs\MiKTeX\tex/latex/mathtools\mhsetup.sty
Package: mhsetup 2021/03/18 v1.4 programming setup (MH)
)
\g_MT_multlinerow_int=\count276
\l_MT_multwidth_dim=\dimen152
\origjot=\skip59
\l_MT_shortvdotswithinadjustabove_dim=\dimen153
\l_MT_shortvdotswithinadjustbelow_dim=\dimen154
\l_MT_above_intertext_sep=\dimen155
\l_MT_below_intertext_sep=\dimen156
\l_MT_above_shortintertext_sep=\dimen157
\l_MT_below_shortintertext_sep=\dimen158
\xmathstrut@box=\box53
\xmathstrut@dim=\dimen159
) (C:\Users\kundai\AppData\Local\Programs\MiKTeX\tex/latex/physics\physics.sty
Package: physics 

(C:\Users\kundai\AppData\Local\Programs\MiKTeX\tex/latex/l3packages/xparse\xpar
se.sty
(C:\Users\kundai\AppData\Local\Programs\MiKTeX\tex/latex/l3kernel\expl3.sty
Package: expl3 2024-01-04 L3 programming layer (loader) 

(C:\Users\kundai\AppData\Local\Programs\MiKTeX\tex/latex/l3backend\l3backend-pd
ftex.def
File: l3backend-pdftex.def 2024-01-04 L3 backend support: PDF output (pdfTeX)
\l__color_backend_stack_int=\count277
\l__pdf_internal_box=\box54
))
Package: xparse 2023-10-10 L3 Experimental document command parser
))
(C:\Users\kundai\AppData\Local\Programs\MiKTeX\tex/latex/graphics\graphicx.sty
Package: graphicx 2021/09/16 v1.2d Enhanced LaTeX Graphics (DPC,SPQR)

(C:\Users\kundai\AppData\Local\Programs\MiKTeX\tex/latex/graphics\graphics.sty
Package: graphics 2022/03/10 v1.4e Standard LaTeX Graphics (DPC,SPQR)

(C:\Users\kundai\AppData\Local\Programs\MiKTeX\tex/latex/graphics\trig.sty
Package: trig 2021/08/11 v1.11 sin cos tan (DPC)
)
(C:\Users\kundai\AppData\Local\Programs\MiKTeX\tex/latex/graphics-cfg\graphics.
cfg
File: graphics.cfg 2016/06/04 v1.11 sample graphics configuration
)
Package graphics Info: Driver file: pdftex.def on input line 107.

(C:\Users\kundai\AppData\Local\Programs\MiKTeX\tex/latex/graphics-def\pdftex.de
f
File: pdftex.def 2022/09/22 v1.2b Graphics/color driver for pdftex
))
\Gin@req@height=\dimen160
\Gin@req@width=\dimen161
)
(C:\Users\kundai\AppData\Local\Programs\MiKTeX\tex/latex/hyperref\hyperref.sty
Package: hyperref 2023-11-26 v7.01g Hypertext links for LaTeX

(C:\Users\kundai\AppData\Local\Programs\MiKTeX\tex/generic/iftex\iftex.sty
Package: iftex 2022/02/03 v1.0f TeX engine tests
)
(C:\Users\kundai\AppData\Local\Programs\MiKTeX\tex/generic/infwarerr\infwarerr.
sty
Package: infwarerr 2019/12/03 v1.5 Providing info/warning/error messages (HO)
)
(C:\Users\kundai\AppData\Local\Programs\MiKTeX\tex/latex/kvsetkeys\kvsetkeys.st
y
Package: kvsetkeys 2022-10-05 v1.19 Key value parser (HO)
)
(C:\Users\kundai\AppData\Local\Programs\MiKTeX\tex/generic/kvdefinekeys\kvdefin
ekeys.sty
Package: kvdefinekeys 2019-12-19 v1.6 Define keys (HO)
)
(C:\Users\kundai\AppData\Local\Programs\MiKTeX\tex/generic/pdfescape\pdfescape.
sty
Package: pdfescape 2019/12/09 v1.15 Implements pdfTeX's escape features (HO)

(C:\Users\kundai\AppData\Local\Programs\MiKTeX\tex/generic/ltxcmds\ltxcmds.sty
Package: ltxcmds 2023-12-04 v1.26 LaTeX kernel commands for general use (HO)
)
(C:\Users\kundai\AppData\Local\Programs\MiKTeX\tex/generic/pdftexcmds\pdftexcmd
s.sty
Package: pdftexcmds 2020-06-27 v0.33 Utility functions of pdfTeX for LuaTeX (HO
)
Package pdftexcmds Info: \pdf@primitive is available.
Package pdftexcmds Info: \pdf@ifprimitive is available.
Package pdftexcmds Info: \pdfdraftmode found.
))
(C:\Users\kundai\AppData\Local\Programs\MiKTeX\tex/latex/hycolor\hycolor.sty
Package: hycolor 2020-01-27 v1.10 Color options for hyperref/bookmark (HO)
)
(C:\Users\kundai\AppData\Local\Programs\MiKTeX\tex/latex/letltxmacro\letltxmacr
o.sty
Package: letltxmacro 2019/12/03 v1.6 Let assignment for LaTeX macros (HO)
)
(C:\Users\kundai\AppData\Local\Programs\MiKTeX\tex/latex/auxhook\auxhook.sty
Package: auxhook 2019-12-17 v1.6 Hooks for auxiliary files (HO)
)
(C:\Users\kundai\AppData\Local\Programs\MiKTeX\tex/latex/hyperref\nameref.sty
Package: nameref 2023-11-26 v2.56 Cross-referencing by name of section

(C:\Users\kundai\AppData\Local\Programs\MiKTeX\tex/latex/refcount\refcount.sty
Package: refcount 2019/12/15 v3.6 Data extraction from label references (HO)
)
(C:\Users\kundai\AppData\Local\Programs\MiKTeX\tex/generic/gettitlestring\getti
tlestring.sty
Package: gettitlestring 2019/12/15 v1.6 Cleanup title references (HO)

(C:\Users\kundai\AppData\Local\Programs\MiKTeX\tex/latex/kvoptions\kvoptions.st
y
Package: kvoptions 2022-06-15 v3.15 Key value format for package options (HO)
))
\c@section@level=\count278
)
(C:\Users\kundai\AppData\Local\Programs\MiKTeX\tex/latex/etoolbox\etoolbox.sty
Package: etoolbox 2020/10/05 v2.5k e-TeX tools for LaTeX (JAW)
\etb@tempcnta=\count279
)
\@linkdim=\dimen162
\Hy@linkcounter=\count280
\Hy@pagecounter=\count281
(C:\Users\kundai\AppData\Local\Programs\MiKTeX\tex/latex/hyperref\pd1enc.def
File: pd1enc.def 2023-11-26 v7.01g Hyperref: PDFDocEncoding definition (HO)
Now handling font encoding PD1 ...
... no UTF-8 mapping file for font encoding PD1
)
(C:\Users\kundai\AppData\Local\Programs\MiKTeX\tex/generic/intcalc\intcalc.sty
Package: intcalc 2019/12/15 v1.3 Expandable calculations with integers (HO)
)
\Hy@SavedSpaceFactor=\count282
(C:\Users\kundai\AppData\Local\Programs\MiKTeX\tex/latex/hyperref\puenc.def
File: puenc.def 2023-11-26 v7.01g Hyperref: PDF Unicode definition (HO)
Now handling font encoding PU ...
... no UTF-8 mapping file for font encoding PU
)
Package hyperref Info: Hyper figures OFF on input line 4181.
Package hyperref Info: Link nesting OFF on input line 4186.
Package hyperref Info: Hyper index ON on input line 4189.
Package hyperref Info: Plain pages OFF on input line 4196.
Package hyperref Info: Backreferencing OFF on input line 4201.
Package hyperref Info: Implicit mode ON; LaTeX internals redefined.
Package hyperref Info: Bookmarks ON on input line 4448.
\c@Hy@tempcnt=\count283

(C:\Users\kundai\AppData\Local\Programs\MiKTeX\tex/latex/url\url.sty
\Urlmuskip=\muskip17
Package: url 2013/09/16  ver 3.4  Verb mode for urls, etc.
)
LaTeX Info: Redefining \url on input line 4786.
\XeTeXLinkMargin=\dimen163

(C:\Users\kundai\AppData\Local\Programs\MiKTeX\tex/generic/bitset\bitset.sty
Package: bitset 2019/12/09 v1.3 Handle bit-vector datatype (HO)

(C:\Users\kundai\AppData\Local\Programs\MiKTeX\tex/generic/bigintcalc\bigintcal
c.sty
Package: bigintcalc 2019/12/15 v1.5 Expandable calculations on big integers (HO
)
))
\Fld@menulength=\count284
\Field@Width=\dimen164
\Fld@charsize=\dimen165
Package hyperref Info: Hyper figures OFF on input line 6065.
Package hyperref Info: Link nesting OFF on input line 6070.
Package hyperref Info: Hyper index ON on input line 6073.
Package hyperref Info: backreferencing OFF on input line 6080.
Package hyperref Info: Link coloring OFF on input line 6085.
Package hyperref Info: Link coloring with OCG OFF on input line 6090.
Package hyperref Info: PDF/A mode OFF on input line 6095.

(C:\Users\kundai\AppData\Local\Programs\MiKTeX\tex/latex/base\atbegshi-ltx.sty
Package: atbegshi-ltx 2021/01/10 v1.0c Emulation of the original atbegshi
package with kernel methods
)
\Hy@abspage=\count285
\c@Item=\count286
\c@Hfootnote=\count287
)
Package hyperref Info: Driver (autodetected): hpdftex.
 (C:\Users\kundai\AppData\Local\Programs\MiKTeX\tex/latex/hyperref\hpdftex.def
File: hpdftex.def 2023-11-26 v7.01g Hyperref driver for pdfTeX

(C:\Users\kundai\AppData\Local\Programs\MiKTeX\tex/latex/base\atveryend-ltx.sty
Package: atveryend-ltx 2020/08/19 v1.0a Emulation of the original atveryend pac
kage
with kernel methods
)
\Fld@listcount=\count288
\c@bookmark@seq@number=\count289

(C:\Users\kundai\AppData\Local\Programs\MiKTeX\tex/latex/rerunfilecheck\rerunfi
lecheck.sty
Package: rerunfilecheck 2025-06-21 v1.11 Rerun checks for auxiliary files (HO)

(C:\Users\kundai\AppData\Local\Programs\MiKTeX\tex/generic/uniquecounter\unique
counter.sty
Package: uniquecounter 2019/12/15 v1.4 Provide unlimited unique counter (HO)
)
Package uniquecounter Info: New unique counter `rerunfilecheck' on input line 2
84.
)
\Hy@SectionHShift=\skip60
)
(C:\Users\kundai\AppData\Local\Programs\MiKTeX\tex/latex/cleveref\cleveref.sty
Package: cleveref 2018/03/27 v0.21.4 Intelligent cross-referencing
Package cleveref Info: `hyperref' support loaded on input line 2370.
LaTeX Info: Redefining \cref on input line 2370.
LaTeX Info: Redefining \Cref on input line 2370.
LaTeX Info: Redefining \crefrange on input line 2370.
LaTeX Info: Redefining \Crefrange on input line 2370.
LaTeX Info: Redefining \cpageref on input line 2370.
LaTeX Info: Redefining \Cpageref on input line 2370.
LaTeX Info: Redefining \cpagerefrange on input line 2370.
LaTeX Info: Redefining \Cpagerefrange on input line 2370.
LaTeX Info: Redefining \labelcref on input line 2370.
LaTeX Info: Redefining \labelcpageref on input line 2370.
Package cleveref Info: `amsthm' support loaded on input line 3026.
) (C:\Users\kundai\AppData\Local\Programs\MiKTeX\tex/latex/booktabs\booktabs.st
y
Package: booktabs 2020/01/12 v1.61803398 Publication quality tables
\heavyrulewidth=\dimen166
\lightrulewidth=\dimen167
\cmidrulewidth=\dimen168
\belowrulesep=\dimen169
\belowbottomsep=\dimen170
\aboverulesep=\dimen171
\abovetopsep=\dimen172
\cmidrulesep=\dimen173
\cmidrulekern=\dimen174
\defaultaddspace=\dimen175
\@cmidla=\count290
\@cmidlb=\count291
\@aboverulesep=\dimen176
\@belowrulesep=\dimen177
\@thisruleclass=\count292
\@lastruleclass=\count293
\@thisrulewidth=\dimen178
) (C:\Users\kundai\AppData\Local\Programs\MiKTeX\tex/latex/siunitx\siunitx.sty
Package: siunitx 2025-07-09 v3.4.14 A comprehensive (SI) units package
\l__siunitx_number_uncert_offset_int=\count294
\l__siunitx_number_exponent_fixed_int=\count295
\l__siunitx_number_min_decimal_int=\count296
\l__siunitx_number_min_integer_int=\count297
\l__siunitx_number_round_precision_int=\count298
\l__siunitx_number_lower_threshold_int=\count299
\l__siunitx_number_upper_threshold_int=\count300
\l__siunitx_number_group_first_int=\count301
\l__siunitx_number_group_size_int=\count302
\l__siunitx_number_group_minimum_int=\count303
\l__siunitx_angle_tmp_dim=\dimen179
\l__siunitx_angle_marker_box=\box55
\l__siunitx_angle_unit_box=\box56
\l__siunitx_compound_count_int=\count304

(C:\Users\kundai\AppData\Local\Programs\MiKTeX\tex/latex/translations\translati
ons.sty
Package: translations 2022/02/05 v1.12 internationalization of LaTeX2e packages
 (CN)
)
\l__siunitx_table_tmp_box=\box57
\l__siunitx_table_tmp_dim=\dimen180
\l__siunitx_table_column_width_dim=\dimen181
\l__siunitx_table_integer_box=\box58
\l__siunitx_table_decimal_box=\box59
\l__siunitx_table_uncert_box=\box60
\l__siunitx_table_before_box=\box61
\l__siunitx_table_after_box=\box62
\l__siunitx_table_before_dim=\dimen182
\l__siunitx_table_carry_dim=\dimen183
\l__siunitx_unit_tmp_int=\count305
\l__siunitx_unit_position_int=\count306
\l__siunitx_unit_total_int=\count307

(C:\Users\kundai\AppData\Local\Programs\MiKTeX\tex/latex/tools\array.sty
Package: array 2023/10/16 v2.5g Tabular extension package (FMi)
\col@sep=\dimen184
\ar@mcellbox=\box63
\extrarowheight=\dimen185
\NC@list=\toks29
\extratabsurround=\skip61
\backup@length=\skip62
\ar@cellbox=\box64
))
(C:\Users\kundai\AppData\Local\Programs\MiKTeX\tex/latex/enumitem\enumitem.sty
Package: enumitem 2025/02/06 v3.11 Customized lists
\labelindent=\skip63
\enit@outerparindent=\dimen186
\enit@toks=\toks30
\enit@inbox=\box65
\enit@count@id=\count308
\enitdp@description=\count309
) (C:\Users\kundai\AppData\Local\Programs\MiKTeX\tex/latex/natbib\natbib.sty
Package: natbib 2010/09/13 8.31b (PWD, AO)
\bibhang=\skip64
\bibsep=\skip65
LaTeX Info: Redefining \cite on input line 694.
\c@NAT@ctr=\count310
)
(C:\Users\kundai\AppData\Local\Programs\MiKTeX\tex/latex/base\inputenc.sty
Package: inputenc 2021/02/14 v1.3d Input encoding file
\inpenc@prehook=\toks31
\inpenc@posthook=\toks32
)
(C:\Users\kundai\AppData\Local\Programs\MiKTeX\tex/latex/base\fontenc.sty
Package: fontenc 2021/04/29 v2.0v Standard LaTeX package
)
(C:\Users\kundai\AppData\Local\Programs\MiKTeX\tex/latex/lm\lmodern.sty
Package: lmodern 2015/05/01 v1.6.1 Latin Modern Fonts
LaTeX Font Info:    Overwriting symbol font `operators' in version `normal'
(Font)                  OT1/cmr/m/n --> OT1/lmr/m/n on input line 22.
LaTeX Font Info:    Overwriting symbol font `letters' in version `normal'
(Font)                  OML/cmm/m/it --> OML/lmm/m/it on input line 23.
LaTeX Font Info:    Overwriting symbol font `symbols' in version `normal'
(Font)                  OMS/cmsy/m/n --> OMS/lmsy/m/n on input line 24.
LaTeX Font Info:    Overwriting symbol font `largesymbols' in version `normal'
(Font)                  OMX/cmex/m/n --> OMX/lmex/m/n on input line 25.
LaTeX Font Info:    Overwriting symbol font `operators' in version `bold'
(Font)                  OT1/cmr/bx/n --> OT1/lmr/bx/n on input line 26.
LaTeX Font Info:    Overwriting symbol font `letters' in version `bold'
(Font)                  OML/cmm/b/it --> OML/lmm/b/it on input line 27.
LaTeX Font Info:    Overwriting symbol font `symbols' in version `bold'
(Font)                  OMS/cmsy/b/n --> OMS/lmsy/b/n on input line 28.
LaTeX Font Info:    Overwriting symbol font `largesymbols' in version `bold'
(Font)                  OMX/cmex/m/n --> OMX/lmex/m/n on input line 29.
LaTeX Font Info:    Overwriting math alphabet `\mathbf' in version `normal'
(Font)                  OT1/cmr/bx/n --> OT1/lmr/bx/n on input line 31.
LaTeX Font Info:    Overwriting math alphabet `\mathsf' in version `normal'
(Font)                  OT1/cmss/m/n --> OT1/lmss/m/n on input line 32.
LaTeX Font Info:    Overwriting math alphabet `\mathit' in version `normal'
(Font)                  OT1/cmr/m/it --> OT1/lmr/m/it on input line 33.
LaTeX Font Info:    Overwriting math alphabet `\mathtt' in version `normal'
(Font)                  OT1/cmtt/m/n --> OT1/lmtt/m/n on input line 34.
LaTeX Font Info:    Overwriting math alphabet `\mathbf' in version `bold'
(Font)                  OT1/cmr/bx/n --> OT1/lmr/bx/n on input line 35.
LaTeX Font Info:    Overwriting math alphabet `\mathsf' in version `bold'
(Font)                  OT1/cmss/bx/n --> OT1/lmss/bx/n on input line 36.
LaTeX Font Info:    Overwriting math alphabet `\mathit' in version `bold'
(Font)                  OT1/cmr/bx/it --> OT1/lmr/bx/it on input line 37.
LaTeX Font Info:    Overwriting math alphabet `\mathtt' in version `bold'
(Font)                  OT1/cmtt/m/n --> OT1/lmtt/m/n on input line 38.
)
(C:\Users\kundai\AppData\Local\Programs\MiKTeX\tex/latex/geometry\geometry.sty
Package: geometry 2020/01/02 v5.9 Page Geometry

(C:\Users\kundai\AppData\Local\Programs\MiKTeX\tex/generic/iftex\ifvtex.sty
Package: ifvtex 2019/10/25 v1.7 ifvtex legacy package. Use iftex instead.
)
\Gm@cnth=\count311
\Gm@cntv=\count312
\c@Gm@tempcnt=\count313
\Gm@bindingoffset=\dimen187
\Gm@wd@mp=\dimen188
\Gm@odd@mp=\dimen189
\Gm@even@mp=\dimen190
\Gm@layoutwidth=\dimen191
\Gm@layoutheight=\dimen192
\Gm@layouthoffset=\dimen193
\Gm@layoutvoffset=\dimen194
\Gm@dimlist=\toks33

(C:\Users\kundai\AppData\Local\Programs\MiKTeX\tex/latex/geometry\geometry.cfg)
)
\c@theorem=\count314
\c@definition=\count315
\c@axiom=\count316
\c@remark=\count317
\c@example=\count318
Package translations Info: No language package found. I am going to use `englis
h' as default language. on input line 56.
 (C:\Users\kundai\AppData\Local\Programs\MiKTeX\tex/latex/graphics\color.sty
Package: color 2022/01/06 v1.3d Standard LaTeX Color (DPC)

(C:\Users\kundai\AppData\Local\Programs\MiKTeX\tex/latex/graphics-cfg\color.cfg
File: color.cfg 2016/01/02 v1.6 sample color configuration
)
Package color Info: Driver file: pdftex.def on input line 149.

(C:\Users\kundai\AppData\Local\Programs\MiKTeX\tex/latex/graphics\mathcolor.ltx
))
LaTeX Font Info:    Trying to load font information for T1+lmr on input line 56
.
 (C:\Users\kundai\AppData\Local\Programs\MiKTeX\tex/latex/lm\t1lmr.fd
File: t1lmr.fd 2015/05/01 v1.6.1 Font defs for Latin Modern
)
(poincare-categorical-computing.aux

LaTeX Warning: Label `eq:complexity_lower_bound' multiply defined.


LaTeX Warning: Label `eq:complexity_lower_bound@cref' multiply defined.


LaTeX Warning: Label `rem:exponential_scaling' multiply defined.


LaTeX Warning: Label `rem:exponential_scaling@cref' multiply defined.

)
\openout1 = `poincare-categorical-computing.aux'.

LaTeX Font Info:    Checking defaults for OML/cmm/m/it on input line 56.
LaTeX Font Info:    ... okay on input line 56.
LaTeX Font Info:    Checking defaults for OMS/cmsy/m/n on input line 56.
LaTeX Font Info:    ... okay on input line 56.
LaTeX Font Info:    Checking defaults for OT1/cmr/m/n on input line 56.
LaTeX Font Info:    ... okay on input line 56.
LaTeX Font Info:    Checking defaults for T1/cmr/m/n on input line 56.
LaTeX Font Info:    ... okay on input line 56.
LaTeX Font Info:    Checking defaults for TS1/cmr/m/n on input line 56.
LaTeX Font Info:    ... okay on input line 56.
LaTeX Font Info:    Checking defaults for OMX/cmex/m/n on input line 56.
LaTeX Font Info:    ... okay on input line 56.
LaTeX Font Info:    Checking defaults for U/cmr/m/n on input line 56.
LaTeX Font Info:    ... okay on input line 56.
LaTeX Font Info:    Checking defaults for PD1/pdf/m/n on input line 56.
LaTeX Font Info:    ... okay on input line 56.
LaTeX Font Info:    Checking defaults for PU/pdf/m/n on input line 56.
LaTeX Font Info:    ... okay on input line 56.

(C:\Users\kundai\AppData\Local\Programs\MiKTeX\tex/context/base/mkii\supp-pdf.m
kii
[Loading MPS to PDF converter (version 2006.09.02).]
\scratchcounter=\count319
\scratchdimen=\dimen195
\scratchbox=\box66
\nofMPsegments=\count320
\nofMParguments=\count321
\everyMPshowfont=\toks34
\MPscratchCnt=\count322
\MPscratchDim=\dimen196
\MPnumerator=\count323
\makeMPintoPDFobject=\count324
\everyMPtoPDFconversion=\toks35
)
(C:\Users\kundai\AppData\Local\Programs\MiKTeX\tex/latex/epstopdf-pkg\epstopdf-
base.sty
Package: epstopdf-base 2020-01-24 v2.11 Base part for package epstopdf
Package epstopdf-base Info: Redefining graphics rule for `.eps' on input line 4
85.

(C:\Users\kundai\AppData\Local\Programs\MiKTeX\tex/latex/00miktex\epstopdf-sys.
cfg
File: epstopdf-sys.cfg 2021/03/18 v2.0 Configuration of epstopdf for MiKTeX
))
Package hyperref Info: Link coloring OFF on input line 56.
 (poincare-categorical-computing.out) (poincare-categorical-computing.out)
\@outlinefile=\write3
\openout3 = `poincare-categorical-computing.out'.


Package siunitx Warning: Detected the "physics" package:
(siunitx)                omitting definition of \qty.
(siunitx)                
(siunitx)                If you want to use \qty with the siunitx definition,
(siunitx)                add 
(siunitx)                
(siunitx)                    \AtBeginDocument{\RenewCommandCopy\qty\SI}
(siunitx)                
(siunitx)                to your preamble.


(C:\Users\kundai\AppData\Local\Programs\MiKTeX\tex/latex/translations/dicts\tra
nslations-basic-dictionary-english.trsl
File: translations-basic-dictionary-english.trsl (english translation file `tra
nslations-basic-dictionary')
)
Package translations Info: loading dictionary `translations-basic-dictionary' f
or `english'. on input line 56.

*geometry* driver: auto-detecting
*geometry* detected driver: pdftex
*geometry* verbose mode - [ preamble ] result:
* driver: pdftex
* paper: a4paper
* layout: <same size as paper>
* layoutoffset:(h,v)=(0.0pt,0.0pt)
* modes: 
* h-part:(L,W,R)=(72.26999pt, 452.9679pt, 72.26999pt)
* v-part:(T,H,B)=(72.26999pt, 700.50687pt, 72.26999pt)
* \paperwidth=597.50787pt
* \paperheight=845.04684pt
* \textwidth=452.9679pt
* \textheight=700.50687pt
* \oddsidemargin=0.0pt
* \evensidemargin=0.0pt
* \topmargin=-37.0pt
* \headheight=12.0pt
* \headsep=25.0pt
* \topskip=11.0pt
* \footskip=30.0pt
* \marginparwidth=50.0pt
* \marginparsep=10.0pt
* \columnsep=10.0pt
* \skip\footins=10.0pt plus 4.0pt minus 2.0pt
* \hoffset=0.0pt
* \voffset=0.0pt
* \mag=1000
* \@twocolumnfalse
* \@twosidefalse
* \@mparswitchfalse
* \@reversemarginfalse
* (1in=72.27pt=25.4mm, 1cm=28.453pt)

LaTeX Font Info:    Trying to load font information for OT1+lmr on input line 5
9.
(C:\Users\kundai\AppData\Local\Programs\MiKTeX\tex/latex/lm\ot1lmr.fd
File: ot1lmr.fd 2015/05/01 v1.6.1 Font defs for Latin Modern
)
LaTeX Font Info:    Trying to load font information for OML+lmm on input line 5
9.

(C:\Users\kundai\AppData\Local\Programs\MiKTeX\tex/latex/lm\omllmm.fd
File: omllmm.fd 2015/05/01 v1.6.1 Font defs for Latin Modern
)
LaTeX Font Info:    Trying to load font information for OMS+lmsy on input line 
59.

(C:\Users\kundai\AppData\Local\Programs\MiKTeX\tex/latex/lm\omslmsy.fd
File: omslmsy.fd 2015/05/01 v1.6.1 Font defs for Latin Modern
)
LaTeX Font Info:    Trying to load font information for OMX+lmex on input line 
59.

(C:\Users\kundai\AppData\Local\Programs\MiKTeX\tex/latex/lm\omxlmex.fd
File: omxlmex.fd 2015/05/01 v1.6.1 Font defs for Latin Modern
)
LaTeX Font Info:    External font `lmex10' loaded for size
(Font)              <12> on input line 59.
LaTeX Font Info:    External font `lmex10' loaded for size
(Font)              <8> on input line 59.
LaTeX Font Info:    External font `lmex10' loaded for size
(Font)              <6> on input line 59.
LaTeX Font Info:    Trying to load font information for U+msa on input line 59.


(C:\Users\kundai\AppData\Local\Programs\MiKTeX\tex/latex/amsfonts\umsa.fd
File: umsa.fd 2013/01/14 v3.01 AMS symbols A
)
LaTeX Font Info:    Trying to load font information for U+msb on input line 59.


(C:\Users\kundai\AppData\Local\Programs\MiKTeX\tex/latex/amsfonts\umsb.fd
File: umsb.fd 2013/01/14 v3.01 AMS symbols B
)
LaTeX Font Info:    Trying to load font information for T1+lmtt on input line 5
9.

(C:\Users\kundai\AppData\Local\Programs\MiKTeX\tex/latex/lm\t1lmtt.fd
File: t1lmtt.fd 2015/05/01 v1.6.1 Font defs for Latin Modern
)
LaTeX Font Info:    External font `lmex10' loaded for size
(Font)              <10> on input line 61.
LaTeX Font Info:    External font `lmex10' loaded for size
(Font)              <7> on input line 61.
LaTeX Font Info:    External font `lmex10' loaded for size
(Font)              <5> on input line 61.

Overfull \hbox (2.97617pt too wide) in paragraph at lines 61--62
\T1/lmr/m/n/10 com-ple-tion in a bounded three-dimensional phase space, with so
-lu-tion equiv-a-lence to Poincaré
 []

[1

{C:/Users/kundai/AppData/Local/MiKTeX/fonts/map/pdftex/pdftex.map}{C:/Users/kun
dai/AppData/Local/Programs/MiKTeX/fonts/enc/dvips/lm/lm-ec.enc}{C:/Users/kundai
/AppData/Local/Programs/MiKTeX/fonts/enc/dvips/lm/lm-mathsy.enc}{C:/Users/kunda
i/AppData/Local/Programs/MiKTeX/fonts/enc/dvips/lm/lm-rm.enc}{C:/Users/kundai/A
ppData/Local/Programs/MiKTeX/fonts/enc/dvips/lm/lm-mathit.enc}]
(poincare-categorical-computing.toc
LaTeX Font Info:    External font `lmex10' loaded for size
(Font)              <10.95> on input line 3.
 [2])
\tf@toc=\write4
\openout4 = `poincare-categorical-computing.toc'.

 [3]
LaTeX Font Info:    Trying to load font information for TS1+lmr on input line 9
2.

(C:\Users\kundai\AppData\Local\Programs\MiKTeX\tex/latex/lm\ts1lmr.fd
File: ts1lmr.fd 2015/05/01 v1.6.1 Font defs for Latin Modern
) [4{C:/Users/kundai/AppData/Local/Programs/MiKTeX/fonts/enc/dvips/lm/lm-ts1.en
c}]

LaTeX Warning: Reference `sec:stellas' on page 5 undefined on input line 107.

[5] (sections/finite-space.tex [6]
<figures/phase_lock_mechanism_panel.png, id=498, 1132.23pt x 772.0845pt>
File: figures/phase_lock_mechanism_panel.png Graphic file (type png)
<use figures/phase_lock_mechanism_panel.png>
Package pdftex.def Info: figures/phase_lock_mechanism_panel.png  used on input 
line 76.
(pdftex.def)             Requested size: 452.9679pt x 308.88724pt.


LaTeX Warning: Reference `thm:entropy_network_duality' on page 7 undefined on i
nput line 83.


LaTeX Warning: Reference `thm:entropy_network_duality' on page 7 undefined on i
nput line 83.


LaTeX Warning: Float too large for page by 82.90971pt on input line 85.

[7{C:/Users/kundai/AppData/Local/Programs/MiKTeX/fonts/enc/dvips/lm/lm-mathex.e
nc}] [8 <./figures/phase_lock_mechanism_panel.png>] [9]
<figures/topology_categories_panel.png, id=539, 916.8654pt x 674.2791pt>
File: figures/topology_categories_panel.png Graphic file (type png)
<use figures/topology_categories_panel.png>
Package pdftex.def Info: figures/topology_categories_panel.png  used on input l
ine 172.
(pdftex.def)             Requested size: 452.9679pt x 333.12614pt.


LaTeX Warning: Reference `axiom:partial_order' on page 10 undefined on input li
ne 179.


LaTeX Warning: Reference `thm:asymptotic_slowing' on page 10 undefined on input
 line 179.


LaTeX Warning: Reference `axiom:partial_order' on page 10 undefined on input li
ne 179.


LaTeX Warning: Reference `thm:asymptotic_slowing' on page 10 undefined on input
 line 179.


LaTeX Warning: Float too large for page by 66.95695pt on input line 181.

[10] [11 <./figures/topology_categories_panel.png>])
(sections/initial-state.tex
Overfull \hbox (2.25926pt too wide) in paragraph at lines 14--16
[]\T1/lmr/bx/n/10.95 Definition 3.1 \T1/lmr/m/n/10.95 (Com-pu-ta-tional Prob-le
m)\T1/lmr/bx/n/10.95 . []\T1/lmr/m/n/10.95 A \T1/lmr/bx/n/10.95 com-pu-ta-tiona
l prob-lem \T1/lmr/m/n/10.95 is a tu-ple $\OML/lmm/m/it/10.95 P \OT1/lmr/m/n/10
.95 = (\OT1/lmr/bx/n/10.95 S[]\OML/lmm/m/it/10.95 ; \OMS/lmsy/m/n/10.95 C\OML/l
mm/m/it/10.95 ; ^^O\OT1/lmr/m/n/10.95 )$
 []

[12] [13]
<figures/phase_lock_network_panel.png, id=583, 1091.5179pt x 788.9475pt>
File: figures/phase_lock_network_panel.png Graphic file (type png)
<use figures/phase_lock_network_panel.png>
Package pdftex.def Info: figures/phase_lock_network_panel.png  used on input li
ne 58.
(pdftex.def)             Requested size: 452.9679pt x 327.4071pt.

! Dimension too large.
\@makecaption ...xa {#1: #2}\ifdim \wd \@tempboxa 
                                                  >\hsize #1: #2\par \else \...
l.67 ...etic foundation of categorical computing.}
                                                  
I can't work with sizes bigger than about 19 feet.
Continue and I'll use the largest value I can.


LaTeX Warning: Float too large for page by 143.29845pt on input line 69.


Overfull \hbox (23.75339pt too wide) in paragraph at lines 73--74
[]\T1/lmr/bx/n/10.95 Definition 3.3 \T1/lmr/m/n/10.95 (Tra-jec-tory Con-straint
s)\T1/lmr/bx/n/10.95 . []\T1/lmr/m/n/10.95 A \T1/lmr/bx/n/10.95 tra-jec-tory co
n-straint \T1/lmr/m/n/10.95 is a pred-i-cate $\OML/lmm/m/it/10.95 c[] \OT1/lmr/
m/n/10.95 : \OML/lmm/m/it/10.95 C\OT1/lmr/m/n/10.95 ([0\OML/lmm/m/it/10.95 ; T\
OT1/lmr/m/n/10.95 ]\OML/lmm/m/it/10.95 ; \OMS/lmsy/m/n/10.95 S\OT1/lmr/m/n/10.9
5 ) \OMS/lmsy/m/n/10.95 !
 []

[14] [15 <./figures/phase_lock_network_panel.png>] [16]
<figures/panel_hardware_pipeline.png, id=620, 895.1844pt x 671.8701pt>
File: figures/panel_hardware_pipeline.png Graphic file (type png)
<use figures/panel_hardware_pipeline.png>
Package pdftex.def Info: figures/panel_hardware_pipeline.png  used on input lin
e 175.
(pdftex.def)             Requested size: 452.9679pt x 339.97346pt.


LaTeX Warning: Reference `thm:hardware_se_mapping' on page 17 undefined on inpu
t line 182.


LaTeX Warning: Reference `thm:creation_rate_bounds' on page 17 undefined on inp
ut line 182.


LaTeX Warning: Reference `thm:hardware_se_mapping' on page 17 undefined on inpu
t line 182.


LaTeX Warning: Reference `thm:creation_rate_bounds' on page 17 undefined on inp
ut line 182.


LaTeX Warning: Float too large for page by 31.90926pt on input line 184.

[17] [18 <./figures/panel_hardware_pipeline.png>])
(sections/virtual-instrument.tex
Overfull \hbox (5.1328pt too wide) in paragraph at lines 229--1
[]\T1/lmr/m/n/10.95 This sec-tion has es-tab-lished the math-e-mat-i-cal frame-
work for prob-lem spec-i-fi-ca-tion in Poincaré
 []

[19]
<figures/instrument_suite_panel.png, id=652, 1065.2598pt x 894.2208pt>
File: figures/instrument_suite_panel.png Graphic file (type png)
<use figures/instrument_suite_panel.png>
Package pdftex.def Info: figures/instrument_suite_panel.png  used on input line
 12.
(pdftex.def)             Requested size: 452.9679pt x 380.23666pt.


LaTeX Warning: Float too large for page by 99.85912pt on input line 22.

[20] [21 <./figures/instrument_suite_panel.png>] [22] [23]
<figures/panel_ensemble_hardware_mapping.png, id=691, 962.1546pt x 800.7516pt>
File: figures/panel_ensemble_hardware_mapping.png Graphic file (type png)
<use figures/panel_ensemble_hardware_mapping.png>
Package pdftex.def Info: figures/panel_ensemble_hardware_mapping.png  used on i
nput line 137.
(pdftex.def)             Requested size: 452.9679pt x 376.98866pt.


LaTeX Warning: Reference `thm:hardware_se_mapping' on page 24 undefined on inpu
t line 144.


LaTeX Warning: Reference `thm:hardware_se_mapping' on page 24 undefined on inpu
t line 144.

[24] [25 <./figures/panel_ensemble_hardware_mapping.png>]
Overfull \hbox (5.16437pt too wide) in paragraph at lines 217--218
[]\T1/lmr/m/n/10.95 All el-e-men-tary math-e-mat-i-cal func-tions (arith-metic,
 trigono-met-ric, hy-per-bolic, ab-so-lute value)
 []

[26]
<figures/categorical_memory_panel.png, id=723, 910.602pt x 768.9528pt>
File: figures/categorical_memory_panel.png Graphic file (type png)
<use figures/categorical_memory_panel.png>
Package pdftex.def Info: figures/categorical_memory_panel.png  used on input li
ne 271.
(pdftex.def)             Requested size: 452.9679pt x 382.50427pt.


LaTeX Warning: Reference `sec:categorical_memory' on page 27 undefined on input
 line 278.


LaTeX Warning: Reference `sec:categorical_memory' on page 27 undefined on input
 line 278.


LaTeX Warning: Float too large for page by 47.7267pt on input line 280.

[27] [28 <./figures/categorical_memory_panel.png>])
(sections/categorical-dynamics.tex [29]
<figures/panel_navigation.png, id=760, 915.6609pt x 672.111pt>
File: figures/panel_navigation.png Graphic file (type png)
<use figures/panel_navigation.png>
Package pdftex.def Info: figures/panel_navigation.png  used on input line 52.
(pdftex.def)             Requested size: 452.9679pt x 332.48572pt.


LaTeX Warning: Reference `thm:distance_irrelevance' on page 30 undefined on inp
ut line 59.


LaTeX Warning: Command \textdegree invalid in math mode on input line 59.


LaTeX Warning: Command \textdegree invalid in math mode on input line 59.


LaTeX Warning: Command \textdegree invalid in math mode on input line 59.


LaTeX Warning: Command \textdegree invalid in math mode on input line 59.


LaTeX Warning: Command \textdegree invalid in math mode on input line 59.


LaTeX Warning: Command \textdegree invalid in math mode on input line 59.


LaTeX Warning: Command \textdegree invalid in math mode on input line 59.


LaTeX Warning: Command \textdegree invalid in math mode on input line 59.


LaTeX Warning: Reference `thm:distance_irrelevance' on page 30 undefined on inp
ut line 59.


LaTeX Warning: Command \textdegree invalid in math mode on input line 59.


LaTeX Warning: Command \textdegree invalid in math mode on input line 59.


LaTeX Warning: Command \textdegree invalid in math mode on input line 59.


LaTeX Warning: Command \textdegree invalid in math mode on input line 59.


LaTeX Warning: Command \textdegree invalid in math mode on input line 59.


LaTeX Warning: Command \textdegree invalid in math mode on input line 59.


LaTeX Warning: Command \textdegree invalid in math mode on input line 59.


LaTeX Warning: Command \textdegree invalid in math mode on input line 59.


LaTeX Warning: Float too large for page by 52.10817pt on input line 61.

[30] [31 <./figures/panel_navigation.png>] [32] [33] [34]
<figures/panel_harmonic.png, id=827, 907.2294pt x 671.8701pt>
File: figures/panel_harmonic.png Graphic file (type png)
<use figures/panel_harmonic.png>
Package pdftex.def Info: figures/panel_harmonic.png  used on input line 241.
(pdftex.def)             Requested size: 452.9679pt x 335.45238pt.


LaTeX Warning: Reference `thm:harmonic_solution_paths' on page 35 undefined on 
input line 248.


LaTeX Warning: Command \textdegree invalid in math mode on input line 248.


LaTeX Warning: Command \textdegree invalid in math mode on input line 248.


LaTeX Warning: Command \textdegree invalid in math mode on input line 248.


LaTeX Warning: Command \textdegree invalid in math mode on input line 248.


LaTeX Warning: Command \textdegree invalid in math mode on input line 248.


LaTeX Warning: Command \textdegree invalid in math mode on input line 248.


LaTeX Warning: Command \textdegree invalid in math mode on input line 248.


LaTeX Warning: Command \textdegree invalid in math mode on input line 248.


LaTeX Warning: Command \textdegree invalid in math mode on input line 248.


LaTeX Warning: Command \textdegree invalid in math mode on input line 248.


LaTeX Warning: Command \textdegree invalid in math mode on input line 248.


LaTeX Warning: Command \textdegree invalid in math mode on input line 248.


LaTeX Warning: Reference `thm:harmonic_solution_paths' on page 35 undefined on 
input line 248.


LaTeX Warning: Command \textdegree invalid in math mode on input line 248.


LaTeX Warning: Command \textdegree invalid in math mode on input line 248.


LaTeX Warning: Command \textdegree invalid in math mode on input line 248.


LaTeX Warning: Command \textdegree invalid in math mode on input line 248.


LaTeX Warning: Command \textdegree invalid in math mode on input line 248.


LaTeX Warning: Command \textdegree invalid in math mode on input line 248.


LaTeX Warning: Command \textdegree invalid in math mode on input line 248.


LaTeX Warning: Command \textdegree invalid in math mode on input line 248.


LaTeX Warning: Command \textdegree invalid in math mode on input line 248.


LaTeX Warning: Command \textdegree invalid in math mode on input line 248.


LaTeX Warning: Command \textdegree invalid in math mode on input line 248.


LaTeX Warning: Command \textdegree invalid in math mode on input line 248.


LaTeX Warning: Float too large for page by 14.27481pt on input line 250.

[35] [36 <./figures/panel_harmonic.png>] [37])
(sections/solution-trajectory.tex
<figures/panel_thermodynamics.png, id=887, 893.739pt x 672.111pt>
File: figures/panel_thermodynamics.png Graphic file (type png)
<use figures/panel_thermodynamics.png>
Package pdftex.def Info: figures/panel_thermodynamics.png  used on input line 1
2.
(pdftex.def)             Requested size: 452.9679pt x 340.6389pt.


LaTeX Warning: Float too large for page by 46.66135pt on input line 21.

[38] [39 <./figures/panel_thermodynamics.png>] [40] [41] [42]
<figures/catalytic_programming_panel.png, id=956, 1055.142pt x 944.8098pt>
File: figures/catalytic_programming_panel.png Graphic file (type png)
<use figures/catalytic_programming_panel.png>
Package pdftex.def Info: figures/catalytic_programming_panel.png  used on input
 line 225.
(pdftex.def)             Requested size: 452.9679pt x 405.59714pt.

! Dimension too large.
\@makecaption ...xa {#1: #2}\ifdim \wd \@tempboxa 
                                                  >\hsize #1: #2\par \else \...
l.234 ...programs that must restart from scratch.}
                                                  
I can't work with sizes bigger than about 19 feet.
Continue and I'll use the largest value I can.


LaTeX Warning: Float too large for page by 397.21971pt on input line 236.

[43] [44 <./figures/catalytic_programming_panel.png>] [45])
(sections/identity-unification.tex [46] [47]
Overfull \hbox (0.52043pt too wide) in paragraph at lines 30--31
\T1/lmr/m/n/10.95 per co-or-di-nate and $\OT1/lmr/m/n/10.95 3[] = 729$ \T1/lmr/
m/n/10.95 to-tal ad-dresses), con-sider the cat-e-gor-i-cal state $\OT1/lmr/bx/
n/10.95 S \OT1/lmr/m/n/10.95 = (0\OML/lmm/m/it/10.95 :\OT1/lmr/m/n/10.95 35\OML
/lmm/m/it/10.95 ; \OT1/lmr/m/n/10.95 0\OML/lmm/m/it/10.95 :\OT1/lmr/m/n/10.95 6
7\OML/lmm/m/it/10.95 ; \OT1/lmr/m/n/10.95 0\OML/lmm/m/it/10.95 :\OT1/lmr/m/n/10
.95 89)$\T1/lmr/m/n/10.95 .
 []

[48]
<figures/processor_benchmark_energy.png, id=1049, 974.4405pt x 803.1606pt>
File: figures/processor_benchmark_energy.png Graphic file (type png)
<use figures/processor_benchmark_energy.png>
Package pdftex.def Info: figures/processor_benchmark_energy.png  used on input 
line 82.
(pdftex.def)             Requested size: 452.9679pt x 373.34326pt.


LaTeX Warning: Reference `thm:complexity_independence' on page 49 undefined on 
input line 89.


LaTeX Warning: Reference `thm:complexity_independence' on page 49 undefined on 
input line 89.


LaTeX Warning: Float too large for page by 161.5741pt on input line 91.


Overfull \hbox (0.12817pt too wide) in paragraph at lines 135--137
\T1/lmr/m/n/10.95 where the mod-ulo op-er-a-tion en-sures $\OML/lmm/m/it/10.95 
^^^ \OMS/lmsy/m/n/10.95 2 \OT1/lmr/m/n/10.95 [0\OML/lmm/m/it/10.95 ; \OT1/lmr/m
/n/10.95 2\OML/lmm/m/it/10.95 ^^Y\OT1/lmr/m/n/10.95 )$\T1/lmr/m/n/10.95 . There
-fore, $\OML/lmm/m/it/10.95 ^^Y[]\OT1/lmr/m/n/10.95 (\OT1/lmr/bx/n/10.95 S\OT1/
lmr/m/n/10.95 ) = (\OML/lmm/m/it/10.95 ![]; ![]; ![]; ^^^\OT1/lmr/m/n/10.95 ) \
OMS/lmsy/m/n/10.95 2 \OT1/lmr/m/n/10.95 [0\OML/lmm/m/it/10.95 ; ![]\OT1/lmr/m/n
/10.95 ][] \OMS/lmsy/m/n/10.95 ^^B
 []

[49] [50 <./figures/processor_benchmark_energy.png>] [51]
<figures/panel_unified_ensemble.png, id=1089, 910.602pt x 1276.2882pt>
File: figures/panel_unified_ensemble.png Graphic file (type png)
<use figures/panel_unified_ensemble.png>
Package pdftex.def Info: figures/panel_unified_ensemble.png  used on input line
 232.
(pdftex.def)             Requested size: 452.9679pt x 634.8708pt.


LaTeX Warning: Float too large for page by 381.69327pt on input line 240.

[52] [53 <./figures/panel_unified_ensemble.png>] [54] [55]

Package natbib Warning: Citation `harvard1944mark' on page 56 undefined on inpu
t line 355.


Package natbib Warning: Citation `horowitz2014energy' on page 56 undefined on i
nput line 360.


Package natbib Warning: Citation `horowitz2014energy' on page 56 undefined on i
nput line 371.

) (sections/poincares-machine-completeness.tex [56] [57] [58]
<figures/unified_category_panel.png, id=1171, 938.0646pt x 842.9091pt>
File: figures/unified_category_panel.png Graphic file (type png)
<use figures/unified_category_panel.png>
Package pdftex.def Info: figures/unified_category_panel.png  used on input line
 71.
(pdftex.def)             Requested size: 452.9679pt x 407.02264pt.


LaTeX Warning: Command \textdegree invalid in math mode on input line 78.


LaTeX Warning: Command \textdegree invalid in math mode on input line 78.


LaTeX Warning: Command \textdegree invalid in math mode on input line 78.


LaTeX Warning: Command \textdegree invalid in math mode on input line 78.


LaTeX Warning: Command \textdegree invalid in math mode on input line 78.


LaTeX Warning: Command \textdegree invalid in math mode on input line 78.


LaTeX Warning: Command \textdegree invalid in math mode on input line 78.


LaTeX Warning: Command \textdegree invalid in math mode on input line 78.


LaTeX Warning: Command \textdegree invalid in math mode on input line 78.


LaTeX Warning: Command \textdegree invalid in math mode on input line 78.


LaTeX Warning: Reference `thm:poincare_recurrence_formal' on page 59 undefined 
on input line 78.


LaTeX Warning: Command \textdegree invalid in math mode on input line 78.


LaTeX Warning: Command \textdegree invalid in math mode on input line 78.


LaTeX Warning: Command \textdegree invalid in math mode on input line 78.


LaTeX Warning: Command \textdegree invalid in math mode on input line 78.


LaTeX Warning: Command \textdegree invalid in math mode on input line 78.


LaTeX Warning: Command \textdegree invalid in math mode on input line 78.


LaTeX Warning: Command \textdegree invalid in math mode on input line 78.


LaTeX Warning: Command \textdegree invalid in math mode on input line 78.


LaTeX Warning: Command \textdegree invalid in math mode on input line 78.


LaTeX Warning: Command \textdegree invalid in math mode on input line 78.


LaTeX Warning: Reference `thm:poincare_recurrence_formal' on page 59 undefined 
on input line 78.


LaTeX Warning: Float too large for page by 113.65344pt on input line 80.

[59] [60 <./figures/unified_category_panel.png>] [61] [62] [63]
<figures/categorical_computer_panel.png, id=1222, 951.7959pt x 834.7185pt>
File: figures/categorical_computer_panel.png Graphic file (type png)
<use figures/categorical_computer_panel.png>
Package pdftex.def Info: figures/categorical_computer_panel.png  used on input 
line 269.
(pdftex.def)             Requested size: 452.9679pt x 397.24687pt.


LaTeX Warning: Reference `thm:complexity_independence' on page 64 undefined on 
input line 276.


LaTeX Warning: Reference `thm:complexity_independence' on page 64 undefined on 
input line 276.


LaTeX Warning: Float too large for page by 62.4693pt on input line 278.

[64] [65 <./figures/categorical_computer_panel.png>]
Overfull \hbox (6.21599pt too wide) in paragraph at lines 357--358
[]\T1/lmr/bx/n/10.95 Theorem 8.8 \T1/lmr/m/n/10.95 (Poincaré Tra-jec-tory Com-p
lete-ness)\T1/lmr/bx/n/10.95 . []\T1/lmr/m/it/10.95 The cat-e-gor-i-cal dy-nam-
ics on $\OMS/lmsy/m/n/10.95 S$ \T1/lmr/m/it/10.95 with measure-
 []

[66] [67]
<figures/processor_benchmark_performance.png, id=1266, 956.8548pt x 803.4015pt>

File: figures/processor_benchmark_performance.png Graphic file (type png)
<use figures/processor_benchmark_performance.png>
Package pdftex.def Info: figures/processor_benchmark_performance.png  used on i
nput line 425.
(pdftex.def)             Requested size: 452.9679pt x 380.32024pt.


LaTeX Warning: Float too large for page by 86.95103pt on input line 434.

[68] [69 <./figures/processor_benchmark_performance.png>])
(sections/complexity.tex

Package natbib Warning: Citation `arora2009computational' on page 70 undefined 
on input line 4.

[70] [71]
Overfull \hbox (2.97508pt too wide) in paragraph at lines 59--60
[]\T1/lmr/m/n/10.95 Since these met-rics mea-sure non-existent prop-er-ties, th
ey can-not be used to com-pare Poincaré
 []

[72]
Overfull \hbox (0.76486pt too wide) in paragraph at lines 146--147
\T1/lmr/m/n/10.95 the tra-jec-tory as a com-pu-ta-tional pro-cess. This means t
hat the se-man-tic la-bels $\OT1/lmr/m/n/10.95 (\OML/lmm/m/it/10.95 ^^[[]; [] ;
 ^^[[]\OT1/lmr/m/n/10.95 )$
 []

[73] [74] [75] [76]
Overfull \hbox (3.75333pt too wide) in paragraph at lines 326--327
[]\T1/lmr/bx/n/10.95 Corollary 9.9 \T1/lmr/m/n/10.95 (Phys-i-cal Im-ple-men-ta-
tion In-vari-ance)\T1/lmr/bx/n/10.95 . []\T1/lmr/m/it/10.95 Two phys-i-cal im-p
le-men-ta-tions of Poincaré
 []

[77]
<figures/complexity_panel.png, id=1390, 841.7046pt x 670.6656pt>
File: figures/complexity_panel.png Graphic file (type png)
<use figures/complexity_panel.png>
Package pdftex.def Info: figures/complexity_panel.png  used on input line 384.
(pdftex.def)             Requested size: 452.9679pt x 360.92601pt.


LaTeX Warning: Reference `thm:poincare_complexity' on page 78 undefined on inpu
t line 391.


LaTeX Warning: Reference `thm:completion_rate_bounds' on page 78 undefined on i
nput line 391.


LaTeX Warning: Reference `thm:s0_unknowability' on page 78 undefined on input l
ine 391.


LaTeX Warning: Command \textdegree invalid in math mode on input line 391.


LaTeX Warning: Command \textdegree invalid in math mode on input line 391.


LaTeX Warning: Command \textdegree invalid in math mode on input line 391.


LaTeX Warning: Command \textdegree invalid in math mode on input line 391.


LaTeX Warning: Command \textdegree invalid in math mode on input line 391.


LaTeX Warning: Command \textdegree invalid in math mode on input line 391.


LaTeX Warning: Reference `thm:complexity_incommensurability' on page 78 undefin
ed on input line 391.


LaTeX Warning: Reference `thm:poincare_complexity' on page 78 undefined on inpu
t line 391.


LaTeX Warning: Reference `thm:completion_rate_bounds' on page 78 undefined on i
nput line 391.


LaTeX Warning: Reference `thm:s0_unknowability' on page 78 undefined on input l
ine 391.


LaTeX Warning: Command \textdegree invalid in math mode on input line 391.


LaTeX Warning: Command \textdegree invalid in math mode on input line 391.


LaTeX Warning: Command \textdegree invalid in math mode on input line 391.


LaTeX Warning: Command \textdegree invalid in math mode on input line 391.


LaTeX Warning: Command \textdegree invalid in math mode on input line 391.


LaTeX Warning: Command \textdegree invalid in math mode on input line 391.


LaTeX Warning: Reference `thm:complexity_incommensurability' on page 78 undefin
ed on input line 391.


LaTeX Warning: Float too large for page by 40.3568pt on input line 393.

[78] [79 <./figures/complexity_panel.png>]
Overfull \hbox (5.30609pt too wide) in paragraph at lines 484--499
 [][] 
 []

[80] [81]
Overfull \hbox (2.56024pt too wide) in paragraph at lines 550--551
[]\T1/lmr/bx/n/10.95 Corollary 9.15 \T1/lmr/m/n/10.95 (Asyn-chronous Com-pu-ta-
tion)\T1/lmr/bx/n/10.95 . []\T1/lmr/m/it/10.95 Poincaré Com-put-ing is in-her-e
ntly asyn-chronous.
 []

[82]) (sections/exhaustive-computing.tex [83]
<figures/panel_ensemble_sliding_window.png, id=1480, 808.4604pt x 1136.0844pt>
File: figures/panel_ensemble_sliding_window.png Graphic file (type png)
<use figures/panel_ensemble_sliding_window.png>
Package pdftex.def Info: figures/panel_ensemble_sliding_window.png  used on inp
ut line 67.
(pdftex.def)             Requested size: 452.9679pt x 636.5323pt.


LaTeX Warning: Float too large for page by 274.55472pt on input line 76.

[84] [85 <./figures/panel_ensemble_sliding_window.png>]
Overfull \hbox (13.27553pt too wide) in paragraph at lines 107--108
[]\T1/lmr/bx/n/10.95 Proposition 10.3 \T1/lmr/m/n/10.95 (Mem-ory Mono-tonic-ity
)\T1/lmr/bx/n/10.95 . []\T1/lmr/m/it/10.95 Ex-plo-ration mem-ory is mono-ton-i-
cally non-decreasing:
 []

[86] [87] [88]
Overfull \hbox (92.85202pt too wide) detected at line 270
[][][]\OT1/lmr/m/n/10.95 ^^E(\OML/lmm/m/it/10.95 P \OMS/lmsy/m/n/10.95 j M\OT1/
lmr/m/n/10.95 (\OML/lmm/m/it/10.95 T[]\OT1/lmr/m/n/10.95 )) = []\OMS/lmsy/m/n/1
0.95 f[]M\OT1/lmr/m/n/10.95 (\OML/lmm/m/it/10.95 T[]\OT1/lmr/m/n/10.95 )\OMS/lm
sy/m/n/10.95 g ^^T []f[]M\OT1/lmr/m/n/10.95 (\OML/lmm/m/it/10.95 T[]\OT1/lmr/m/
n/10.95 )\OMS/lmsy/m/n/10.95 g \OT1/lmr/m/n/10.95 = ^^E(\OML/lmm/m/it/10.95 P \
OMS/lmsy/m/n/10.95 j M\OT1/lmr/m/n/10.95 (\OML/lmm/m/it/10.95 T[]\OT1/lmr/m/n/1
0.95 ))
 []

<figures/exhaustive_computing_panel.png, id=1551, 845.559pt x 670.6656pt>
File: figures/exhaustive_computing_panel.png Graphic file (type png)
<use figures/exhaustive_computing_panel.png>
Package pdftex.def Info: figures/exhaustive_computing_panel.png  used on input 
line 286.
(pdftex.def)             Requested size: 452.9679pt x 359.27841pt.
[89] [90 <./figures/exhaustive_computing_panel.png>]
Overfull \hbox (27.93733pt too wide) in paragraph at lines 344--345
[]\T1/lmr/bx/n/10.95 Corollary 10.10 \T1/lmr/m/n/10.95 (Pro-gres-sive Re-fine-m
ent)\T1/lmr/bx/n/10.95 . []\T1/lmr/m/it/10.95 A se-quence of in-creas-ingly re-
lated prob-lems $\OML/lmm/m/it/10.95 P[]; P[]; [] ; P[]$
 []

[91] [92] [93]
Overfull \hbox (30.62138pt too wide) in paragraph at lines 516--517
[]\T1/lmr/bx/n/10.95 Definition 10.8 \T1/lmr/m/n/10.95 (Re-search Pro-to-col)\T
1/lmr/bx/n/10.95 . []\T1/lmr/m/n/10.95 A \T1/lmr/bx/n/10.95 re-search pro-to-co
l \T1/lmr/m/n/10.95 is a se-quence of prob-lems $\OT1/lmr/m/n/10.95 (\OML/lmm/m
/it/10.95 P[]; P[]; [] ; P[]\OT1/lmr/m/n/10.95 )$
 []

[94]
Overfull \hbox (18.4188pt too wide) in paragraph at lines 612--625
 [][] 
 []

[95]
Overfull \hbox (4.61768pt too wide) in paragraph at lines 655--656
[]\T1/lmr/m/n/10.95 Each prop-erty is a di-rect con-se-quence of the non-haltin
g dy-nam-ics (The-o-rem []10.1[]), trajectory-
 []

[96]) (sections/st-stellas-thermodynamics.tex

! Package enumitem Error: (i) undefined.

See the enumitem package documentation for explanation.
Type  H <return>  for immediate help.
 ...                                              
                                                  
l.23 \begin{enumerate}[(i)]
                           
Try typing  <return>  to proceed.
If that doesn't work, type  X <return>  to quit.

[97]
<figures/panel_s_space.png, id=1698, 894.9435pt x 672.111pt>
File: figures/panel_s_space.png Graphic file (type png)
<use figures/panel_s_space.png>
Package pdftex.def Info: figures/panel_s_space.png  used on input line 85.
(pdftex.def)             Requested size: 452.9679pt x 340.1774pt.


LaTeX Warning: Command \textdegree invalid in math mode on input line 92.


LaTeX Warning: Command \textdegree invalid in math mode on input line 92.


LaTeX Warning: Command \textdegree invalid in math mode on input line 92.


LaTeX Warning: Command \textdegree invalid in math mode on input line 92.


LaTeX Warning: Float too large for page by 50.34996pt on input line 94.

[98] [99 <./figures/panel_s_space.png>] [100] [101]

Package natbib Warning: Citation `steenrod1951topology' on page 102 undefined o
n input line 275.

[102]
Overfull \hbox (11.09174pt too wide) in paragraph at lines 303--304
[]\T1/lmr/bx/n/10.95 Horizontal rich-ness $[] \OML/lmm/m/it/10.95 ^^N[]\OT1/lmr
/m/n/10.95 (\OML/lmm/m/it/10.95 C\OT1/lmr/m/n/10.95 )$\T1/lmr/m/n/10.95 : How m
any mi-crostates cor-re-spond to the same macrostate?
 []

[103]

! Package enumitem Error: (i) undefined.

See the enumitem package documentation for explanation.
Type  H <return>  for immediate help.
 ...                                              
                                                  
l.363 \begin{enumerate}[(i)]
                            
Try typing  <return>  to proceed.
If that doesn't work, type  X <return>  to quit.

[104]

! Package enumitem Error: (i) undefined.

See the enumitem package documentation for explanation.
Type  H <return>  for immediate help.
 ...                                              
                                                  
l.409 \begin{enumerate}[(i)]
                            
Try typing  <return>  to proceed.
If that doesn't work, type  X <return>  to quit.

[105]
Overfull \hbox (5.65898pt too wide) in paragraph at lines 465--466
[]\T1/lmr/bx/n/10.95 Definition 11.13 \T1/lmr/m/n/10.95 (S-Dis-tance De-com-po-
si-tion)\T1/lmr/bx/n/10.95 . []\T1/lmr/m/n/10.95 The full S-distance de-com-pos
es as a Pythagorean
 []

[106]
<figures/st_stellas_panel.png, id=1826, 834.9594pt x 670.6656pt>
File: figures/st_stellas_panel.png Graphic file (type png)
<use figures/st_stellas_panel.png>
Package pdftex.def Info: figures/st_stellas_panel.png  used on input line 585.
(pdftex.def)             Requested size: 452.9679pt x 363.84256pt.


LaTeX Warning: Reference `thm:miraculous_solutions' on page 107 undefined on in
put line 592.


LaTeX Warning: Reference `thm:processor_oscillator_duality' on page 107 undefin
ed on input line 592.


LaTeX Warning: Reference `thm:unified_identity' on page 107 undefined on input 
line 592.


LaTeX Warning: Reference `thm:scale_ambiguity' on page 107 undefined on input l
ine 592.


LaTeX Warning: Reference `thm:operational_equivalence' on page 107 undefined on
 input line 592.

! Dimension too large.
\@makecaption ...xa {#1: #2}\ifdim \wd \@tempboxa 
                                                  >\hsize #1: #2\par \else \...
l.592 ...ations are not analogies but identities.}
                                                  
I can't work with sizes bigger than about 19 feet.
Continue and I'll use the largest value I can.


LaTeX Warning: Reference `thm:miraculous_solutions' on page 107 undefined on in
put line 592.


LaTeX Warning: Reference `thm:processor_oscillator_duality' on page 107 undefin
ed on input line 592.


LaTeX Warning: Reference `thm:unified_identity' on page 107 undefined on input 
line 592.


LaTeX Warning: Reference `thm:scale_ambiguity' on page 107 undefined on input l
ine 592.


LaTeX Warning: Reference `thm:operational_equivalence' on page 107 undefined on
 input line 592.


LaTeX Warning: Float too large for page by 178.66505pt on input line 594.

[107]

! Package enumitem Error: (i) undefined.

See the enumitem package documentation for explanation.
Type  H <return>  for immediate help.
 ...                                              
                                                  
l.603 \begin{enumerate}[(i)]
                            
Try typing  <return>  to proceed.
If that doesn't work, type  X <return>  to quit.

[108] [109 <./figures/st_stellas_panel.png>] [110]

! Package enumitem Error: (i) undefined.

See the enumitem package documentation for explanation.
Type  H <return>  for immediate help.
 ...                                              
                                                  
l.712 \begin{enumerate}[(i)]
                            
Try typing  <return>  to proceed.
If that doesn't work, type  X <return>  to quit.


LaTeX Warning: Reference `def:solution_trajectory' on page 111 undefined on inp
ut line 757.

[111]) (sections/categorical-compiler.tex [112]

LaTeX Warning: Reference `sec:encoding' on page 113 undefined on input line 26.



! Package enumitem Error: (i) undefined.

See the enumitem package documentation for explanation.
Type  H <return>  for immediate help.
 ...                                              
                                                  
l.31 \begin{enumerate}[(i)]
                           
Try typing  <return>  to proceed.
If that doesn't work, type  X <return>  to quit.


Overfull \hbox (6.67189pt too wide) in paragraph at lines 30--31
[]\T1/lmr/bx/n/10.95 Theorem 12.1 \T1/lmr/m/n/10.95 (Con-cur-rent Bidi-rec-tion
al Op-er-a-tion)\T1/lmr/bx/n/10.95 . []\T1/lmr/m/it/10.95 The cat-e-gor-i-cal c
om-piler does not compile-
 []

[113]
Overfull \hbox (6.49905pt too wide) in paragraph at lines 79--80
[]\T1/lmr/m/it/10.95 Remark \T1/lmr/m/n/10.95 12.1 (Non-Halt-ing Con-ver-gence)
\T1/lmr/m/it/10.95 . []\T1/lmr/m/n/10.95 The con-ver-gence de-tec-tor does not 
stop the dynamics---
 []


Overfull \hbox (1.56268pt too wide) in paragraph at lines 88--89
[]\T1/lmr/bx/n/10.95 Theorem 12.2 \T1/lmr/m/n/10.95 (Asymp-totic So-lu-tion The
-o-rem)\T1/lmr/bx/n/10.95 . []\T1/lmr/m/it/10.95 Due to cat-e-gor-i-cal ir-re-v
ersibil-ity (Ax-iom []11.1[]),
 []

[114]

! Package enumitem Error: (i) undefined.

See the enumitem package documentation for explanation.
Type  H <return>  for immediate help.
 ...                                              
                                                  
l.170 \begin{enumerate}[(i)]
                            
Try typing  <return>  to proceed.
If that doesn't work, type  X <return>  to quit.

[115]

! Package enumitem Error: (i) undefined.

See the enumitem package documentation for explanation.
Type  H <return>  for immediate help.
 ...                                              
                                                  
l.203 \begin{enumerate}[(i)]
                            
Try typing  <return>  to proceed.
If that doesn't work, type  X <return>  to quit.

[116] [117]
<figures/categorical_compiler_panel.png, id=1988, 846.2817pt x 670.6656pt>
File: figures/categorical_compiler_panel.png Graphic file (type png)
<use figures/categorical_compiler_panel.png>
Package pdftex.def Info: figures/categorical_compiler_panel.png  used on input 
line 315.
(pdftex.def)             Requested size: 452.9679pt x 358.98163pt.


! Package enumitem Error: (i) undefined.

See the enumitem package documentation for explanation.
Type  H <return>  for immediate help.
 ...                                              
                                                  
l.339 \begin{enumerate}[(i)]
                            
Try typing  <return>  to proceed.
If that doesn't work, type  X <return>  to quit.

[118] [119 <./figures/categorical_compiler_panel.png>]

! Package enumitem Error: (i) undefined.

See the enumitem package documentation for explanation.
Type  H <return>  for immediate help.
 ...                                              
                                                  
l.381 \begin{enumerate}[(i)]
                            
Try typing  <return>  to proceed.
If that doesn't work, type  X <return>  to quit.

[120]
Overfull \hbox (16.87137pt too wide) in paragraph at lines 411--412
[]\T1/lmr/m/it/10.95 Remark \T1/lmr/m/n/10.95 12.4 (Com-par-i-son to Nu-mer-i-c
al Com-pu-ta-tion)\T1/lmr/m/it/10.95 . []\T1/lmr/m/n/10.95 In nu-mer-i-cal com-
pu-ta-tion, $\OML/lmm/m/it/10.95 ^^O$\T1/lmr/m/n/10.95 -approximation
 []

[121]) [122]

LaTeX Warning: Reference `sec:stellas' on page 123 undefined on input line 145.


[123] (poincare-categorical-computing.bbl [124])

Package natbib Warning: There were undefined citations.

[125] (poincare-categorical-computing.aux)
 ***********
LaTeX2e <2023-11-01> patch level 1
L3 programming layer <2024-01-04>
 ***********


LaTeX Warning: There were undefined references.


LaTeX Warning: There were multiply-defined labels.

Package rerunfilecheck Info: File `poincare-categorical-computing.out' has not 
changed.
(rerunfilecheck)             Checksum: 66551A474D1F56031995413859C62391;18116.
 ) 
Here is how much of TeX's memory you used:
 20509 strings out of 474486
 404732 string characters out of 5743283
 1949542 words of memory out of 5000000
 41633 multiletter control sequences out of 15000+600000
 665089 words of font info for 101 fonts, out of 8000000 for 9000
 1141 hyphenation exceptions out of 8191
 79i,14n,93p,4923b,1382s stack positions out of 10000i,1000n,20000p,200000b,200000s
<C:/Users/kundai/AppData/Local/Programs/MiKTeX/fonts/type1/public/lm/lmbx10.p
fb><C:/Users/kundai/AppData/Local/Programs/MiKTeX/fonts/type1/public/lm/lmbx12.
pfb><C:/Users/kundai/AppData/Local/Programs/MiKTeX/fonts/type1/public/lm/lmbx8.
pfb><C:/Users/kundai/AppData/Local/Programs/MiKTeX/fonts/type1/public/lm/lmbxi1
0.pfb><C:/Users/kundai/AppData/Local/Programs/MiKTeX/fonts/type1/public/lm/lmex
10.pfb><C:/Users/kundai/AppData/Local/Programs/MiKTeX/fonts/type1/public/lm/lmm
i10.pfb><C:/Users/kundai/AppData/Local/Programs/MiKTeX/fonts/type1/public/lm/lm
mi6.pfb><C:/Users/kundai/AppData/Local/Programs/MiKTeX/fonts/type1/public/lm/lm
mi7.pfb><C:/Users/kundai/AppData/Local/Programs/MiKTeX/fonts/type1/public/lm/lm
mi8.pfb><C:/Users/kundai/AppData/Local/Programs/MiKTeX/fonts/type1/public/lm/lm
r10.pfb><C:/Users/kundai/AppData/Local/Programs/MiKTeX/fonts/type1/public/lm/lm
r12.pfb><C:/Users/kundai/AppData/Local/Programs/MiKTeX/fonts/type1/public/lm/lm
r6.pfb><C:/Users/kundai/AppData/Local/Programs/MiKTeX/fonts/type1/public/lm/lmr
7.pfb><C:/Users/kundai/AppData/Local/Programs/MiKTeX/fonts/type1/public/lm/lmr8
.pfb><C:/Users/kundai/AppData/Local/Programs/MiKTeX/fonts/type1/public/lm/lmri1
0.pfb><C:/Users/kundai/AppData/Local/Programs/MiKTeX/fonts/type1/public/lm/lmri
8.pfb><C:/Users/kundai/AppData/Local/Programs/MiKTeX/fonts/type1/public/lm/lmsy
10.pfb><C:/Users/kundai/AppData/Local/Programs/MiKTeX/fonts/type1/public/lm/lms
y6.pfb><C:/Users/kundai/AppData/Local/Programs/MiKTeX/fonts/type1/public/lm/lms
y8.pfb><C:/Users/kundai/AppData/Local/Programs/MiKTeX/fonts/type1/public/lm/lmt
t10.pfb><C:/Users/kundai/AppData/Local/Programs/MiKTeX/fonts/type1/public/lm/lm
tt12.pfb><C:/Users/kundai/AppData/Local/Programs/MiKTeX/fonts/type1/public/amsf
onts/symbols/msbm10.pfb><C:/Users/kundai/AppData/Local/Programs/MiKTeX/fonts/ty
pe1/public/amsfonts/symbols/msbm7.pfb>
Output written on poincare-categorical-computing.pdf (125 pages, 12029691 bytes
).
PDF statistics:
 2392 PDF objects out of 2487 (max. 8388607)
 879 named destinations out of 1000 (max. 500000)
 775 words of extra memory for PDF output out of 10000 (max. 10000000)

