This is pdfTeX, Version 3.141592653-2.6-1.40.25 (MiKTeX 24.1) (preloaded format=pdflatex 2025.7.27)  16 DEC 2025 23:02
entering extended mode
 restricted \write18 enabled.
 %&-line parsing enabled.
**./categorical-partitioning-mechanisms.tex
(categorical-partitioning-mechanisms.tex
LaTeX2e <2023-11-01> patch level 1
L3 programming layer <2024-01-04>
(C:\Users\kundai\AppData\Local\Programs\MiKTeX\tex/latex/base\article.cls
Document Class: article 2023/05/17 v1.4n Standard LaTeX document class
(C:\Users\kundai\AppData\Local\Programs\MiKTeX\tex/latex/base\size12.clo
File: size12.clo 2023/05/17 v1.4n Standard LaTeX file (size option)
)
\c@part=\count187
\c@section=\count188
\c@subsection=\count189
\c@subsubsection=\count190
\c@paragraph=\count191
\c@subparagraph=\count192
\c@figure=\count193
\c@table=\count194
\abovecaptionskip=\skip48
\belowcaptionskip=\skip49
\bibindent=\dimen140
)
(C:\Users\kundai\AppData\Local\Programs\MiKTeX\tex/latex/amsmath\amsmath.sty
Package: amsmath 2023/05/13 v2.17o AMS math features
\@mathmargin=\skip50

For additional information on amsmath, use the `?' option.
(C:\Users\kundai\AppData\Local\Programs\MiKTeX\tex/latex/amsmath\amstext.sty
Package: amstext 2021/08/26 v2.01 AMS text

(C:\Users\kundai\AppData\Local\Programs\MiKTeX\tex/latex/amsmath\amsgen.sty
File: amsgen.sty 1999/11/30 v2.0 generic functions
\@emptytoks=\toks17
\ex@=\dimen141
))
(C:\Users\kundai\AppData\Local\Programs\MiKTeX\tex/latex/amsmath\amsbsy.sty
Package: amsbsy 1999/11/29 v1.2d Bold Symbols
\pmbraise@=\dimen142
)
(C:\Users\kundai\AppData\Local\Programs\MiKTeX\tex/latex/amsmath\amsopn.sty
Package: amsopn 2022/04/08 v2.04 operator names
)
\inf@bad=\count195
LaTeX Info: Redefining \frac on input line 234.
\uproot@=\count196
\leftroot@=\count197
LaTeX Info: Redefining \overline on input line 399.
LaTeX Info: Redefining \colon on input line 410.
\classnum@=\count198
\DOTSCASE@=\count199
LaTeX Info: Redefining \ldots on input line 496.
LaTeX Info: Redefining \dots on input line 499.
LaTeX Info: Redefining \cdots on input line 620.
\Mathstrutbox@=\box51
\strutbox@=\box52
LaTeX Info: Redefining \big on input line 722.
LaTeX Info: Redefining \Big on input line 723.
LaTeX Info: Redefining \bigg on input line 724.
LaTeX Info: Redefining \Bigg on input line 725.
\big@size=\dimen143
LaTeX Font Info:    Redeclaring font encoding OML on input line 743.
LaTeX Font Info:    Redeclaring font encoding OMS on input line 744.
\macc@depth=\count266
LaTeX Info: Redefining \bmod on input line 905.
LaTeX Info: Redefining \pmod on input line 910.
LaTeX Info: Redefining \smash on input line 940.
LaTeX Info: Redefining \relbar on input line 970.
LaTeX Info: Redefining \Relbar on input line 971.
\c@MaxMatrixCols=\count267
\dotsspace@=\muskip16
\c@parentequation=\count268
\dspbrk@lvl=\count269
\tag@help=\toks18
\row@=\count270
\column@=\count271
\maxfields@=\count272
\andhelp@=\toks19
\eqnshift@=\dimen144
\alignsep@=\dimen145
\tagshift@=\dimen146
\tagwidth@=\dimen147
\totwidth@=\dimen148
\lineht@=\dimen149
\@envbody=\toks20
\multlinegap=\skip51
\multlinetaggap=\skip52
\mathdisplay@stack=\toks21
LaTeX Info: Redefining \[ on input line 2953.
LaTeX Info: Redefining \] on input line 2954.
)
(C:\Users\kundai\AppData\Local\Programs\MiKTeX\tex/latex/amsfonts\amssymb.sty
Package: amssymb 2013/01/14 v3.01 AMS font symbols

(C:\Users\kundai\AppData\Local\Programs\MiKTeX\tex/latex/amsfonts\amsfonts.sty
Package: amsfonts 2013/01/14 v3.01 Basic AMSFonts support
\symAMSa=\mathgroup4
\symAMSb=\mathgroup5
LaTeX Font Info:    Redeclaring math symbol \hbar on input line 98.
LaTeX Font Info:    Overwriting math alphabet `\mathfrak' in version `bold'
(Font)                  U/euf/m/n --> U/euf/b/n on input line 106.
)) (C:\Users\kundai\AppData\Local\Programs\MiKTeX\tex/latex/amscls\amsthm.sty
Package: amsthm 2020/05/29 v2.20.6
\thm@style=\toks22
\thm@bodyfont=\toks23
\thm@headfont=\toks24
\thm@notefont=\toks25
\thm@headpunct=\toks26
\thm@preskip=\skip53
\thm@postskip=\skip54
\thm@headsep=\skip55
\dth@everypar=\toks27
)
(C:\Users\kundai\AppData\Local\Programs\MiKTeX\tex/latex/mathtools\mathtools.st
y
Package: mathtools 2024/10/04 v1.31 mathematical typesetting tools
 (C:\Users\kundai\AppData\Local\Programs\MiKTeX\tex/latex/graphics\keyval.sty
Package: keyval 2022/05/29 v1.15 key=value parser (DPC)
\KV@toks@=\toks28
) (C:\Users\kundai\AppData\Local\Programs\MiKTeX\tex/latex/tools\calc.sty
Package: calc 2023/07/08 v4.3 Infix arithmetic (KKT,FJ)
\calc@Acount=\count273
\calc@Bcount=\count274
\calc@Adimen=\dimen150
\calc@Bdimen=\dimen151
\calc@Askip=\skip56
\calc@Bskip=\skip57
LaTeX Info: Redefining \setlength on input line 80.
LaTeX Info: Redefining \addtolength on input line 81.
\calc@Ccount=\count275
\calc@Cskip=\skip58
)
(C:\Users\kundai\AppData\Local\Programs\MiKTeX\tex/latex/mathtools\mhsetup.sty
Package: mhsetup 2021/03/18 v1.4 programming setup (MH)
)
\g_MT_multlinerow_int=\count276
\l_MT_multwidth_dim=\dimen152
\origjot=\skip59
\l_MT_shortvdotswithinadjustabove_dim=\dimen153
\l_MT_shortvdotswithinadjustbelow_dim=\dimen154
\l_MT_above_intertext_sep=\dimen155
\l_MT_below_intertext_sep=\dimen156
\l_MT_above_shortintertext_sep=\dimen157
\l_MT_below_shortintertext_sep=\dimen158
\xmathstrut@box=\box53
\xmathstrut@dim=\dimen159
) (C:\Users\kundai\AppData\Local\Programs\MiKTeX\tex/latex/physics\physics.sty
Package: physics 

(C:\Users\kundai\AppData\Local\Programs\MiKTeX\tex/latex/l3packages/xparse\xpar
se.sty
(C:\Users\kundai\AppData\Local\Programs\MiKTeX\tex/latex/l3kernel\expl3.sty
Package: expl3 2024-01-04 L3 programming layer (loader) 

(C:\Users\kundai\AppData\Local\Programs\MiKTeX\tex/latex/l3backend\l3backend-pd
ftex.def
File: l3backend-pdftex.def 2024-01-04 L3 backend support: PDF output (pdfTeX)
\l__color_backend_stack_int=\count277
\l__pdf_internal_box=\box54
))
Package: xparse 2023-10-10 L3 Experimental document command parser
))
(C:\Users\kundai\AppData\Local\Programs\MiKTeX\tex/latex/graphics\graphicx.sty
Package: graphicx 2021/09/16 v1.2d Enhanced LaTeX Graphics (DPC,SPQR)

(C:\Users\kundai\AppData\Local\Programs\MiKTeX\tex/latex/graphics\graphics.sty
Package: graphics 2022/03/10 v1.4e Standard LaTeX Graphics (DPC,SPQR)

(C:\Users\kundai\AppData\Local\Programs\MiKTeX\tex/latex/graphics\trig.sty
Package: trig 2021/08/11 v1.11 sin cos tan (DPC)
)
(C:\Users\kundai\AppData\Local\Programs\MiKTeX\tex/latex/graphics-cfg\graphics.
cfg
File: graphics.cfg 2016/06/04 v1.11 sample graphics configuration
)
Package graphics Info: Driver file: pdftex.def on input line 107.

(C:\Users\kundai\AppData\Local\Programs\MiKTeX\tex/latex/graphics-def\pdftex.de
f
File: pdftex.def 2022/09/22 v1.2b Graphics/color driver for pdftex
))
\Gin@req@height=\dimen160
\Gin@req@width=\dimen161
)
(C:\Users\kundai\AppData\Local\Programs\MiKTeX\tex/latex/hyperref\hyperref.sty
Package: hyperref 2023-11-26 v7.01g Hypertext links for LaTeX

(C:\Users\kundai\AppData\Local\Programs\MiKTeX\tex/generic/iftex\iftex.sty
Package: iftex 2022/02/03 v1.0f TeX engine tests
)
(C:\Users\kundai\AppData\Local\Programs\MiKTeX\tex/generic/infwarerr\infwarerr.
sty
Package: infwarerr 2019/12/03 v1.5 Providing info/warning/error messages (HO)
)
(C:\Users\kundai\AppData\Local\Programs\MiKTeX\tex/latex/kvsetkeys\kvsetkeys.st
y
Package: kvsetkeys 2022-10-05 v1.19 Key value parser (HO)
)
(C:\Users\kundai\AppData\Local\Programs\MiKTeX\tex/generic/kvdefinekeys\kvdefin
ekeys.sty
Package: kvdefinekeys 2019-12-19 v1.6 Define keys (HO)
)
(C:\Users\kundai\AppData\Local\Programs\MiKTeX\tex/generic/pdfescape\pdfescape.
sty
Package: pdfescape 2019/12/09 v1.15 Implements pdfTeX's escape features (HO)

(C:\Users\kundai\AppData\Local\Programs\MiKTeX\tex/generic/ltxcmds\ltxcmds.sty
Package: ltxcmds 2023-12-04 v1.26 LaTeX kernel commands for general use (HO)
)
(C:\Users\kundai\AppData\Local\Programs\MiKTeX\tex/generic/pdftexcmds\pdftexcmd
s.sty
Package: pdftexcmds 2020-06-27 v0.33 Utility functions of pdfTeX for LuaTeX (HO
)
Package pdftexcmds Info: \pdf@primitive is available.
Package pdftexcmds Info: \pdf@ifprimitive is available.
Package pdftexcmds Info: \pdfdraftmode found.
))
(C:\Users\kundai\AppData\Local\Programs\MiKTeX\tex/latex/hycolor\hycolor.sty
Package: hycolor 2020-01-27 v1.10 Color options for hyperref/bookmark (HO)
)
(C:\Users\kundai\AppData\Local\Programs\MiKTeX\tex/latex/letltxmacro\letltxmacr
o.sty
Package: letltxmacro 2019/12/03 v1.6 Let assignment for LaTeX macros (HO)
)
(C:\Users\kundai\AppData\Local\Programs\MiKTeX\tex/latex/auxhook\auxhook.sty
Package: auxhook 2019-12-17 v1.6 Hooks for auxiliary files (HO)
)
(C:\Users\kundai\AppData\Local\Programs\MiKTeX\tex/latex/hyperref\nameref.sty
Package: nameref 2023-11-26 v2.56 Cross-referencing by name of section

(C:\Users\kundai\AppData\Local\Programs\MiKTeX\tex/latex/refcount\refcount.sty
Package: refcount 2019/12/15 v3.6 Data extraction from label references (HO)
)
(C:\Users\kundai\AppData\Local\Programs\MiKTeX\tex/generic/gettitlestring\getti
tlestring.sty
Package: gettitlestring 2019/12/15 v1.6 Cleanup title references (HO)

(C:\Users\kundai\AppData\Local\Programs\MiKTeX\tex/latex/kvoptions\kvoptions.st
y
Package: kvoptions 2022-06-15 v3.15 Key value format for package options (HO)
))
\c@section@level=\count278
)
(C:\Users\kundai\AppData\Local\Programs\MiKTeX\tex/latex/etoolbox\etoolbox.sty
Package: etoolbox 2020/10/05 v2.5k e-TeX tools for LaTeX (JAW)
\etb@tempcnta=\count279
)
\@linkdim=\dimen162
\Hy@linkcounter=\count280
\Hy@pagecounter=\count281
(C:\Users\kundai\AppData\Local\Programs\MiKTeX\tex/latex/hyperref\pd1enc.def
File: pd1enc.def 2023-11-26 v7.01g Hyperref: PDFDocEncoding definition (HO)
Now handling font encoding PD1 ...
... no UTF-8 mapping file for font encoding PD1
)
(C:\Users\kundai\AppData\Local\Programs\MiKTeX\tex/generic/intcalc\intcalc.sty
Package: intcalc 2019/12/15 v1.3 Expandable calculations with integers (HO)
)
\Hy@SavedSpaceFactor=\count282
(C:\Users\kundai\AppData\Local\Programs\MiKTeX\tex/latex/hyperref\puenc.def
File: puenc.def 2023-11-26 v7.01g Hyperref: PDF Unicode definition (HO)
Now handling font encoding PU ...
... no UTF-8 mapping file for font encoding PU
)
Package hyperref Info: Hyper figures OFF on input line 4181.
Package hyperref Info: Link nesting OFF on input line 4186.
Package hyperref Info: Hyper index ON on input line 4189.
Package hyperref Info: Plain pages OFF on input line 4196.
Package hyperref Info: Backreferencing OFF on input line 4201.
Package hyperref Info: Implicit mode ON; LaTeX internals redefined.
Package hyperref Info: Bookmarks ON on input line 4448.
\c@Hy@tempcnt=\count283

(C:\Users\kundai\AppData\Local\Programs\MiKTeX\tex/latex/url\url.sty
\Urlmuskip=\muskip17
Package: url 2013/09/16  ver 3.4  Verb mode for urls, etc.
)
LaTeX Info: Redefining \url on input line 4786.
\XeTeXLinkMargin=\dimen163

(C:\Users\kundai\AppData\Local\Programs\MiKTeX\tex/generic/bitset\bitset.sty
Package: bitset 2019/12/09 v1.3 Handle bit-vector datatype (HO)

(C:\Users\kundai\AppData\Local\Programs\MiKTeX\tex/generic/bigintcalc\bigintcal
c.sty
Package: bigintcalc 2019/12/15 v1.5 Expandable calculations on big integers (HO
)
))
\Fld@menulength=\count284
\Field@Width=\dimen164
\Fld@charsize=\dimen165
Package hyperref Info: Hyper figures OFF on input line 6065.
Package hyperref Info: Link nesting OFF on input line 6070.
Package hyperref Info: Hyper index ON on input line 6073.
Package hyperref Info: backreferencing OFF on input line 6080.
Package hyperref Info: Link coloring OFF on input line 6085.
Package hyperref Info: Link coloring with OCG OFF on input line 6090.
Package hyperref Info: PDF/A mode OFF on input line 6095.

(C:\Users\kundai\AppData\Local\Programs\MiKTeX\tex/latex/base\atbegshi-ltx.sty
Package: atbegshi-ltx 2021/01/10 v1.0c Emulation of the original atbegshi
package with kernel methods
)
\Hy@abspage=\count285
\c@Item=\count286
\c@Hfootnote=\count287
)
Package hyperref Info: Driver (autodetected): hpdftex.
 (C:\Users\kundai\AppData\Local\Programs\MiKTeX\tex/latex/hyperref\hpdftex.def
File: hpdftex.def 2023-11-26 v7.01g Hyperref driver for pdfTeX

(C:\Users\kundai\AppData\Local\Programs\MiKTeX\tex/latex/base\atveryend-ltx.sty
Package: atveryend-ltx 2020/08/19 v1.0a Emulation of the original atveryend pac
kage
with kernel methods
)
\Fld@listcount=\count288
\c@bookmark@seq@number=\count289

(C:\Users\kundai\AppData\Local\Programs\MiKTeX\tex/latex/rerunfilecheck\rerunfi
lecheck.sty
Package: rerunfilecheck 2025-06-21 v1.11 Rerun checks for auxiliary files (HO)

(C:\Users\kundai\AppData\Local\Programs\MiKTeX\tex/generic/uniquecounter\unique
counter.sty
Package: uniquecounter 2019/12/15 v1.4 Provide unlimited unique counter (HO)
)
Package uniquecounter Info: New unique counter `rerunfilecheck' on input line 2
84.
)
\Hy@SectionHShift=\skip60
)
(C:\Users\kundai\AppData\Local\Programs\MiKTeX\tex/latex/cleveref\cleveref.sty
Package: cleveref 2018/03/27 v0.21.4 Intelligent cross-referencing
Package cleveref Info: `hyperref' support loaded on input line 2370.
LaTeX Info: Redefining \cref on input line 2370.
LaTeX Info: Redefining \Cref on input line 2370.
LaTeX Info: Redefining \crefrange on input line 2370.
LaTeX Info: Redefining \Crefrange on input line 2370.
LaTeX Info: Redefining \cpageref on input line 2370.
LaTeX Info: Redefining \Cpageref on input line 2370.
LaTeX Info: Redefining \cpagerefrange on input line 2370.
LaTeX Info: Redefining \Cpagerefrange on input line 2370.
LaTeX Info: Redefining \labelcref on input line 2370.
LaTeX Info: Redefining \labelcpageref on input line 2370.
Package cleveref Info: `amsthm' support loaded on input line 3026.
) (C:\Users\kundai\AppData\Local\Programs\MiKTeX\tex/latex/geometry\geometry.st
y
Package: geometry 2020/01/02 v5.9 Page Geometry
(C:\Users\kundai\AppData\Local\Programs\MiKTeX\tex/generic/iftex\ifvtex.sty
Package: ifvtex 2019/10/25 v1.7 ifvtex legacy package. Use iftex instead.
)
\Gm@cnth=\count290
\Gm@cntv=\count291
\c@Gm@tempcnt=\count292
\Gm@bindingoffset=\dimen166
\Gm@wd@mp=\dimen167
\Gm@odd@mp=\dimen168
\Gm@even@mp=\dimen169
\Gm@layoutwidth=\dimen170
\Gm@layoutheight=\dimen171
\Gm@layouthoffset=\dimen172
\Gm@layoutvoffset=\dimen173
\Gm@dimlist=\toks29

(C:\Users\kundai\AppData\Local\Programs\MiKTeX\tex/latex/geometry\geometry.cfg)
) (C:\Users\kundai\AppData\Local\Programs\MiKTeX\tex/latex/tools\enumerate.sty
Package: enumerate 2023/07/04 v3.00 enumerate extensions (DPC)
\@enLab=\toks30
) (C:\Users\kundai\AppData\Local\Programs\MiKTeX\tex/latex/float\float.sty
Package: float 2001/11/08 v1.3d Float enhancements (AL)
\c@float@type=\count293
\float@exts=\toks31
\float@box=\box55
\@float@everytoks=\toks32
\@floatcapt=\box56
)
(C:\Users\kundai\AppData\Local\Programs\MiKTeX\tex/latex/booktabs\booktabs.sty
Package: booktabs 2020/01/12 v1.61803398 Publication quality tables
\heavyrulewidth=\dimen174
\lightrulewidth=\dimen175
\cmidrulewidth=\dimen176
\belowrulesep=\dimen177
\belowbottomsep=\dimen178
\aboverulesep=\dimen179
\abovetopsep=\dimen180
\cmidrulesep=\dimen181
\cmidrulekern=\dimen182
\defaultaddspace=\dimen183
\@cmidla=\count294
\@cmidlb=\count295
\@aboverulesep=\dimen184
\@belowrulesep=\dimen185
\@thisruleclass=\count296
\@lastruleclass=\count297
\@thisrulewidth=\dimen186
) (C:\Users\kundai\AppData\Local\Programs\MiKTeX\tex/latex/natbib\natbib.sty
Package: natbib 2010/09/13 8.31b (PWD, AO)
\bibhang=\skip61
\bibsep=\skip62
LaTeX Info: Redefining \cite on input line 694.
\c@NAT@ctr=\count298
)
\c@theorem=\count299

No file categorical-partitioning-mechanisms.aux.
\openout1 = `categorical-partitioning-mechanisms.aux'.

LaTeX Font Info:    Checking defaults for OML/cmm/m/it on input line 40.
LaTeX Font Info:    ... okay on input line 40.
LaTeX Font Info:    Checking defaults for OMS/cmsy/m/n on input line 40.
LaTeX Font Info:    ... okay on input line 40.
LaTeX Font Info:    Checking defaults for OT1/cmr/m/n on input line 40.
LaTeX Font Info:    ... okay on input line 40.
LaTeX Font Info:    Checking defaults for T1/cmr/m/n on input line 40.
LaTeX Font Info:    ... okay on input line 40.
LaTeX Font Info:    Checking defaults for TS1/cmr/m/n on input line 40.
LaTeX Font Info:    ... okay on input line 40.
LaTeX Font Info:    Checking defaults for OMX/cmex/m/n on input line 40.
LaTeX Font Info:    ... okay on input line 40.
LaTeX Font Info:    Checking defaults for U/cmr/m/n on input line 40.
LaTeX Font Info:    ... okay on input line 40.
LaTeX Font Info:    Checking defaults for PD1/pdf/m/n on input line 40.
LaTeX Font Info:    ... okay on input line 40.
LaTeX Font Info:    Checking defaults for PU/pdf/m/n on input line 40.
LaTeX Font Info:    ... okay on input line 40.

(C:\Users\kundai\AppData\Local\Programs\MiKTeX\tex/context/base/mkii\supp-pdf.m
kii
[Loading MPS to PDF converter (version 2006.09.02).]
\scratchcounter=\count300
\scratchdimen=\dimen187
\scratchbox=\box57
\nofMPsegments=\count301
\nofMParguments=\count302
\everyMPshowfont=\toks33
\MPscratchCnt=\count303
\MPscratchDim=\dimen188
\MPnumerator=\count304
\makeMPintoPDFobject=\count305
\everyMPtoPDFconversion=\toks34
)
(C:\Users\kundai\AppData\Local\Programs\MiKTeX\tex/latex/epstopdf-pkg\epstopdf-
base.sty
Package: epstopdf-base 2020-01-24 v2.11 Base part for package epstopdf
Package epstopdf-base Info: Redefining graphics rule for `.eps' on input line 4
85.

(C:\Users\kundai\AppData\Local\Programs\MiKTeX\tex/latex/00miktex\epstopdf-sys.
cfg
File: epstopdf-sys.cfg 2021/03/18 v2.0 Configuration of epstopdf for MiKTeX
))
Package hyperref Info: Link coloring OFF on input line 40.
\@outlinefile=\write3
\openout3 = `categorical-partitioning-mechanisms.out'.


*geometry* driver: auto-detecting
*geometry* detected driver: pdftex
*geometry* verbose mode - [ preamble ] result:
* driver: pdftex
* paper: a4paper
* layout: <same size as paper>
* layoutoffset:(h,v)=(0.0pt,0.0pt)
* modes: 
* h-part:(L,W,R)=(71.13188pt, 455.24411pt, 71.13188pt)
* v-part:(T,H,B)=(71.13188pt, 702.78308pt, 71.13188pt)
* \paperwidth=597.50787pt
* \paperheight=845.04684pt
* \textwidth=455.24411pt
* \textheight=702.78308pt
* \oddsidemargin=-1.1381pt
* \evensidemargin=-1.1381pt
* \topmargin=-38.1381pt
* \headheight=12.0pt
* \headsep=25.0pt
* \topskip=12.0pt
* \footskip=30.0pt
* \marginparwidth=35.0pt
* \marginparsep=10.0pt
* \columnsep=10.0pt
* \skip\footins=10.8pt plus 4.0pt minus 2.0pt
* \hoffset=0.0pt
* \voffset=0.0pt
* \mag=1000
* \@twocolumnfalse
* \@twosidefalse
* \@mparswitchfalse
* \@reversemarginfalse
* (1in=72.27pt=25.4mm, 1cm=28.453pt)

LaTeX Font Info:    Trying to load font information for U+msa on input line 43.

(C:\Users\kundai\AppData\Local\Programs\MiKTeX\tex/latex/amsfonts\umsa.fd
File: umsa.fd 2013/01/14 v3.01 AMS symbols A
)
LaTeX Font Info:    Trying to load font information for U+msb on input line 43.


(C:\Users\kundai\AppData\Local\Programs\MiKTeX\tex/latex/amsfonts\umsb.fd
File: umsb.fd 2013/01/14 v3.01 AMS symbols B
)
[1

{C:/Users/kundai/AppData/Local/MiKTeX/fonts/map/pdftex/pdftex.map}]
(sections/oscillatory-mechanics.tex

LaTeX Warning: Reference `axiom:bounded' on page 2 undefined on input line 28.


LaTeX Warning: Reference `axiom:nonlinear' on page 2 undefined on input line 28
.

[2] [3]

LaTeX Warning: Reference `thm:osc_entropy' on page 4 undefined on input line 11
3.


LaTeX Warning: Reference `axiom:bounded' on page 4 undefined on input line 132.



LaTeX Warning: Reference `axiom:nonlinear' on page 4 undefined on input line 13
3.


LaTeX Warning: Reference `def:quantum_states' on page 4 undefined on input line
 134.


Overfull \hbox (10.5691pt too wide) in paragraph at lines 138--139
[]\OT1/cmr/m/n/12 No ref-er-ence has been made to cat-e-gor-i-cal struc-ture, p
ar-ti-tion op-er-a-tions, or information-
 []

) (sections/categorical-mechanics.tex [4]

LaTeX Warning: Reference `axiom:dimensional' on page 5 undefined on input line 
48.


LaTeX Warning: Reference `axiom:resolution' on page 5 undefined on input line 4
8.


Overfull \hbox (5.88562pt too wide) in paragraph at lines 56--57
\OT1/cmr/bx/n/12 Definition 3.6 \OT1/cmr/m/n/12 (Tri-Di-men-sional Cat-e-gor-i-
cal Space)\OT1/cmr/bx/n/12 . \OT1/cmr/m/n/12 A cat-e-gor-i-cal space is \OT1/cm
r/m/it/12 tri-dimensional
 []

[5]

LaTeX Warning: Reference `axiom:recursive' on page 6 undefined on input line 79
.


LaTeX Warning: Reference `thm:cardinality' on page 6 undefined on input line 87
.


LaTeX Warning: Reference `thm:cardinality' on page 6 undefined on input line 11
3.

[6]
Overfull \hbox (4.1598pt too wide) in paragraph at lines 148--149
\OT1/cmr/bx/n/12 Theorem 3.12 \OT1/cmr/m/n/12 (En-tropy In-creases with Com-ple
-tion)\OT1/cmr/bx/n/12 . \OT1/cmr/m/it/12 Cat-e-gor-i-cal en-tropy in-creases m
ono-
 []


LaTeX Warning: Reference `axiom:distinguishable' on page 7 undefined on input l
ine 170.


LaTeX Warning: Reference `axiom:dimensional' on page 7 undefined on input line 
171.


LaTeX Warning: Reference `axiom:resolution' on page 7 undefined on input line 1
72.

) (sections/partitioning-mechanisms.tex [7] [8]

LaTeX Warning: Reference `thm:leaf_nodes' on page 9 undefined on input line 100
.


Overfull \hbox (15.4571pt too wide) in paragraph at lines 120--121
\OT1/cmr/bx/n/12 Theorem 4.11 \OT1/cmr/m/n/12 (Par-ti-tion Depth as Di-men-sion
-al-ity)\OT1/cmr/bx/n/12 . \OT1/cmr/m/it/12 For sys-tems em-bed-ded in $\OML/cm
m/m/it/12 d$\OT1/cmr/m/it/12 -dimensional
 []

[9]

LaTeX Warning: Reference `axiom:partition_exist' on page 10 undefined on input 
line 167.


LaTeX Warning: Reference `axiom:branching' on page 10 undefined on input line 1
68.


LaTeX Warning: Reference `axiom:recursive_part' on page 10 undefined on input l
ine 169.

) (sections/entropy-unification.tex [10]

LaTeX Warning: Reference `def:quantum_states' on page 11 undefined on input lin
e 29.


LaTeX Warning: Reference `axiom:resolution' on page 11 undefined on input line 
30.


LaTeX Warning: Reference `axiom:branching' on page 11 undefined on input line 3
1.


LaTeX Warning: Reference `def:mode' on page 11 undefined on input line 38.


LaTeX Warning: Reference `axiom:dimensional' on page 11 undefined on input line
 39.


LaTeX Warning: Reference `def:partition_tree' on page 11 undefined on input lin
e 40.

[11]

LaTeX Warning: Reference `axiom:distinguishable' on page 12 undefined on input 
line 74.

[12]

LaTeX Warning: Reference `thm:osc_cat' on page 13 undefined on input line 120.


LaTeX Warning: Reference `thm:cat_part' on page 13 undefined on input line 120.



LaTeX Warning: Reference `thm:osc_part' on page 13 undefined on input line 120.



LaTeX Warning: Reference `thm:equivalence' on page 13 undefined on input line 1
22.

<figures/entropy_equivalence_panel.png, id=198, 1285.4424pt x 853.7496pt>
File: figures/entropy_equivalence_panel.png Graphic file (type png)
<use figures/entropy_equivalence_panel.png>
Package pdftex.def Info: figures/entropy_equivalence_panel.png  used on input l
ine 162.
(pdftex.def)             Requested size: 432.48051pt x 287.2357pt.
[13
pdfTeX warning (ext4): destination with the same identifier (name{table.1}) has
 been already used, duplicate ignored
<argument> ...shipout:D \box_use:N \l_shipout_box 
                                                  \__shipout_drop_firstpage_...
l.172 \end{corollary}
                     ] [14
pdfTeX warning (ext4): destination with the same identifier (name{figure.1}) ha
s been already used, duplicate ignored
<argument> ...shipout:D \box_use:N \l_shipout_box 
                                                  \__shipout_drop_firstpage_...
l.172 \end{corollary}
                      <./figures/entropy_equivalence_panel.png>]

Package hyperref Warning: Token not allowed in a PDF string (Unicode):
(hyperref)                removing `math shift' on input line 184.


Package hyperref Warning: Token not allowed in a PDF string (Unicode):
(hyperref)                removing `\ln' on input line 184.


Package hyperref Warning: Token not allowed in a PDF string (Unicode):
(hyperref)                removing `math shift' on input line 184.

) (sections/partition-lag.tex [15] [16] [17] [18] [19]
<figures/partition_lag_panel.png, id=300, 1285.9242pt x 851.3406pt>
File: figures/partition_lag_panel.png Graphic file (type png)
<use figures/partition_lag_panel.png>
Package pdftex.def Info: figures/partition_lag_panel.png  used on input line 25
3.
(pdftex.def)             Requested size: 432.48051pt x 286.32129pt.
)
(sections/heap-paradox.tex [20] [21
pdfTeX warning (ext4): destination with the same identifier (name{figure.2}) ha
s been already used, duplicate ignored
<argument> ...shipout:D \box_use:N \l_shipout_box 
                                                  \__shipout_drop_firstpage_...
l.13     \item $
                P(w_i) = 0$ for all parts $w_i$ when $W$ is partitioned (no ...
 <./figures/partition_lag_panel.png>]

! LaTeX Error: Environment example undefined.

See the LaTeX manual or LaTeX Companion for explanation.
Type  H <return>  for immediate help.
 ...                                              
                                                  
l.18 \begin{example}
                    [Examples of Aggregate Properties]
Your command was ignored.
Type  I <command> <return>  to replace it with another command,
or  <return>  to continue without it.


! LaTeX Error: \begin{document} ended by \end{example}.

See the LaTeX manual or LaTeX Companion for explanation.
Type  H <return>  for immediate help.
 ...                                              
                                                  
l.26 \end{example}
                  
Your command was ignored.
Type  I <command> <return>  to replace it with another command,
or  <return>  to continue without it.


LaTeX Warning: Reference `def:aggregate' on page 22 undefined on input line 48.


[22] [23] [24]
<figures/heap_paradox_panel.png, id=367, 1292.6694pt x 855.6768pt>
File: figures/heap_paradox_panel.png Graphic file (type png)
<use figures/heap_paradox_panel.png>
Package pdftex.def Info: figures/heap_paradox_panel.png  used on input line 181
.
(pdftex.def)             Requested size: 432.48051pt x 286.27812pt.
 [25
pdfTeX warning (ext4): destination with the same identifier (name{figure.3}) ha
s been already used, duplicate ignored
<argument> ...shipout:D \box_use:N \l_shipout_box 
                                                  \__shipout_drop_firstpage_...
l.192 \end{quote}
                  <./figures/heap_paradox_panel.png>])
(sections/zenos-paradox.tex [26] [27]
Overfull \hbox (26.9182pt too wide) in paragraph at lines 125--126
\OT1/cmr/m/n/12 velocity pairs. The space of such se-quences has car-di-nal-ity
 $\OML/cmm/m/it/12 W[] \OT1/cmr/m/n/12 = ([])[]$. 
 []

[28]
<figures/zeno_paradox_panel.png, id=422, 1293.1512pt x 855.6768pt>
File: figures/zeno_paradox_panel.png Graphic file (type png)
<use figures/zeno_paradox_panel.png>
Package pdftex.def Info: figures/zeno_paradox_panel.png  used on input line 191
.
(pdftex.def)             Requested size: 432.48051pt x 286.17368pt.
 [29] [30
pdfTeX warning (ext4): destination with the same identifier (name{figure.4}) ha
s been already used, duplicate ignored
<argument> ...shipout:D \box_use:N \l_shipout_box 
                                                  \__shipout_drop_firstpage_...
l.202     \item S
                 tillness is derived from motion by temporal partition <./figur
es/zeno_paradox_panel.png>]) (sections/ship-of-theseus.tex [31]

LaTeX Warning: Reference `thm:irreversibility' on page 32 undefined on input li
ne 65.

[32]

LaTeX Warning: Reference `thm:edge_indeterminacy' on page 33 undefined on input
 line 139.

[33] [34]
<figures/ship_theseus_panel.png, id=505, 1292.6694pt x 851.3406pt>
File: figures/ship_theseus_panel.png Graphic file (type png)
<use figures/ship_theseus_panel.png>
Package pdftex.def Info: figures/ship_theseus_panel.png  used on input line 252
.
(pdftex.def)             Requested size: 432.48051pt x 284.8274pt.
) (sections/null-geodesics.tex [35] [36
pdfTeX warning (ext4): destination with the same identifier (name{figure.5}) ha
s been already used, duplicate ignored
<argument> ...shipout:D \box_use:N \l_shipout_box 
                                                  \__shipout_drop_firstpage_...
l.15     \item R
                eporting $n \cdot \epsilon$ as the measured length <./figures/s
hip_theseus_panel.png>]

LaTeX Warning: Reference `thm:boundary_entropy' on page 37 undefined on input l
ine 29.


LaTeX Warning: Reference `thm:measurement_entropy' on page 37 undefined on inpu
t line 54.

[37]

LaTeX Warning: Reference `thm:measurement_entropy' on page 38 undefined on inpu
t line 106.


LaTeX Warning: Reference `sec:partition_lag' on page 38 undefined on input line
 127.

[38]

LaTeX Warning: Reference `thm:zero_traversal_entropy' on page 39 undefined on i
nput line 155.


LaTeX Warning: Reference `thm:time_partition' on page 39 undefined on input lin
e 157.


Overfull \hbox (7.87358pt too wide) in paragraph at lines 196--197
\OT1/cmr/bx/n/12 Theorem 10.10 \OT1/cmr/m/n/12 (Mas-sive Ob-jects Can-not Achie
ve Max-i-mum Speed)\OT1/cmr/bx/n/12 . \OT1/cmr/m/it/12 Ob-jects with nonzero
 []

[39]

LaTeX Warning: Reference `thm:time_partition' on page 40 undefined on input lin
e 221.


LaTeX Warning: Reference `thm:max_speed' on page 40 undefined on input line 221
.


LaTeX Warning: Reference `def:interaction' on page 40 undefined on input line 2
44.


LaTeX Warning: Reference `thm:interaction_partition' on page 40 undefined on in
put line 255.

[40]
<figures/null_geodesics_panel.png, id=586, 1283.0334pt x 852.3042pt>
File: figures/null_geodesics_panel.png Graphic file (type png)
<use figures/null_geodesics_panel.png>
Package pdftex.def Info: figures/null_geodesics_panel.png  used on input line 2
86.
(pdftex.def)             Requested size: 409.71692pt x 272.17068pt.
) (sections/recursive-compounding.tex [41] [42
pdfTeX warning (ext4): destination with the same identifier (name{figure.6}) ha
s been already used, duplicate ignored
<argument> ...shipout:D \box_use:N \l_shipout_box 
                                                  \__shipout_drop_firstpage_...
l.5 
     <./figures/null_geodesics_panel.png>]

! LaTeX Error: Environment example undefined.

See the LaTeX manual or LaTeX Companion for explanation.
Type  H <return>  for immediate help.
 ...                                              
                                                  
l.42 \begin{example}
                    [Finite Object, Infinite Alternatives]
Your command was ignored.
Type  I <command> <return>  to replace it with another command,
or  <return>  to continue without it.


! LaTeX Error: \begin{document} ended by \end{example}.

See the LaTeX manual or LaTeX Companion for explanation.
Type  H <return>  for immediate help.
 ...                                              
                                                  
l.55 \end{example}
                  
Your command was ignored.
Type  I <command> <return>  to replace it with another command,
or  <return>  to continue without it.

[43]
Overfull \hbox (5.37436pt too wide) in paragraph at lines 110--111
\OT1/cmr/bx/n/12 Theorem 11.7 \OT1/cmr/m/n/12 (Non-Ac-tu-al-i-sa-tions Can-not 
Be Par-ti-tioned)\OT1/cmr/bx/n/12 . \OT1/cmr/m/it/12 The set of non-actualisati
ons
 []


LaTeX Warning: Reference `def:partition' on page 44 undefined on input line 114
.


LaTeX Warning: Reference `thm:non_partitionable' on page 44 undefined on input 
line 143.

[44]

LaTeX Warning: Reference `def:interaction' on page 45 undefined on input line 1
56.


Overfull \hbox (35.83589pt too wide) in paragraph at lines 163--164
\OT1/cmr/bx/n/12 Theorem 11.10 \OT1/cmr/m/n/12 (Non-Ac-tu-al-i-sa-tions Are Non
-Ob-serv-able)\OT1/cmr/bx/n/12 . \OT1/cmr/m/it/12 The ac-cu-mu-lated non-actual
isations
 []


LaTeX Warning: Reference `thm:non_partitionable' on page 45 undefined on input 
line 167.


LaTeX Warning: Reference `thm:partitionability_observability' on page 45 undefi
ned on input line 168.

[45]
Overfull \hbox (1.76086pt too wide) in paragraph at lines 224--225
[]\OT1/cmr/m/n/12 The pre-cise value de-pends on the branch-ing topol-ogy, but 
the or-der of magnitude|non-
 []


LaTeX Warning: Reference `thm:interaction_partition' on page 46 undefined on in
put line 235.


LaTeX Warning: Reference `thm:non_partitionable' on page 46 undefined on input 
line 237.


LaTeX Warning: Reference `def:partition_free' on page 46 undefined on input lin
e 238.


Overfull \hbox (4.96788pt too wide) in paragraph at lines 245--246
\OT1/cmr/bx/n/12 Corollary 11.14 \OT1/cmr/m/n/12 (Non-Ac-tu-al-i-sa-tions Are D
ark to Light)\OT1/cmr/bx/n/12 . \OT1/cmr/m/it/12 Ac-cu-mu-lated non-actualisati
ons
 []


LaTeX Warning: Reference `thm:no_interaction' on page 46 undefined on input lin
e 251.


Overfull \hbox (32.46057pt too wide) in paragraph at lines 265--266
\OT1/cmr/bx/n/12 Theorem 11.15 \OT1/cmr/m/n/12 (Three Prop-er-ties of Non--Par-
ti-tion-able Mass)\OT1/cmr/bx/n/12 . \OT1/cmr/m/it/12 Ac-cu-mu-lated non-actual
isations
 []


LaTeX Warning: Reference `thm:non_act_mass' on page 46 undefined on input line 
274.


LaTeX Warning: Reference `cor:dark_to_light' on page 46 undefined on input line
 276.


LaTeX Warning: Reference `thm:non_observable' on page 46 undefined on input lin
e 278.

[46]
<figures/recursive_compounding_panel.png, id=658, 1293.633pt x 853.2678pt>
File: figures/recursive_compounding_panel.png Graphic file (type png)
<use figures/recursive_compounding_panel.png>
Package pdftex.def Info: figures/recursive_compounding_panel.png  used on input
 line 317.
(pdftex.def)             Requested size: 409.71692pt x 270.239pt.
) (sections/geometry-of-non-actualisation.tex
Overfull \hbox (26.76363pt too wide) in paragraph at lines 1--1
[]\OT1/cmr/bx/n/17.28 The Ge-o-met-ric Struc-ture of Non-Actualisation Space 
 []

[47] [48
pdfTeX warning (ext4): destination with the same identifier (name{figure.7}) ha
s been already used, duplicate ignored
<argument> ...shipout:D \box_use:N \l_shipout_box 
                                                  \__shipout_drop_firstpage_...
l.13 \end{equation}
                    <./figures/recursive_compounding_panel.png>]

! LaTeX Error: Environment example undefined.

See the LaTeX manual or LaTeX Companion for explanation.
Type  H <return>  for immediate help.
 ...                                              
                                                  
l.63 \begin{example}
                    [The Cup's Non-Actualisation Shells]
Your command was ignored.
Type  I <command> <return>  to replace it with another command,
or  <return>  to continue without it.


! LaTeX Error: \begin{document} ended by \end{example}.

See the LaTeX manual or LaTeX Companion for explanation.
Type  H <return>  for immediate help.
 ...                                              
                                                  
l.74 \end{example}
                  
Your command was ignored.
Type  I <command> <return>  to replace it with another command,
or  <return>  to continue without it.

[49]
Overfull \hbox (5.49106pt too wide) in paragraph at lines 137--139
\OT1/cmr/m/n/12 where $\OML/cmm/m/it/12 r[]$ \OT1/cmr/m/n/12 is the pair-ing ra
-dius|the max-i-mum dis-tance at which mu-tual non-actualisations
 []

[50] [51]
<figures/geometry_non_actualisation_panel.png, id=723, 1280.6244pt x 852.3042pt
>
File: figures/geometry_non_actualisation_panel.png Graphic file (type png)
<use figures/geometry_non_actualisation_panel.png>
Package pdftex.def Info: figures/geometry_non_actualisation_panel.png  used on 
input line 263.
(pdftex.def)             Requested size: 409.71692pt x 272.67789pt.
) (sections/priority-of-existence.tex [52] [53
pdfTeX warning (ext4): destination with the same identifier (name{figure.8}) ha
s been already used, duplicate ignored
<argument> ...shipout:D \box_use:N \l_shipout_box 
                                                  \__shipout_drop_firstpage_...
l.5 
     <./figures/geometry_non_actualisation_panel.png>]

LaTeX Warning: Reference `axiom:presupposition' on page 54 undefined on input l
ine 48.


! LaTeX Error: Environment example undefined.

See the LaTeX manual or LaTeX Companion for explanation.
Type  H <return>  for immediate help.
 ...                                              
                                                  
l.61 \begin{example}
                    [The Cup Defined by Negations]
Your command was ignored.
Type  I <command> <return>  to replace it with another command,
or  <return>  to continue without it.

[54]

! LaTeX Error: \begin{document} ended by \end{example}.

See the LaTeX manual or LaTeX Companion for explanation.
Type  H <return>  for immediate help.
 ...                                              
                                                  
l.72 \end{example}
                  
Your command was ignored.
Type  I <command> <return>  to replace it with another command,
or  <return>  to continue without it.


LaTeX Warning: Reference `sec:recursive_compounding' on page 55 undefined on in
put line 105.


LaTeX Warning: Reference `thm:dependence' on page 55 undefined on input line 12
0.

[55]

LaTeX Warning: Reference `thm:no_nothing' on page 56 undefined on input line 13
6.


LaTeX Warning: Reference `thm:dependence' on page 56 undefined on input line 15
1.


Overfull \hbox (23.02129pt too wide) in paragraph at lines 151--152
\OT1/cmr/bx/n/12 Theorem 13.9 \OT1/cmr/m/n/12 (Mu-tual Con-sti-tu-tion of Ac-tu
al and Non-Ac-tual)\OT1/cmr/bx/n/12 . \OT1/cmr/m/it/12 Al-though non-actualisat
ions
 []


LaTeX Warning: Reference `sec:geometry_non_actualisation' on page 56 undefined 
on input line 166.

[56]
Overfull \hbox (1.92682pt too wide) in paragraph at lines 176--178
\OT1/cmr/m/it/12 where $[]$ de-notes mu-tual non-actualisation (each is in the 
other's non-actualisation space). 
 []


LaTeX Warning: Reference `sec:recursive_compounding' on page 57 undefined on in
put line 194.


LaTeX Warning: Reference `sec:geometry_non_actualisation' on page 57 undefined 
on input line 194.


LaTeX Warning: Reference `thm:something_necessary' on page 57 undefined on inpu
t line 196.


LaTeX Warning: Reference `thm:resolution' on page 57 undefined on input line 19
7.


LaTeX Warning: Reference `thm:shell_growth' on page 57 undefined on input line 
198.


LaTeX Warning: Reference `thm:pairing_structure' on page 57 undefined on input 
line 199.


LaTeX Warning: Reference `def:unpaired' on page 57 undefined on input line 200.



LaTeX Warning: Reference `thm:ratio_shells' on page 57 undefined on input line 
201.

[57]
<figures/priority_existence_panel.png, id=811, 1293.633pt x 853.2678pt>
File: figures/priority_existence_panel.png Graphic file (type png)
<use figures/priority_existence_panel.png>
Package pdftex.def Info: figures/priority_existence_panel.png  used on input li
ne 229.
(pdftex.def)             Requested size: 409.71692pt x 270.239pt.
) [58
pdfTeX warning (ext4): destination with the same identifier (name{figure.9}) ha
s been already used, duplicate ignored
<argument> ...shipout:D \box_use:N \l_shipout_box 
                                                  \__shipout_drop_firstpage_...
l.97 
      <./figures/priority_existence_panel.png>]
Overfull \hbox (2.11781pt too wide) in paragraph at lines 102--103
\OT1/cmr/m/n/12 First, partition-free traver-sal|motion with-out cre-at-ing cat
-e-gor-i-cal dis-tinc-tions|generates
 []

No file categorical-partitioning-mechanisms.bbl.
[59] (categorical-partitioning-mechanisms.aux)
 ***********
LaTeX2e <2023-11-01> patch level 1
L3 programming layer <2024-01-04>
 ***********


LaTeX Warning: There were undefined references.


LaTeX Warning: Label(s) may have changed. Rerun to get cross-references right.


Package rerunfilecheck Warning: File `categorical-partitioning-mechanisms.out' 
has changed.
(rerunfilecheck)                Rerun to get outlines right
(rerunfilecheck)                or use package `bookmark'.

Package rerunfilecheck Info: Checksums for `categorical-partitioning-mechanisms
.out':
(rerunfilecheck)             Before: <no file>
(rerunfilecheck)             After:  9C76F44A9AAEDE7EE5A824F46F4AB812;23800.
 ) 
Here is how much of TeX's memory you used:
 14761 strings out of 474486
 243347 string characters out of 5743283
 1939542 words of memory out of 5000000
 36257 multiletter control sequences out of 15000+600000
 572493 words of font info for 89 fonts, out of 8000000 for 9000
 1141 hyphenation exceptions out of 8191
 79i,12n,93p,2455b,666s stack positions out of 10000i,1000n,20000p,200000b,200000s
 <C:\Users\kundai\AppData\Local\MiKTeX\fonts/pk/ljfour/jknappen/ec/dpi600\tcr
m1200.pk><C:/Users/kundai/AppData/Local/Programs/MiKTeX/fonts/type1/public/amsf
onts/cm/cmbx10.pfb><C:/Users/kundai/AppData/Local/Programs/MiKTeX/fonts/type1/p
ublic/amsfonts/cm/cmbx12.pfb><C:/Users/kundai/AppData/Local/Programs/MiKTeX/fon
ts/type1/public/amsfonts/cm/cmbxti10.pfb><C:/Users/kundai/AppData/Local/Program
s/MiKTeX/fonts/type1/public/amsfonts/cm/cmex10.pfb><C:/Users/kundai/AppData/Loc
al/Programs/MiKTeX/fonts/type1/public/amsfonts/cm/cmmi10.pfb><C:/Users/kundai/A
ppData/Local/Programs/MiKTeX/fonts/type1/public/amsfonts/cm/cmmi12.pfb><C:/User
s/kundai/AppData/Local/Programs/MiKTeX/fonts/type1/public/amsfonts/cm/cmmi6.pfb
><C:/Users/kundai/AppData/Local/Programs/MiKTeX/fonts/type1/public/amsfonts/cm/
cmmi8.pfb><C:/Users/kundai/AppData/Local/Programs/MiKTeX/fonts/type1/public/ams
fonts/cm/cmr10.pfb><C:/Users/kundai/AppData/Local/Programs/MiKTeX/fonts/type1/p
ublic/amsfonts/cm/cmr12.pfb><C:/Users/kundai/AppData/Local/Programs/MiKTeX/font
s/type1/public/amsfonts/cm/cmr17.pfb><C:/Users/kundai/AppData/Local/Programs/Mi
KTeX/fonts/type1/public/amsfonts/cm/cmr6.pfb><C:/Users/kundai/AppData/Local/Pro
grams/MiKTeX/fonts/type1/public/amsfonts/cm/cmr8.pfb><C:/Users/kundai/AppData/L
ocal/Programs/MiKTeX/fonts/type1/public/amsfonts/cm/cmsy10.pfb><C:/Users/kundai
/AppData/Local/Programs/MiKTeX/fonts/type1/public/amsfonts/cm/cmsy6.pfb><C:/Use
rs/kundai/AppData/Local/Programs/MiKTeX/fonts/type1/public/amsfonts/cm/cmsy8.pf
b><C:/Users/kundai/AppData/Local/Programs/MiKTeX/fonts/type1/public/amsfonts/cm
/cmti10.pfb><C:/Users/kundai/AppData/Local/Programs/MiKTeX/fonts/type1/public/a
msfonts/cm/cmti12.pfb><C:/Users/kundai/AppData/Local/Programs/MiKTeX/fonts/type
1/public/amsfonts/cm/cmti7.pfb><C:/Users/kundai/AppData/Local/Programs/MiKTeX/f
onts/type1/public/amsfonts/cm/cmti8.pfb><C:/Users/kundai/AppData/Local/Programs
/MiKTeX/fonts/type1/public/amsfonts/cm/cmtt12.pfb><C:/Users/kundai/AppData/Loca
l/Programs/MiKTeX/fonts/type1/public/amsfonts/symbols/msam10.pfb><C:/Users/kund
ai/AppData/Local/Programs/MiKTeX/fonts/type1/public/amsfonts/symbols/msbm10.pfb
>
Output written on categorical-partitioning-mechanisms.pdf (59 pages, 4363498 by
tes).
PDF statistics:
 1045 PDF objects out of 1200 (max. 8388607)
 591 named destinations out of 1000 (max. 500000)
 46 words of extra memory for PDF output out of 10000 (max. 10000000)

