This is pdfTeX, Version 3.141592653-2.6-1.40.25 (MiKTeX 24.1) (preloaded format=pdflatex 2025.7.27)  30 DEC 2025 03:58
entering extended mode
 restricted \write18 enabled.
 %&-line parsing enabled.
**./reformulation-of-ideal-gas-laws.tex
(reformulation-of-ideal-gas-laws.tex
LaTeX2e <2023-11-01> patch level 1
L3 programming layer <2024-01-04>
(C:\Users\kundai\AppData\Local\Programs\MiKTeX\tex/latex/base\article.cls
Document Class: article 2023/05/17 v1.4n Standard LaTeX document class
(C:\Users\kundai\AppData\Local\Programs\MiKTeX\tex/latex/base\size12.clo
File: size12.clo 2023/05/17 v1.4n Standard LaTeX file (size option)
)
\c@part=\count187
\c@section=\count188
\c@subsection=\count189
\c@subsubsection=\count190
\c@paragraph=\count191
\c@subparagraph=\count192
\c@figure=\count193
\c@table=\count194
\abovecaptionskip=\skip48
\belowcaptionskip=\skip49
\bibindent=\dimen140
)
(C:\Users\kundai\AppData\Local\Programs\MiKTeX\tex/latex/base\inputenc.sty
Package: inputenc 2021/02/14 v1.3d Input encoding file
\inpenc@prehook=\toks17
\inpenc@posthook=\toks18
)
(C:\Users\kundai\AppData\Local\Programs\MiKTeX\tex/latex/base\fontenc.sty
Package: fontenc 2021/04/29 v2.0v Standard LaTeX package
)
(C:\Users\kundai\AppData\Local\Programs\MiKTeX\tex/latex/amsmath\amsmath.sty
Package: amsmath 2023/05/13 v2.17o AMS math features
\@mathmargin=\skip50

For additional information on amsmath, use the `?' option.
(C:\Users\kundai\AppData\Local\Programs\MiKTeX\tex/latex/amsmath\amstext.sty
Package: amstext 2021/08/26 v2.01 AMS text

(C:\Users\kundai\AppData\Local\Programs\MiKTeX\tex/latex/amsmath\amsgen.sty
File: amsgen.sty 1999/11/30 v2.0 generic functions
\@emptytoks=\toks19
\ex@=\dimen141
))
(C:\Users\kundai\AppData\Local\Programs\MiKTeX\tex/latex/amsmath\amsbsy.sty
Package: amsbsy 1999/11/29 v1.2d Bold Symbols
\pmbraise@=\dimen142
)
(C:\Users\kundai\AppData\Local\Programs\MiKTeX\tex/latex/amsmath\amsopn.sty
Package: amsopn 2022/04/08 v2.04 operator names
)
\inf@bad=\count195
LaTeX Info: Redefining \frac on input line 234.
\uproot@=\count196
\leftroot@=\count197
LaTeX Info: Redefining \overline on input line 399.
LaTeX Info: Redefining \colon on input line 410.
\classnum@=\count198
\DOTSCASE@=\count199
LaTeX Info: Redefining \ldots on input line 496.
LaTeX Info: Redefining \dots on input line 499.
LaTeX Info: Redefining \cdots on input line 620.
\Mathstrutbox@=\box51
\strutbox@=\box52
LaTeX Info: Redefining \big on input line 722.
LaTeX Info: Redefining \Big on input line 723.
LaTeX Info: Redefining \bigg on input line 724.
LaTeX Info: Redefining \Bigg on input line 725.
\big@size=\dimen143
LaTeX Font Info:    Redeclaring font encoding OML on input line 743.
LaTeX Font Info:    Redeclaring font encoding OMS on input line 744.
\macc@depth=\count266
LaTeX Info: Redefining \bmod on input line 905.
LaTeX Info: Redefining \pmod on input line 910.
LaTeX Info: Redefining \smash on input line 940.
LaTeX Info: Redefining \relbar on input line 970.
LaTeX Info: Redefining \Relbar on input line 971.
\c@MaxMatrixCols=\count267
\dotsspace@=\muskip16
\c@parentequation=\count268
\dspbrk@lvl=\count269
\tag@help=\toks20
\row@=\count270
\column@=\count271
\maxfields@=\count272
\andhelp@=\toks21
\eqnshift@=\dimen144
\alignsep@=\dimen145
\tagshift@=\dimen146
\tagwidth@=\dimen147
\totwidth@=\dimen148
\lineht@=\dimen149
\@envbody=\toks22
\multlinegap=\skip51
\multlinetaggap=\skip52
\mathdisplay@stack=\toks23
LaTeX Info: Redefining \[ on input line 2953.
LaTeX Info: Redefining \] on input line 2954.
)
(C:\Users\kundai\AppData\Local\Programs\MiKTeX\tex/latex/amsfonts\amssymb.sty
Package: amssymb 2013/01/14 v3.01 AMS font symbols

(C:\Users\kundai\AppData\Local\Programs\MiKTeX\tex/latex/amsfonts\amsfonts.sty
Package: amsfonts 2013/01/14 v3.01 Basic AMSFonts support
\symAMSa=\mathgroup4
\symAMSb=\mathgroup5
LaTeX Font Info:    Redeclaring math symbol \hbar on input line 98.
LaTeX Font Info:    Overwriting math alphabet `\mathfrak' in version `bold'
(Font)                  U/euf/m/n --> U/euf/b/n on input line 106.
)) (C:\Users\kundai\AppData\Local\Programs\MiKTeX\tex/latex/amscls\amsthm.sty
Package: amsthm 2020/05/29 v2.20.6
\thm@style=\toks24
\thm@bodyfont=\toks25
\thm@headfont=\toks26
\thm@notefont=\toks27
\thm@headpunct=\toks28
\thm@preskip=\skip53
\thm@postskip=\skip54
\thm@headsep=\skip55
\dth@everypar=\toks29
)
(C:\Users\kundai\AppData\Local\Programs\MiKTeX\tex/latex/graphics\graphicx.sty
Package: graphicx 2021/09/16 v1.2d Enhanced LaTeX Graphics (DPC,SPQR)

(C:\Users\kundai\AppData\Local\Programs\MiKTeX\tex/latex/graphics\keyval.sty
Package: keyval 2022/05/29 v1.15 key=value parser (DPC)
\KV@toks@=\toks30
)
(C:\Users\kundai\AppData\Local\Programs\MiKTeX\tex/latex/graphics\graphics.sty
Package: graphics 2022/03/10 v1.4e Standard LaTeX Graphics (DPC,SPQR)

(C:\Users\kundai\AppData\Local\Programs\MiKTeX\tex/latex/graphics\trig.sty
Package: trig 2021/08/11 v1.11 sin cos tan (DPC)
)
(C:\Users\kundai\AppData\Local\Programs\MiKTeX\tex/latex/graphics-cfg\graphics.
cfg
File: graphics.cfg 2016/06/04 v1.11 sample graphics configuration
)
Package graphics Info: Driver file: pdftex.def on input line 107.

(C:\Users\kundai\AppData\Local\Programs\MiKTeX\tex/latex/graphics-def\pdftex.de
f
File: pdftex.def 2022/09/22 v1.2b Graphics/color driver for pdftex
))
\Gin@req@height=\dimen150
\Gin@req@width=\dimen151
) (C:\Users\kundai\AppData\Local\Programs\MiKTeX\tex/latex/float\float.sty
Package: float 2001/11/08 v1.3d Float enhancements (AL)
\c@float@type=\count273
\float@exts=\toks31
\float@box=\box53
\@float@everytoks=\toks32
\@floatcapt=\box54
)
(C:\Users\kundai\AppData\Local\Programs\MiKTeX\tex/latex/pgf/frontendlayer\tikz
.sty
(C:\Users\kundai\AppData\Local\Programs\MiKTeX\tex/latex/pgf/basiclayer\pgf.sty

(C:\Users\kundai\AppData\Local\Programs\MiKTeX\tex/latex/pgf/utilities\pgfrcs.s
ty
(C:\Users\kundai\AppData\Local\Programs\MiKTeX\tex/generic/pgf/utilities\pgfuti
l-common.tex
\pgfutil@everybye=\toks33
\pgfutil@tempdima=\dimen152
\pgfutil@tempdimb=\dimen153
)
(C:\Users\kundai\AppData\Local\Programs\MiKTeX\tex/generic/pgf/utilities\pgfuti
l-latex.def
\pgfutil@abb=\box55
)
(C:\Users\kundai\AppData\Local\Programs\MiKTeX\tex/generic/pgf/utilities\pgfrcs
.code.tex
(C:\Users\kundai\AppData\Local\Programs\MiKTeX\tex/generic/pgf\pgf.revision.tex
)
Package: pgfrcs 2023-01-15 v3.1.10 (3.1.10)
))
Package: pgf 2023-01-15 v3.1.10 (3.1.10)

(C:\Users\kundai\AppData\Local\Programs\MiKTeX\tex/latex/pgf/basiclayer\pgfcore
.sty
(C:\Users\kundai\AppData\Local\Programs\MiKTeX\tex/latex/pgf/systemlayer\pgfsys
.sty
(C:\Users\kundai\AppData\Local\Programs\MiKTeX\tex/generic/pgf/systemlayer\pgfs
ys.code.tex
Package: pgfsys 2023-01-15 v3.1.10 (3.1.10)

(C:\Users\kundai\AppData\Local\Programs\MiKTeX\tex/generic/pgf/utilities\pgfkey
s.code.tex
\pgfkeys@pathtoks=\toks34
\pgfkeys@temptoks=\toks35

(C:\Users\kundai\AppData\Local\Programs\MiKTeX\tex/generic/pgf/utilities\pgfkey
slibraryfiltered.code.tex
\pgfkeys@tmptoks=\toks36
))
\pgf@x=\dimen154
\pgf@y=\dimen155
\pgf@xa=\dimen156
\pgf@ya=\dimen157
\pgf@xb=\dimen158
\pgf@yb=\dimen159
\pgf@xc=\dimen160
\pgf@yc=\dimen161
\pgf@xd=\dimen162
\pgf@yd=\dimen163
\w@pgf@writea=\write3
\r@pgf@reada=\read2
\c@pgf@counta=\count274
\c@pgf@countb=\count275
\c@pgf@countc=\count276
\c@pgf@countd=\count277
\t@pgf@toka=\toks37
\t@pgf@tokb=\toks38
\t@pgf@tokc=\toks39
\pgf@sys@id@count=\count278

(C:\Users\kundai\AppData\Local\Programs\MiKTeX\tex/generic/pgf/systemlayer\pgf.
cfg
File: pgf.cfg 2023-01-15 v3.1.10 (3.1.10)
)
Driver file for pgf: pgfsys-pdftex.def

(C:\Users\kundai\AppData\Local\Programs\MiKTeX\tex/generic/pgf/systemlayer\pgfs
ys-pdftex.def
File: pgfsys-pdftex.def 2023-01-15 v3.1.10 (3.1.10)

(C:\Users\kundai\AppData\Local\Programs\MiKTeX\tex/generic/pgf/systemlayer\pgfs
ys-common-pdf.def
File: pgfsys-common-pdf.def 2023-01-15 v3.1.10 (3.1.10)
)))
(C:\Users\kundai\AppData\Local\Programs\MiKTeX\tex/generic/pgf/systemlayer\pgfs
yssoftpath.code.tex
File: pgfsyssoftpath.code.tex 2023-01-15 v3.1.10 (3.1.10)
\pgfsyssoftpath@smallbuffer@items=\count279
\pgfsyssoftpath@bigbuffer@items=\count280
)
(C:\Users\kundai\AppData\Local\Programs\MiKTeX\tex/generic/pgf/systemlayer\pgfs
ysprotocol.code.tex
File: pgfsysprotocol.code.tex 2023-01-15 v3.1.10 (3.1.10)
))
(C:\Users\kundai\AppData\Local\Programs\MiKTeX\tex/latex/xcolor\xcolor.sty
Package: xcolor 2023/11/15 v3.01 LaTeX color extensions (UK)

(C:\Users\kundai\AppData\Local\Programs\MiKTeX\tex/latex/graphics-cfg\color.cfg
File: color.cfg 2016/01/02 v1.6 sample color configuration
)
Package xcolor Info: Driver file: pdftex.def on input line 274.

(C:\Users\kundai\AppData\Local\Programs\MiKTeX\tex/latex/graphics\mathcolor.ltx
)
Package xcolor Info: Model `cmy' substituted by `cmy0' on input line 1350.
Package xcolor Info: Model `hsb' substituted by `rgb' on input line 1354.
Package xcolor Info: Model `RGB' extended on input line 1366.
Package xcolor Info: Model `HTML' substituted by `rgb' on input line 1368.
Package xcolor Info: Model `Hsb' substituted by `hsb' on input line 1369.
Package xcolor Info: Model `tHsb' substituted by `hsb' on input line 1370.
Package xcolor Info: Model `HSB' substituted by `hsb' on input line 1371.
Package xcolor Info: Model `Gray' substituted by `gray' on input line 1372.
Package xcolor Info: Model `wave' substituted by `hsb' on input line 1373.
)
(C:\Users\kundai\AppData\Local\Programs\MiKTeX\tex/generic/pgf/basiclayer\pgfco
re.code.tex
Package: pgfcore 2023-01-15 v3.1.10 (3.1.10)

(C:\Users\kundai\AppData\Local\Programs\MiKTeX\tex/generic/pgf/math\pgfmath.cod
e.tex
(C:\Users\kundai\AppData\Local\Programs\MiKTeX\tex/generic/pgf/math\pgfmathutil
.code.tex)
(C:\Users\kundai\AppData\Local\Programs\MiKTeX\tex/generic/pgf/math\pgfmathpars
er.code.tex
\pgfmath@dimen=\dimen164
\pgfmath@count=\count281
\pgfmath@box=\box56
\pgfmath@toks=\toks40
\pgfmath@stack@operand=\toks41
\pgfmath@stack@operation=\toks42
)
(C:\Users\kundai\AppData\Local\Programs\MiKTeX\tex/generic/pgf/math\pgfmathfunc
tions.code.tex)
(C:\Users\kundai\AppData\Local\Programs\MiKTeX\tex/generic/pgf/math\pgfmathfunc
tions.basic.code.tex)
(C:\Users\kundai\AppData\Local\Programs\MiKTeX\tex/generic/pgf/math\pgfmathfunc
tions.trigonometric.code.tex)
(C:\Users\kundai\AppData\Local\Programs\MiKTeX\tex/generic/pgf/math\pgfmathfunc
tions.random.code.tex)
(C:\Users\kundai\AppData\Local\Programs\MiKTeX\tex/generic/pgf/math\pgfmathfunc
tions.comparison.code.tex)
(C:\Users\kundai\AppData\Local\Programs\MiKTeX\tex/generic/pgf/math\pgfmathfunc
tions.base.code.tex)
(C:\Users\kundai\AppData\Local\Programs\MiKTeX\tex/generic/pgf/math\pgfmathfunc
tions.round.code.tex)
(C:\Users\kundai\AppData\Local\Programs\MiKTeX\tex/generic/pgf/math\pgfmathfunc
tions.misc.code.tex)
(C:\Users\kundai\AppData\Local\Programs\MiKTeX\tex/generic/pgf/math\pgfmathfunc
tions.integerarithmetics.code.tex)
(C:\Users\kundai\AppData\Local\Programs\MiKTeX\tex/generic/pgf/math\pgfmathcalc
.code.tex)
(C:\Users\kundai\AppData\Local\Programs\MiKTeX\tex/generic/pgf/math\pgfmathfloa
t.code.tex
\c@pgfmathroundto@lastzeros=\count282
))
(C:\Users\kundai\AppData\Local\Programs\MiKTeX\tex/generic/pgf/math\pgfint.code
.tex)
(C:\Users\kundai\AppData\Local\Programs\MiKTeX\tex/generic/pgf/basiclayer\pgfco
repoints.code.tex
File: pgfcorepoints.code.tex 2023-01-15 v3.1.10 (3.1.10)
\pgf@picminx=\dimen165
\pgf@picmaxx=\dimen166
\pgf@picminy=\dimen167
\pgf@picmaxy=\dimen168
\pgf@pathminx=\dimen169
\pgf@pathmaxx=\dimen170
\pgf@pathminy=\dimen171
\pgf@pathmaxy=\dimen172
\pgf@xx=\dimen173
\pgf@xy=\dimen174
\pgf@yx=\dimen175
\pgf@yy=\dimen176
\pgf@zx=\dimen177
\pgf@zy=\dimen178
)
(C:\Users\kundai\AppData\Local\Programs\MiKTeX\tex/generic/pgf/basiclayer\pgfco
repathconstruct.code.tex
File: pgfcorepathconstruct.code.tex 2023-01-15 v3.1.10 (3.1.10)
\pgf@path@lastx=\dimen179
\pgf@path@lasty=\dimen180
)
(C:\Users\kundai\AppData\Local\Programs\MiKTeX\tex/generic/pgf/basiclayer\pgfco
repathusage.code.tex
File: pgfcorepathusage.code.tex 2023-01-15 v3.1.10 (3.1.10)
\pgf@shorten@end@additional=\dimen181
\pgf@shorten@start@additional=\dimen182
)
(C:\Users\kundai\AppData\Local\Programs\MiKTeX\tex/generic/pgf/basiclayer\pgfco
rescopes.code.tex
File: pgfcorescopes.code.tex 2023-01-15 v3.1.10 (3.1.10)
\pgfpic=\box57
\pgf@hbox=\box58
\pgf@layerbox@main=\box59
\pgf@picture@serial@count=\count283
)
(C:\Users\kundai\AppData\Local\Programs\MiKTeX\tex/generic/pgf/basiclayer\pgfco
regraphicstate.code.tex
File: pgfcoregraphicstate.code.tex 2023-01-15 v3.1.10 (3.1.10)
\pgflinewidth=\dimen183
)
(C:\Users\kundai\AppData\Local\Programs\MiKTeX\tex/generic/pgf/basiclayer\pgfco
retransformations.code.tex
File: pgfcoretransformations.code.tex 2023-01-15 v3.1.10 (3.1.10)
\pgf@pt@x=\dimen184
\pgf@pt@y=\dimen185
\pgf@pt@temp=\dimen186
)
(C:\Users\kundai\AppData\Local\Programs\MiKTeX\tex/generic/pgf/basiclayer\pgfco
requick.code.tex
File: pgfcorequick.code.tex 2023-01-15 v3.1.10 (3.1.10)
)
(C:\Users\kundai\AppData\Local\Programs\MiKTeX\tex/generic/pgf/basiclayer\pgfco
reobjects.code.tex
File: pgfcoreobjects.code.tex 2023-01-15 v3.1.10 (3.1.10)
)
(C:\Users\kundai\AppData\Local\Programs\MiKTeX\tex/generic/pgf/basiclayer\pgfco
repathprocessing.code.tex
File: pgfcorepathprocessing.code.tex 2023-01-15 v3.1.10 (3.1.10)
)
(C:\Users\kundai\AppData\Local\Programs\MiKTeX\tex/generic/pgf/basiclayer\pgfco
rearrows.code.tex
File: pgfcorearrows.code.tex 2023-01-15 v3.1.10 (3.1.10)
\pgfarrowsep=\dimen187
)
(C:\Users\kundai\AppData\Local\Programs\MiKTeX\tex/generic/pgf/basiclayer\pgfco
reshade.code.tex
File: pgfcoreshade.code.tex 2023-01-15 v3.1.10 (3.1.10)
\pgf@max=\dimen188
\pgf@sys@shading@range@num=\count284
\pgf@shadingcount=\count285
)
(C:\Users\kundai\AppData\Local\Programs\MiKTeX\tex/generic/pgf/basiclayer\pgfco
reimage.code.tex
File: pgfcoreimage.code.tex 2023-01-15 v3.1.10 (3.1.10)
)
(C:\Users\kundai\AppData\Local\Programs\MiKTeX\tex/generic/pgf/basiclayer\pgfco
reexternal.code.tex
File: pgfcoreexternal.code.tex 2023-01-15 v3.1.10 (3.1.10)
\pgfexternal@startupbox=\box60
)
(C:\Users\kundai\AppData\Local\Programs\MiKTeX\tex/generic/pgf/basiclayer\pgfco
relayers.code.tex
File: pgfcorelayers.code.tex 2023-01-15 v3.1.10 (3.1.10)
)
(C:\Users\kundai\AppData\Local\Programs\MiKTeX\tex/generic/pgf/basiclayer\pgfco
retransparency.code.tex
File: pgfcoretransparency.code.tex 2023-01-15 v3.1.10 (3.1.10)
)
(C:\Users\kundai\AppData\Local\Programs\MiKTeX\tex/generic/pgf/basiclayer\pgfco
repatterns.code.tex
File: pgfcorepatterns.code.tex 2023-01-15 v3.1.10 (3.1.10)
)
(C:\Users\kundai\AppData\Local\Programs\MiKTeX\tex/generic/pgf/basiclayer\pgfco
rerdf.code.tex
File: pgfcorerdf.code.tex 2023-01-15 v3.1.10 (3.1.10)
)))
(C:\Users\kundai\AppData\Local\Programs\MiKTeX\tex/generic/pgf/modules\pgfmodul
eshapes.code.tex
File: pgfmoduleshapes.code.tex 2023-01-15 v3.1.10 (3.1.10)
\pgfnodeparttextbox=\box61
)
(C:\Users\kundai\AppData\Local\Programs\MiKTeX\tex/generic/pgf/modules\pgfmodul
eplot.code.tex
File: pgfmoduleplot.code.tex 2023-01-15 v3.1.10 (3.1.10)
)
(C:\Users\kundai\AppData\Local\Programs\MiKTeX\tex/latex/pgf/compatibility\pgfc
omp-version-0-65.sty
Package: pgfcomp-version-0-65 2023-01-15 v3.1.10 (3.1.10)
\pgf@nodesepstart=\dimen189
\pgf@nodesepend=\dimen190
)
(C:\Users\kundai\AppData\Local\Programs\MiKTeX\tex/latex/pgf/compatibility\pgfc
omp-version-1-18.sty
Package: pgfcomp-version-1-18 2023-01-15 v3.1.10 (3.1.10)
))
(C:\Users\kundai\AppData\Local\Programs\MiKTeX\tex/latex/pgf/utilities\pgffor.s
ty
(C:\Users\kundai\AppData\Local\Programs\MiKTeX\tex/latex/pgf/utilities\pgfkeys.
sty
(C:\Users\kundai\AppData\Local\Programs\MiKTeX\tex/generic/pgf/utilities\pgfkey
s.code.tex))
(C:\Users\kundai\AppData\Local\Programs\MiKTeX\tex/latex/pgf/math\pgfmath.sty
(C:\Users\kundai\AppData\Local\Programs\MiKTeX\tex/generic/pgf/math\pgfmath.cod
e.tex))
(C:\Users\kundai\AppData\Local\Programs\MiKTeX\tex/generic/pgf/utilities\pgffor
.code.tex
Package: pgffor 2023-01-15 v3.1.10 (3.1.10)
\pgffor@iter=\dimen191
\pgffor@skip=\dimen192
\pgffor@stack=\toks43
\pgffor@toks=\toks44
))
(C:\Users\kundai\AppData\Local\Programs\MiKTeX\tex/generic/pgf/frontendlayer/ti
kz\tikz.code.tex
Package: tikz 2023-01-15 v3.1.10 (3.1.10)

(C:\Users\kundai\AppData\Local\Programs\MiKTeX\tex/generic/pgf/libraries\pgflib
raryplothandlers.code.tex
File: pgflibraryplothandlers.code.tex 2023-01-15 v3.1.10 (3.1.10)
\pgf@plot@mark@count=\count286
\pgfplotmarksize=\dimen193
)
\tikz@lastx=\dimen194
\tikz@lasty=\dimen195
\tikz@lastxsaved=\dimen196
\tikz@lastysaved=\dimen197
\tikz@lastmovetox=\dimen198
\tikz@lastmovetoy=\dimen199
\tikzleveldistance=\dimen256
\tikzsiblingdistance=\dimen257
\tikz@figbox=\box62
\tikz@figbox@bg=\box63
\tikz@tempbox=\box64
\tikz@tempbox@bg=\box65
\tikztreelevel=\count287
\tikznumberofchildren=\count288
\tikznumberofcurrentchild=\count289
\tikz@fig@count=\count290

(C:\Users\kundai\AppData\Local\Programs\MiKTeX\tex/generic/pgf/modules\pgfmodul
ematrix.code.tex
File: pgfmodulematrix.code.tex 2023-01-15 v3.1.10 (3.1.10)
\pgfmatrixcurrentrow=\count291
\pgfmatrixcurrentcolumn=\count292
\pgf@matrix@numberofcolumns=\count293
)
\tikz@expandcount=\count294

(C:\Users\kundai\AppData\Local\Programs\MiKTeX\tex/generic/pgf/frontendlayer/ti
kz/libraries\tikzlibrarytopaths.code.tex
File: tikzlibrarytopaths.code.tex 2023-01-15 v3.1.10 (3.1.10)
)))
(C:\Users\kundai\AppData\Local\Programs\MiKTeX\tex/latex/pgfplots\pgfplots.sty
(C:\Users\kundai\AppData\Local\Programs\MiKTeX\tex/generic/pgfplots\pgfplots.re
vision.tex)
Package: pgfplots 2021/05/15 v1.18.1 Data Visualization (1.18.1)

(C:\Users\kundai\AppData\Local\Programs\MiKTeX\tex/generic/pgfplots\pgfplots.co
de.tex
(C:\Users\kundai\AppData\Local\Programs\MiKTeX\tex/generic/pgfplots\pgfplotscor
e.code.tex
\t@pgfplots@toka=\toks45
\t@pgfplots@tokb=\toks46
\t@pgfplots@tokc=\toks47
\pgfplots@tmpa=\dimen258
\c@pgfplots@coordindex=\count295
\c@pgfplots@scanlineindex=\count296

(C:\Users\kundai\AppData\Local\Programs\MiKTeX\tex/generic/pgfplots/sys\pgfplot
ssysgeneric.code.tex))
(C:\Users\kundai\AppData\Local\Programs\MiKTeX\tex/generic/pgfplots/libs\pgfplo
tslibrary.code.tex)
(C:\Users\kundai\AppData\Local\Programs\MiKTeX\tex/generic/pgfplots/oldpgfcompa
tib\pgfplotsoldpgfsupp_loader.code.tex
(C:\Users\kundai\AppData\Local\Programs\MiKTeX\tex/generic/pgf/libraries\pgflib
raryfpu.code.tex)
Package pgfplots: loading complementary utilities for your pgf version...
\t@pgf@toka=\toks48
\t@pgf@tokb=\toks49
\t@pgf@tokc=\toks50

(C:\Users\kundai\AppData\Local\Programs\MiKTeX\tex/generic/pgfplots/oldpgfcompa
tib\pgfplotsoldpgfsupp_pgfutil-common-lists.tex))
(C:\Users\kundai\AppData\Local\Programs\MiKTeX\tex/generic/pgfplots/util\pgfplo
tsutil.code.tex
(C:\Users\kundai\AppData\Local\Programs\MiKTeX\tex/generic/pgfplots/liststructu
re\pgfplotsliststructure.code.tex)
(C:\Users\kundai\AppData\Local\Programs\MiKTeX\tex/generic/pgfplots/liststructu
re\pgfplotsliststructureext.code.tex)
(C:\Users\kundai\AppData\Local\Programs\MiKTeX\tex/generic/pgfplots/liststructu
re\pgfplotsarray.code.tex
\c@pgfplotsarray@tmp=\count297
)
(C:\Users\kundai\AppData\Local\Programs\MiKTeX\tex/generic/pgfplots/liststructu
re\pgfplotsmatrix.code.tex)
(C:\Users\kundai\AppData\Local\Programs\MiKTeX\tex/generic/pgfplots/numtable\pg
fplotstableshared.code.tex
\c@pgfplotstable@counta=\count298
\t@pgfplotstable@a=\toks51
)
(C:\Users\kundai\AppData\Local\Programs\MiKTeX\tex/generic/pgfplots/liststructu
re\pgfplotsdeque.code.tex)
(C:\Users\kundai\AppData\Local\Programs\MiKTeX\tex/generic/pgfplots/util\pgfplo
tsbinary.code.tex
(C:\Users\kundai\AppData\Local\Programs\MiKTeX\tex/generic/pgfplots/util\pgfplo
tsbinary.data.code.tex))
(C:\Users\kundai\AppData\Local\Programs\MiKTeX\tex/generic/pgfplots/util\pgfplo
tsutil.verb.code.tex)
(C:\Users\kundai\AppData\Local\Programs\MiKTeX\tex/generic/pgfplots/libs\pgflib
rarypgfplots.surfshading.code.tex
\c@pgfplotslibrarysurf@no=\count299

(C:\Users\kundai\AppData\Local\Programs\MiKTeX\tex/generic/pgfplots/sys\pgflibr
arypgfplots.surfshading.pgfsys-pdftex.def)))
(C:\Users\kundai\AppData\Local\Programs\MiKTeX\tex/generic/pgfplots/util\pgfplo
tscolormap.code.tex
(C:\Users\kundai\AppData\Local\Programs\MiKTeX\tex/generic/pgfplots/util\pgfplo
tscolor.code.tex))
(C:\Users\kundai\AppData\Local\Programs\MiKTeX\tex/generic/pgfplots\pgfplotssta
ckedplots.code.tex)
(C:\Users\kundai\AppData\Local\Programs\MiKTeX\tex/generic/pgfplots\pgfplotsplo
thandlers.code.tex
(C:\Users\kundai\AppData\Local\Programs\MiKTeX\tex/generic/pgfplots\pgfplotsmes
hplothandler.code.tex
(C:\Users\kundai\AppData\Local\Programs\MiKTeX\tex/generic/pgfplots\pgfplotsmes
hplotimage.code.tex)))
(C:\Users\kundai\AppData\Local\Programs\MiKTeX\tex/generic/pgfplots\pgfplots.sc
aling.code.tex)
(C:\Users\kundai\AppData\Local\Programs\MiKTeX\tex/generic/pgfplots\pgfplotscoo
rdprocessing.code.tex)
(C:\Users\kundai\AppData\Local\Programs\MiKTeX\tex/generic/pgfplots\pgfplots.er
rorbars.code.tex)
(C:\Users\kundai\AppData\Local\Programs\MiKTeX\tex/generic/pgfplots\pgfplots.ma
rkers.code.tex)
(C:\Users\kundai\AppData\Local\Programs\MiKTeX\tex/generic/pgfplots\pgfplotstic
ks.code.tex)
(C:\Users\kundai\AppData\Local\Programs\MiKTeX\tex/generic/pgfplots\pgfplots.pa
ths.code.tex)
(C:\Users\kundai\AppData\Local\Programs\MiKTeX\tex/generic/pgf/frontendlayer/ti
kz/libraries\tikzlibrarydecorations.code.tex
(C:\Users\kundai\AppData\Local\Programs\MiKTeX\tex/generic/pgf/modules\pgfmodul
edecorations.code.tex
\pgfdecoratedcompleteddistance=\dimen259
\pgfdecoratedremainingdistance=\dimen260
\pgfdecoratedinputsegmentcompleteddistance=\dimen261
\pgfdecoratedinputsegmentremainingdistance=\dimen262
\pgf@decorate@distancetomove=\dimen263
\pgf@decorate@repeatstate=\count300
\pgfdecorationsegmentamplitude=\dimen264
\pgfdecorationsegmentlength=\dimen265
)
\tikz@lib@dec@box=\box66
)
(C:\Users\kundai\AppData\Local\Programs\MiKTeX\tex/generic/pgf/frontendlayer/ti
kz/libraries\tikzlibrarydecorations.pathmorphing.code.tex
(C:\Users\kundai\AppData\Local\Programs\MiKTeX\tex/generic/pgf/libraries/decora
tions\pgflibrarydecorations.pathmorphing.code.tex))
(C:\Users\kundai\AppData\Local\Programs\MiKTeX\tex/generic/pgf/frontendlayer/ti
kz/libraries\tikzlibrarydecorations.pathreplacing.code.tex
(C:\Users\kundai\AppData\Local\Programs\MiKTeX\tex/generic/pgf/libraries/decora
tions\pgflibrarydecorations.pathreplacing.code.tex))
(C:\Users\kundai\AppData\Local\Programs\MiKTeX\tex/generic/pgfplots/libs\tikzli
brarypgfplots.contourlua.code.tex)
\pgfplots@numplots=\count301
\pgfplots@xmin@reg=\dimen266
\pgfplots@xmax@reg=\dimen267
\pgfplots@ymin@reg=\dimen268
\pgfplots@ymax@reg=\dimen269
\pgfplots@zmin@reg=\dimen270
\pgfplots@zmax@reg=\dimen271
)
(C:\Users\kundai\AppData\Local\Programs\MiKTeX\tex/generic/pgf/frontendlayer/ti
kz/libraries\tikzlibraryplotmarks.code.tex
File: tikzlibraryplotmarks.code.tex 2023-01-15 v3.1.10 (3.1.10)

(C:\Users\kundai\AppData\Local\Programs\MiKTeX\tex/generic/pgf/libraries\pgflib
raryplotmarks.code.tex
File: pgflibraryplotmarks.code.tex 2023-01-15 v3.1.10 (3.1.10)
)))
(C:\Users\kundai\AppData\Local\Programs\MiKTeX\tex/latex/booktabs\booktabs.sty
Package: booktabs 2020/01/12 v1.61803398 Publication quality tables
\heavyrulewidth=\dimen272
\lightrulewidth=\dimen273
\cmidrulewidth=\dimen274
\belowrulesep=\dimen275
\belowbottomsep=\dimen276
\aboverulesep=\dimen277
\abovetopsep=\dimen278
\cmidrulesep=\dimen279
\cmidrulekern=\dimen280
\defaultaddspace=\dimen281
\@cmidla=\count302
\@cmidlb=\count303
\@aboverulesep=\dimen282
\@belowrulesep=\dimen283
\@thisruleclass=\count304
\@lastruleclass=\count305
\@thisrulewidth=\dimen284
) (C:\Users\kundai\AppData\Local\Programs\MiKTeX\tex/latex/multirow\multirow.st
y
Package: multirow 2024/11/12 v2.9 Span multiple rows of a table
\multirow@colwidth=\skip56
\multirow@cntb=\count306
\multirow@dima=\skip57
\bigstrutjot=\dimen285
) (C:\Users\kundai\AppData\Local\Programs\MiKTeX\tex/latex/tools\array.sty
Package: array 2023/10/16 v2.5g Tabular extension package (FMi)
\col@sep=\dimen286
\ar@mcellbox=\box67
\extrarowheight=\dimen287
\NC@list=\toks52
\extratabsurround=\skip58
\backup@length=\skip59
\ar@cellbox=\box68
)
(C:\Users\kundai\AppData\Local\Programs\MiKTeX\tex/latex/siunitx\siunitx.sty
Package: siunitx 2025-07-09 v3.4.14 A comprehensive (SI) units package
\l__siunitx_number_uncert_offset_int=\count307
\l__siunitx_number_exponent_fixed_int=\count308
\l__siunitx_number_min_decimal_int=\count309
\l__siunitx_number_min_integer_int=\count310
\l__siunitx_number_round_precision_int=\count311
\l__siunitx_number_lower_threshold_int=\count312
\l__siunitx_number_upper_threshold_int=\count313
\l__siunitx_number_group_first_int=\count314
\l__siunitx_number_group_size_int=\count315
\l__siunitx_number_group_minimum_int=\count316
\l__siunitx_angle_tmp_dim=\dimen288
\l__siunitx_angle_marker_box=\box69
\l__siunitx_angle_unit_box=\box70
\l__siunitx_compound_count_int=\count317

(C:\Users\kundai\AppData\Local\Programs\MiKTeX\tex/latex/translations\translati
ons.sty
Package: translations 2022/02/05 v1.12 internationalization of LaTeX2e packages
 (CN)

(C:\Users\kundai\AppData\Local\Programs\MiKTeX\tex/latex/etoolbox\etoolbox.sty
Package: etoolbox 2020/10/05 v2.5k e-TeX tools for LaTeX (JAW)
\etb@tempcnta=\count318
)
(C:\Users\kundai\AppData\Local\Programs\MiKTeX\tex/generic/pdftexcmds\pdftexcmd
s.sty
Package: pdftexcmds 2020-06-27 v0.33 Utility functions of pdfTeX for LuaTeX (HO
)

(C:\Users\kundai\AppData\Local\Programs\MiKTeX\tex/generic/infwarerr\infwarerr.
sty
Package: infwarerr 2019/12/03 v1.5 Providing info/warning/error messages (HO)
) (C:\Users\kundai\AppData\Local\Programs\MiKTeX\tex/generic/iftex\iftex.sty
Package: iftex 2022/02/03 v1.0f TeX engine tests
)
(C:\Users\kundai\AppData\Local\Programs\MiKTeX\tex/generic/ltxcmds\ltxcmds.sty
Package: ltxcmds 2023-12-04 v1.26 LaTeX kernel commands for general use (HO)
)
Package pdftexcmds Info: \pdf@primitive is available.
Package pdftexcmds Info: \pdf@ifprimitive is available.
Package pdftexcmds Info: \pdfdraftmode found.
))
\l__siunitx_table_tmp_box=\box71
\l__siunitx_table_tmp_dim=\dimen289
\l__siunitx_table_column_width_dim=\dimen290
\l__siunitx_table_integer_box=\box72
\l__siunitx_table_decimal_box=\box73
\l__siunitx_table_uncert_box=\box74
\l__siunitx_table_before_box=\box75
\l__siunitx_table_after_box=\box76
\l__siunitx_table_before_dim=\dimen291
\l__siunitx_table_carry_dim=\dimen292
\l__siunitx_unit_tmp_int=\count319
\l__siunitx_unit_position_int=\count320
\l__siunitx_unit_total_int=\count321
)
(C:\Users\kundai\AppData\Local\Programs\MiKTeX\tex/latex/physics\physics.sty
Package: physics 

(C:\Users\kundai\AppData\Local\Programs\MiKTeX\tex/latex/l3packages/xparse\xpar
se.sty
(C:\Users\kundai\AppData\Local\Programs\MiKTeX\tex/latex/l3kernel\expl3.sty
Package: expl3 2024-01-04 L3 programming layer (loader) 

(C:\Users\kundai\AppData\Local\Programs\MiKTeX\tex/latex/l3backend\l3backend-pd
ftex.def
File: l3backend-pdftex.def 2024-01-04 L3 backend support: PDF output (pdfTeX)
\l__color_backend_stack_int=\count322
\l__pdf_internal_box=\box77
))
Package: xparse 2023-10-10 L3 Experimental document command parser
))
(C:\Users\kundai\AppData\Local\Programs\MiKTeX\tex/latex/url\url.sty
\Urlmuskip=\muskip17
Package: url 2013/09/16  ver 3.4  Verb mode for urls, etc.
)
(C:\Users\kundai\AppData\Local\Programs\MiKTeX\tex/latex/hyperref\hyperref.sty
Package: hyperref 2023-11-26 v7.01g Hypertext links for LaTeX

(C:\Users\kundai\AppData\Local\Programs\MiKTeX\tex/latex/kvsetkeys\kvsetkeys.st
y
Package: kvsetkeys 2022-10-05 v1.19 Key value parser (HO)
)
(C:\Users\kundai\AppData\Local\Programs\MiKTeX\tex/generic/kvdefinekeys\kvdefin
ekeys.sty
Package: kvdefinekeys 2019-12-19 v1.6 Define keys (HO)
)
(C:\Users\kundai\AppData\Local\Programs\MiKTeX\tex/generic/pdfescape\pdfescape.
sty
Package: pdfescape 2019/12/09 v1.15 Implements pdfTeX's escape features (HO)
)
(C:\Users\kundai\AppData\Local\Programs\MiKTeX\tex/latex/hycolor\hycolor.sty
Package: hycolor 2020-01-27 v1.10 Color options for hyperref/bookmark (HO)
)
(C:\Users\kundai\AppData\Local\Programs\MiKTeX\tex/latex/letltxmacro\letltxmacr
o.sty
Package: letltxmacro 2019/12/03 v1.6 Let assignment for LaTeX macros (HO)
)
(C:\Users\kundai\AppData\Local\Programs\MiKTeX\tex/latex/auxhook\auxhook.sty
Package: auxhook 2019-12-17 v1.6 Hooks for auxiliary files (HO)
)
(C:\Users\kundai\AppData\Local\Programs\MiKTeX\tex/latex/hyperref\nameref.sty
Package: nameref 2023-11-26 v2.56 Cross-referencing by name of section

(C:\Users\kundai\AppData\Local\Programs\MiKTeX\tex/latex/refcount\refcount.sty
Package: refcount 2019/12/15 v3.6 Data extraction from label references (HO)
)
(C:\Users\kundai\AppData\Local\Programs\MiKTeX\tex/generic/gettitlestring\getti
tlestring.sty
Package: gettitlestring 2019/12/15 v1.6 Cleanup title references (HO)

(C:\Users\kundai\AppData\Local\Programs\MiKTeX\tex/latex/kvoptions\kvoptions.st
y
Package: kvoptions 2022-06-15 v3.15 Key value format for package options (HO)
))
\c@section@level=\count323
)
\@linkdim=\dimen293
\Hy@linkcounter=\count324
\Hy@pagecounter=\count325

(C:\Users\kundai\AppData\Local\Programs\MiKTeX\tex/latex/hyperref\pd1enc.def
File: pd1enc.def 2023-11-26 v7.01g Hyperref: PDFDocEncoding definition (HO)
Now handling font encoding PD1 ...
... no UTF-8 mapping file for font encoding PD1
)
(C:\Users\kundai\AppData\Local\Programs\MiKTeX\tex/generic/intcalc\intcalc.sty
Package: intcalc 2019/12/15 v1.3 Expandable calculations with integers (HO)
)
\Hy@SavedSpaceFactor=\count326
(C:\Users\kundai\AppData\Local\Programs\MiKTeX\tex/latex/hyperref\puenc.def
File: puenc.def 2023-11-26 v7.01g Hyperref: PDF Unicode definition (HO)
Now handling font encoding PU ...
... no UTF-8 mapping file for font encoding PU
)
Package hyperref Info: Hyper figures OFF on input line 4181.
Package hyperref Info: Link nesting OFF on input line 4186.
Package hyperref Info: Hyper index ON on input line 4189.
Package hyperref Info: Plain pages OFF on input line 4196.
Package hyperref Info: Backreferencing OFF on input line 4201.
Package hyperref Info: Implicit mode ON; LaTeX internals redefined.
Package hyperref Info: Bookmarks ON on input line 4448.
\c@Hy@tempcnt=\count327
LaTeX Info: Redefining \url on input line 4786.
\XeTeXLinkMargin=\dimen294

(C:\Users\kundai\AppData\Local\Programs\MiKTeX\tex/generic/bitset\bitset.sty
Package: bitset 2019/12/09 v1.3 Handle bit-vector datatype (HO)

(C:\Users\kundai\AppData\Local\Programs\MiKTeX\tex/generic/bigintcalc\bigintcal
c.sty
Package: bigintcalc 2019/12/15 v1.5 Expandable calculations on big integers (HO
)
))
\Fld@menulength=\count328
\Field@Width=\dimen295
\Fld@charsize=\dimen296
Package hyperref Info: Hyper figures OFF on input line 6065.
Package hyperref Info: Link nesting OFF on input line 6070.
Package hyperref Info: Hyper index ON on input line 6073.
Package hyperref Info: backreferencing OFF on input line 6080.
Package hyperref Info: Link coloring OFF on input line 6085.
Package hyperref Info: Link coloring with OCG OFF on input line 6090.
Package hyperref Info: PDF/A mode OFF on input line 6095.

(C:\Users\kundai\AppData\Local\Programs\MiKTeX\tex/latex/base\atbegshi-ltx.sty
Package: atbegshi-ltx 2021/01/10 v1.0c Emulation of the original atbegshi
package with kernel methods
)
\Hy@abspage=\count329
\c@Item=\count330
\c@Hfootnote=\count331
)
Package hyperref Info: Driver (autodetected): hpdftex.
 (C:\Users\kundai\AppData\Local\Programs\MiKTeX\tex/latex/hyperref\hpdftex.def
File: hpdftex.def 2023-11-26 v7.01g Hyperref driver for pdfTeX

(C:\Users\kundai\AppData\Local\Programs\MiKTeX\tex/latex/base\atveryend-ltx.sty
Package: atveryend-ltx 2020/08/19 v1.0a Emulation of the original atveryend pac
kage
with kernel methods
)
\Fld@listcount=\count332
\c@bookmark@seq@number=\count333

(C:\Users\kundai\AppData\Local\Programs\MiKTeX\tex/latex/rerunfilecheck\rerunfi
lecheck.sty
Package: rerunfilecheck 2025-06-21 v1.11 Rerun checks for auxiliary files (HO)

(C:\Users\kundai\AppData\Local\Programs\MiKTeX\tex/generic/uniquecounter\unique
counter.sty
Package: uniquecounter 2019/12/15 v1.4 Provide unlimited unique counter (HO)
)
Package uniquecounter Info: New unique counter `rerunfilecheck' on input line 2
84.
)
\Hy@SectionHShift=\skip60
)
(C:\Users\kundai\AppData\Local\Programs\MiKTeX\tex/latex/geometry\geometry.sty
Package: geometry 2020/01/02 v5.9 Page Geometry

(C:\Users\kundai\AppData\Local\Programs\MiKTeX\tex/generic/iftex\ifvtex.sty
Package: ifvtex 2019/10/25 v1.7 ifvtex legacy package. Use iftex instead.
)
\Gm@cnth=\count334
\Gm@cntv=\count335
\c@Gm@tempcnt=\count336
\Gm@bindingoffset=\dimen297
\Gm@wd@mp=\dimen298
\Gm@odd@mp=\dimen299
\Gm@even@mp=\dimen300
\Gm@layoutwidth=\dimen301
\Gm@layoutheight=\dimen302
\Gm@layouthoffset=\dimen303
\Gm@layoutvoffset=\dimen304
\Gm@dimlist=\toks53

(C:\Users\kundai\AppData\Local\Programs\MiKTeX\tex/latex/geometry\geometry.cfg)
) (C:\Users\kundai\AppData\Local\Programs\MiKTeX\tex/latex/natbib\natbib.sty
Package: natbib 2010/09/13 8.31b (PWD, AO)
\bibhang=\skip61
\bibsep=\skip62
LaTeX Info: Redefining \cite on input line 694.
\c@NAT@ctr=\count337
)
(C:\Users\kundai\AppData\Local\Programs\MiKTeX\tex/latex/fancyhdr\fancyhdr.sty
Package: fancyhdr 2025/02/07 v5.2 Extensive control of page headers and footers

\f@nch@headwidth=\skip63
\f@nch@offset@elh=\skip64
\f@nch@offset@erh=\skip65
\f@nch@offset@olh=\skip66
\f@nch@offset@orh=\skip67
\f@nch@offset@elf=\skip68
\f@nch@offset@erf=\skip69
\f@nch@offset@olf=\skip70
\f@nch@offset@orf=\skip71
\f@nch@height=\skip72
\f@nch@footalignment=\skip73
\f@nch@widthL=\skip74
\f@nch@widthC=\skip75
\f@nch@widthR=\skip76
\@temptokenb=\toks54
)
(C:\Users\kundai\AppData\Local\Programs\MiKTeX\tex/latex/algorithms\algorithm.s
ty
Package: algorithm 2009/08/24 v0.1 Document Style `algorithm' - floating enviro
nment
 (C:\Users\kundai\AppData\Local\Programs\MiKTeX\tex/latex/base\ifthen.sty
Package: ifthen 2022/04/13 v1.1d Standard LaTeX ifthen package (DPC)
)
\@float@every@algorithm=\toks55
\c@algorithm=\count338
)
(C:\Users\kundai\AppData\Local\Programs\MiKTeX\tex/latex/algorithmicx\algpseudo
code.sty
Package: algpseudocode 

(C:\Users\kundai\AppData\Local\Programs\MiKTeX\tex/latex/algorithmicx\algorithm
icx.sty
Package: algorithmicx 2005/04/27 v1.2 Algorithmicx

Document Style algorithmicx 1.2 - a greatly improved `algorithmic' style
\c@ALG@line=\count339
\c@ALG@rem=\count340
\c@ALG@nested=\count341
\ALG@tlm=\skip77
\ALG@thistlm=\skip78
\c@ALG@Lnr=\count342
\c@ALG@blocknr=\count343
\c@ALG@storecount=\count344
\c@ALG@tmpcounter=\count345
\ALG@tmplength=\skip79
)
Document Style - pseudocode environments for use with the `algorithmicx' style
)
(C:\Users\kundai\AppData\Local\Programs\MiKTeX\tex/latex/mathtools\mathtools.st
y
Package: mathtools 2024/10/04 v1.31 mathematical typesetting tools
 (C:\Users\kundai\AppData\Local\Programs\MiKTeX\tex/latex/tools\calc.sty
Package: calc 2023/07/08 v4.3 Infix arithmetic (KKT,FJ)
\calc@Acount=\count346
\calc@Bcount=\count347
\calc@Adimen=\dimen305
\calc@Bdimen=\dimen306
\calc@Askip=\skip80
\calc@Bskip=\skip81
LaTeX Info: Redefining \setlength on input line 80.
LaTeX Info: Redefining \addtolength on input line 81.
\calc@Ccount=\count348
\calc@Cskip=\skip82
)
(C:\Users\kundai\AppData\Local\Programs\MiKTeX\tex/latex/mathtools\mhsetup.sty
Package: mhsetup 2021/03/18 v1.4 programming setup (MH)
)
\g_MT_multlinerow_int=\count349
\l_MT_multwidth_dim=\dimen307
\origjot=\skip83
\l_MT_shortvdotswithinadjustabove_dim=\dimen308
\l_MT_shortvdotswithinadjustbelow_dim=\dimen309
\l_MT_above_intertext_sep=\dimen310
\l_MT_below_intertext_sep=\dimen311
\l_MT_above_shortintertext_sep=\dimen312
\l_MT_below_shortintertext_sep=\dimen313
\xmathstrut@box=\box78
\xmathstrut@dim=\dimen314
)
(C:\Users\kundai\AppData\Local\Programs\MiKTeX\tex/latex/oberdiek\centernot.sty
Package: centernot 2016/05/16 v1.4 Centers the not symbol horizontally (HO)
)
\c@theorem=\count350
Package translations Info: No language package found. I am going to use `englis
h' as default language. on input line 55.
 (reformulation-of-ideal-gas-laws.aux

LaTeX Warning: Label `fig:categorical_enthalpy' multiply defined.


LaTeX Warning: Label `eq:categorical_temperature' multiply defined.

)
\openout1 = `reformulation-of-ideal-gas-laws.aux'.

LaTeX Font Info:    Checking defaults for OML/cmm/m/it on input line 55.
LaTeX Font Info:    ... okay on input line 55.
LaTeX Font Info:    Checking defaults for OMS/cmsy/m/n on input line 55.
LaTeX Font Info:    ... okay on input line 55.
LaTeX Font Info:    Checking defaults for OT1/cmr/m/n on input line 55.
LaTeX Font Info:    ... okay on input line 55.
LaTeX Font Info:    Checking defaults for T1/cmr/m/n on input line 55.
LaTeX Font Info:    ... okay on input line 55.
LaTeX Font Info:    Checking defaults for TS1/cmr/m/n on input line 55.
LaTeX Font Info:    ... okay on input line 55.
LaTeX Font Info:    Checking defaults for OMX/cmex/m/n on input line 55.
LaTeX Font Info:    ... okay on input line 55.
LaTeX Font Info:    Checking defaults for U/cmr/m/n on input line 55.
LaTeX Font Info:    ... okay on input line 55.
LaTeX Font Info:    Checking defaults for PD1/pdf/m/n on input line 55.
LaTeX Font Info:    ... okay on input line 55.
LaTeX Font Info:    Checking defaults for PU/pdf/m/n on input line 55.
LaTeX Font Info:    ... okay on input line 55.

(C:\Users\kundai\AppData\Local\Programs\MiKTeX\tex/context/base/mkii\supp-pdf.m
kii
[Loading MPS to PDF converter (version 2006.09.02).]
\scratchcounter=\count351
\scratchdimen=\dimen315
\scratchbox=\box79
\nofMPsegments=\count352
\nofMParguments=\count353
\everyMPshowfont=\toks56
\MPscratchCnt=\count354
\MPscratchDim=\dimen316
\MPnumerator=\count355
\makeMPintoPDFobject=\count356
\everyMPtoPDFconversion=\toks57
)
(C:\Users\kundai\AppData\Local\Programs\MiKTeX\tex/latex/epstopdf-pkg\epstopdf-
base.sty
Package: epstopdf-base 2020-01-24 v2.11 Base part for package epstopdf
Package epstopdf-base Info: Redefining graphics rule for `.eps' on input line 4
85.

(C:\Users\kundai\AppData\Local\Programs\MiKTeX\tex/latex/00miktex\epstopdf-sys.
cfg
File: epstopdf-sys.cfg 2021/03/18 v2.0 Configuration of epstopdf for MiKTeX
))
Package pgfplots notification 'compat/show suggested version=true': document ha
s been generated with the most recent feature set (\pgfplotsset{compat=1.18}).


Package siunitx Warning: Detected the "physics" package:
(siunitx)                omitting definition of \qty.
(siunitx)                
(siunitx)                If you want to use \qty with the siunitx definition,
(siunitx)                add 
(siunitx)                
(siunitx)                    \AtBeginDocument{\RenewCommandCopy\qty\SI}
(siunitx)                
(siunitx)                to your preamble.


(C:\Users\kundai\AppData\Local\Programs\MiKTeX\tex/latex/translations/dicts\tra
nslations-basic-dictionary-english.trsl
File: translations-basic-dictionary-english.trsl (english translation file `tra
nslations-basic-dictionary')
)
Package translations Info: loading dictionary `translations-basic-dictionary' f
or `english'. on input line 55.
Package hyperref Info: Link coloring OFF on input line 55.
 (reformulation-of-ideal-gas-laws.out)
(reformulation-of-ideal-gas-laws.out)
\@outlinefile=\write4
\openout4 = `reformulation-of-ideal-gas-laws.out'.


*geometry* driver: auto-detecting
*geometry* detected driver: pdftex
*geometry* verbose mode - [ preamble ] result:
* driver: pdftex
* paper: a4paper
* layout: <same size as paper>
* layoutoffset:(h,v)=(0.0pt,0.0pt)
* modes: 
* h-part:(L,W,R)=(72.26999pt, 452.9679pt, 72.26999pt)
* v-part:(T,H,B)=(72.26999pt, 700.50687pt, 72.26999pt)
* \paperwidth=597.50787pt
* \paperheight=845.04684pt
* \textwidth=452.9679pt
* \textheight=700.50687pt
* \oddsidemargin=0.0pt
* \evensidemargin=0.0pt
* \topmargin=-37.0pt
* \headheight=14.5pt
* \headsep=25.0pt
* \topskip=12.0pt
* \footskip=30.0pt
* \marginparwidth=35.0pt
* \marginparsep=10.0pt
* \columnsep=10.0pt
* \skip\footins=10.8pt plus 4.0pt minus 2.0pt
* \hoffset=0.0pt
* \voffset=0.0pt
* \mag=1000
* \@twocolumnfalse
* \@twosidefalse
* \@mparswitchfalse
* \@reversemarginfalse
* (1in=72.27pt=25.4mm, 1cm=28.453pt)

LaTeX Font Info:    Trying to load font information for U+msa on input line 58.

(C:\Users\kundai\AppData\Local\Programs\MiKTeX\tex/latex/amsfonts\umsa.fd
File: umsa.fd 2013/01/14 v3.01 AMS symbols A
)
LaTeX Font Info:    Trying to load font information for U+msb on input line 58.


(C:\Users\kundai\AppData\Local\Programs\MiKTeX\tex/latex/amsfonts\umsb.fd
File: umsb.fd 2013/01/14 v3.01 AMS symbols B
)
LaTeX Font Info:    Trying to load font information for T1+cmtt on input line 5
8.

(C:\Users\kundai\AppData\Local\Programs\MiKTeX\tex/latex/base\t1cmtt.fd
File: t1cmtt.fd 2023/04/13 v2.5m Standard LaTeX font definitions
)
Overfull \hbox (23.34639pt too wide) in paragraph at lines 70--71
\T1/cmr/bx/n/10.95 space, ideal gas law, Maxwell-Boltzmann dis-tri-bu-tion, res
olution-independent
 []

[1

{C:/Users/kundai/AppData/Local/MiKTeX/fonts/map/pdftex/pdftex.map}]
(reformulation-of-ideal-gas-laws.toc [2] [3] [4] [5])
\tf@toc=\write5
\openout5 = `reformulation-of-ideal-gas-laws.toc'.

 [6] [7] [8] [9]

LaTeX Warning: Reference `sec:velocity' on page 10 undefined on input line 209.



LaTeX Warning: Reference `sec:ideal_gas' on page 10 undefined on input line 209
.


LaTeX Warning: Reference `sec:velocity' on page 10 undefined on input line 209.


(sections/categorical-entropy.tex

Package natbib Warning: Citation `boltzmann1877' on page 10 undefined on input 
line 17.

[10]
<figures/fig_entropy_derivations.png, id=1171, 1076.823pt x 417.4797pt>
File: figures/fig_entropy_derivations.png Graphic file (type png)
<use figures/fig_entropy_derivations.png>
Package pdftex.def Info: figures/fig_entropy_derivations.png  used on input lin
e 38.
(pdftex.def)             Requested size: 452.9679pt x 175.6142pt.
 [11 <./figures/fig_entropy_derivations.png>] [12] [13]
<figures/topology_categories_panel.png, id=1208, 916.8654pt x 674.2791pt>
File: figures/topology_categories_panel.png Graphic file (type png)
<use figures/topology_categories_panel.png>
Package pdftex.def Info: figures/topology_categories_panel.png  used on input l
ine 175.
(pdftex.def)             Requested size: 452.9679pt x 333.12614pt.


LaTeX Warning: Float too large for page by 77.61928pt on input line 184.

[14] [15 <./figures/topology_categories_panel.png>])
(sections/oscillatory-entropy.tex
<figures/fig_pendulum_triple_equivalence.png, id=1231, 1004.553pt x 748.9581pt>

File: figures/fig_pendulum_triple_equivalence.png Graphic file (type png)
<use figures/fig_pendulum_triple_equivalence.png>
Package pdftex.def Info: figures/fig_pendulum_triple_equivalence.png  used on i
nput line 36.
(pdftex.def)             Requested size: 452.9679pt x 337.71371pt.


LaTeX Warning: Float too large for page by 41.70612pt on input line 46.

[16] [17 <./figures/fig_pendulum_triple_equivalence.png>] [18] [19] [20]

LaTeX Warning: File `figures/panel2_entropy_derivation.png' not found on input 
line 250.


! Package pdftex.def Error: File `figures/panel2_entropy_derivation.png' not fo
und: using draft setting.

See the pdftex.def package documentation for explanation.
Type  H <return>  for immediate help.
 ...                                              
                                                  
l.250 ...h]{figures/panel2_entropy_derivation.png}
                                                  
Try typing  <return>  to proceed.
If that doesn't work, type  X <return>  to quit.

[21] [22]) (sections/partition-entropy.tex

LaTeX Warning: File `figures/panel_partition.png' not found on input line 32.


! Package pdftex.def Error: File `figures/panel_partition.png' not found: using
 draft setting.

See the pdftex.def package documentation for explanation.
Type  H <return>  for immediate help.
 ...                                              
                                                  
l.32 ...h=\textwidth]{figures/panel_partition.png}
                                                  
Try typing  <return>  to proceed.
If that doesn't work, type  X <return>  to quit.


LaTeX Warning: Float too large for page by 214.41823pt on input line 39.

[23] [24] [25] [26]
<figures/panel_partition_lag.png, id=1350, 1005.5166pt x 854.2314pt>
File: figures/panel_partition_lag.png Graphic file (type png)
<use figures/panel_partition_lag.png>
Package pdftex.def Info: figures/panel_partition_lag.png  used on input line 18
5.
(pdftex.def)             Requested size: 452.9679pt x 384.81769pt.


LaTeX Warning: Float too large for page by 205.20949pt on input line 193.

[27] [28 <./figures/panel_partition_lag.png>] [29]
Overfull \hbox (14.19693pt too wide) in paragraph at lines 276--277
[]\T1/cmr/bx/n/12 Broader im-pli-ca-tions: \T1/cmr/m/n/12 Any rate pro-cess^^Vd
iffusion, re-lax-ation, chem-i-cal re-ac-tion^^Vcan
 []

) (sections/enthalpy.tex
Overfull \hbox (6.53644pt too wide) in paragraph at lines 4--5
\T1/cmr/m/n/12 Having de-rived en-tropy from three per-spec-tives^^Vcategorical
, os-cil-la-tory, and par-ti-tion^^Vwe
 []

[30] [31]
<figures/panel3_categorical_enthalpy.png, id=1410, 981.1857pt x 645.8529pt>
File: figures/panel3_categorical_enthalpy.png Graphic file (type png)
<use figures/panel3_categorical_enthalpy.png>
Package pdftex.def Info: figures/panel3_categorical_enthalpy.png  used on input
 line 118.
(pdftex.def)             Requested size: 452.9679pt x 298.16028pt.
 [32] [33 <./figures/panel3_categorical_enthalpy.png>] [34] [35]
[36]
<figures/panel_categorical_enthalpy.png, id=1465, 1005.0348pt x 854.2314pt>
File: figures/panel_categorical_enthalpy.png Graphic file (type png)
<use figures/panel_categorical_enthalpy.png>
Package pdftex.def Info: figures/panel_categorical_enthalpy.png  used on input 
line 309.
(pdftex.def)             Requested size: 452.9679pt x 385.00017pt.


LaTeX Warning: Float too large for page by 1.32607pt on input line 316.

[37] [38 <./figures/panel_categorical_enthalpy.png>]) (sections/temperature.tex
[39] [40] [41]
<figures/panel_thermal_vibrational.png, id=1526, 1005.9984pt x 856.1586pt>
File: figures/panel_thermal_vibrational.png Graphic file (type png)
<use figures/panel_thermal_vibrational.png>
Package pdftex.def Info: figures/panel_thermal_vibrational.png  used on input l
ine 118.
(pdftex.def)             Requested size: 452.9679pt x 385.50296pt.


LaTeX Warning: Float too large for page by 118.49536pt on input line 125.

[42] [43 <./figures/panel_thermal_vibrational.png>]
Overfull \hbox (2.27681pt too wide) in paragraph at lines 174--175
[]\T1/cmr/m/n/12 High-temperature sys-tems equi-li-brate quickly (short re-lax-
ation time); low-temperature
 []

[44]
<figures/fig_temperature_perspectives.png, id=1565, 714.2685pt x 569.2467pt>
File: figures/fig_temperature_perspectives.png Graphic file (type png)
<use figures/fig_temperature_perspectives.png>
Package pdftex.def Info: figures/fig_temperature_perspectives.png  used on inpu
t line 230.
(pdftex.def)             Requested size: 452.9679pt x 361.00728pt.


LaTeX Warning: Float too large for page by 20.83318pt on input line 237.

[45] [46 <./figures/fig_temperature_perspectives.png>]) (sections/pressure.tex
[47]
<figures/panel_vap_results.png, id=1600, 1004.0712pt x 853.2678pt>
File: figures/panel_vap_results.png Graphic file (type png)
<use figures/panel_vap_results.png>
Package pdftex.def Info: figures/panel_vap_results.png  used on input line 23.
(pdftex.def)             Requested size: 452.9679pt x 384.93044pt.


LaTeX Warning: Float too large for page by 2.42365pt on input line 30.


Overfull \hbox (0.3061pt too wide) in paragraph at lines 34--35
\T1/cmr/m/n/12 Pressure mea-sures the den-sity of cat-e-gor-i-cal dis-tinc-tion
s^^Vhow many cat-e-gories are packed
 []

[48] [49 <./figures/panel_vap_results.png>] [50] [51] [52]
<figures/fig_pressure_perspectives.png, id=1655, 714.9912pt x 567.8013pt>
File: figures/fig_pressure_perspectives.png Graphic file (type png)
<use figures/fig_pressure_perspectives.png>
Package pdftex.def Info: figures/fig_pressure_perspectives.png  used on input l
ine 276.
(pdftex.def)             Requested size: 452.9679pt x 359.72675pt.


LaTeX Warning: Float too large for page by 63.71915pt on input line 283.

[53] [54 <./figures/fig_pressure_perspectives.png>] [55])
(sections/internal-energy.tex [56]

Package hyperref Warning: Token not allowed in a PDF string (Unicode):
(hyperref)                removing `math shift' on input line 43.


Package hyperref Warning: Token not allowed in a PDF string (Unicode):
(hyperref)                removing `subscript' on input line 43.


Package hyperref Warning: Token not allowed in a PDF string (Unicode):
(hyperref)                removing `math shift' on input line 43.

[57]
<figures/fig_internal_energy.png, id=1710, 712.3413pt x 569.2467pt>
File: figures/fig_internal_energy.png Graphic file (type png)
<use figures/fig_internal_energy.png>
Package pdftex.def Info: figures/fig_internal_energy.png  used on input line 12
1.
(pdftex.def)             Requested size: 452.9679pt x 361.9888pt.


LaTeX Warning: Float too large for page by 36.3147pt on input line 128.

[58] [59 <./figures/fig_internal_energy.png>] [60]
<figures/panel_thermodynamics.png, id=1741, 893.739pt x 672.111pt>
File: figures/panel_thermodynamics.png Graphic file (type png)
<use figures/panel_thermodynamics.png>
Package pdftex.def Info: figures/panel_thermodynamics.png  used on input line 2
77.
(pdftex.def)             Requested size: 452.9679pt x 340.6389pt.
 [61] [62 <./figures/panel_thermodynamics.png>] [63]) (sections/ideal-gas-law.t
ex
Overfull \hbox (2.50862pt too wide) in paragraph at lines 363--1
[]\T1/cmr/m/n/12 The cat-e-gor-i-cal frame-work re-solves the equipar-ti-tion m
ys-tery: the $\OML/cmm/m/it/12 k[]T=\OT1/cmr/m/n/12 2$ \T1/cmr/m/n/12 per quadr
atic
 []

[64] [65]
<figures/panel_categorical_computing_gas_laws.png, id=1801, 1272.4338pt x 960.2
274pt>
File: figures/panel_categorical_computing_gas_laws.png Graphic file (type png)
<use figures/panel_categorical_computing_gas_laws.png>
Package pdftex.def Info: figures/panel_categorical_computing_gas_laws.png  used
 on input line 91.
(pdftex.def)             Requested size: 452.9679pt x 341.82816pt.


LaTeX Warning: Float too large for page by 74.15405pt on input line 99.

[66] [67 <./figures/panel_categorical_computing_gas_laws.png>]

LaTeX Warning: `h' float specifier changed to `ht'.

[68] [69]
<figures/fig_ideal_gas_law.png, id=1842, 714.5094pt x 569.2467pt>
File: figures/fig_ideal_gas_law.png Graphic file (type png)
<use figures/fig_ideal_gas_law.png>
Package pdftex.def Info: figures/fig_ideal_gas_law.png  used on input line 316.

(pdftex.def)             Requested size: 452.9679pt x 360.877pt.
 [70]) (sections/maxwell-distribution.tex [71] [72 <./figures/fig_ideal_gas_law
.png>]

LaTeX Warning: File `figures/panel_maxwell_equations.png' not found on input li
ne 23.


! Package pdftex.def Error: File `figures/panel_maxwell_equations.png' not foun
d: using draft setting.

See the pdftex.def package documentation for explanation.
Type  H <return>  for immediate help.
 ...                                              
                                                  
l.23 ...idth]{figures/panel_maxwell_equations.png}
                                                  
Try typing  <return>  to proceed.
If that doesn't work, type  X <return>  to quit.

[73] [74] [75]
<figures/fig_velocity_distributions.png, id=1903, 715.473pt x 568.0422pt>
File: figures/fig_velocity_distributions.png Graphic file (type png)
<use figures/fig_velocity_distributions.png>
Package pdftex.def Info: figures/fig_velocity_distributions.png  used on input 
line 144.
(pdftex.def)             Requested size: 452.9679pt x 359.628pt.


LaTeX Warning: Float too large for page by 62.9539pt on input line 151.

[76] [77 <./figures/fig_velocity_distributions.png>]

Package hyperref Warning: Token not allowed in a PDF string (Unicode):
(hyperref)                removing `math shift' on input line 234.


Package hyperref Warning: Token not allowed in a PDF string (Unicode):
(hyperref)                removing `math shift' on input line 234.

[78]
<figures/fig_speed_of_light_derivation.png, id=1933, 857.8449pt x 740.0448pt>
File: figures/fig_speed_of_light_derivation.png Graphic file (type png)
<use figures/fig_speed_of_light_derivation.png>
Package pdftex.def Info: figures/fig_speed_of_light_derivation.png  used on inp
ut line 266.
(pdftex.def)             Requested size: 452.9679pt x 390.77649pt.


LaTeX Warning: Float too large for page by 36.10239pt on input line 273.

[79] [80 <./figures/fig_speed_of_light_derivation.png>] [81]

LaTeX Warning: File `figures/panel_thermal_properties.png' not found on input l
ine 388.


! Package pdftex.def Error: File `figures/panel_thermal_properties.png' not fou
nd: using draft setting.

See the pdftex.def package documentation for explanation.
Type  H <return>  for immediate help.
 ...                                              
                                                  
l.388 ...th]{figures/panel_thermal_properties.png}
                                                  
Try typing  <return>  to proceed.
If that doesn't work, type  X <return>  to quit.


LaTeX Warning: Float too large for page by 143.32738pt on input line 395.

[82] [83]) (sections/trajectory-completion.tex
Overfull \hbox (12.74751pt too wide) in paragraph at lines 1--1
[]\T1/cmr/bx/n/17.28 Trajectory Com-ple-tion: So-lu-tions as Re-cur-rent Paths 

 []


LaTeX Warning: Reference `sec:entropy' on page 84 undefined on input line 30.

[84]
<figures/system_topology_panel.png, id=1992, 850.6179pt x 670.6656pt>
File: figures/system_topology_panel.png Graphic file (type png)
<use figures/system_topology_panel.png>
Package pdftex.def Info: figures/system_topology_panel.png  used on input line 
52.
(pdftex.def)             Requested size: 452.9679pt x 357.1396pt.


LaTeX Warning: Float too large for page by 46.632pt on input line 61.


Overfull \hbox (51.69711pt too wide) in paragraph at lines 70--71
[]\T1/cmr/m/n/12 The rate of cat-e-gor-i-cal traver-sal $\OML/cmm/m/it/12 dM=dt
$ \T1/cmr/m/n/12 is the tem-per-a-ture. This is not a metaphor^^Vtemperature
 []

[85] [86 <./figures/system_topology_panel.png>] [87]
<figures/panel_poincare_computing_gas_laws.png, id=2023, 1269.0612pt x 993.9534
pt>
File: figures/panel_poincare_computing_gas_laws.png Graphic file (type png)
<use figures/panel_poincare_computing_gas_laws.png>
Package pdftex.def Info: figures/panel_poincare_computing_gas_laws.png  used on
 input line 153.
(pdftex.def)             Requested size: 452.9679pt x 354.77449pt.


LaTeX Warning: Float too large for page by 102.26689pt on input line 161.

<figures/summary_all_instruments.png, id=2024, 1437.6912pt x 1390.4748pt>
File: figures/summary_all_instruments.png Graphic file (type png)
<use figures/summary_all_instruments.png>
Package pdftex.def Info: figures/summary_all_instruments.png  used on input lin
e 200.
(pdftex.def)             Requested size: 452.9679pt x 438.08675pt.

LaTeX Warning: Float too large for page by 126.91264pt on input line 214.

[88] [89 <./figures/panel_poincare_computing_gas_laws.png>] [90 <./figures/summ
ary_all_instruments.png>] [91]) (sections/categorical-memory.tex [92]
<figures/hardware_molecular_measurement_panel.png, id=2082, 1022.6205pt x 1116.
3306pt>
File: figures/hardware_molecular_measurement_panel.png Graphic file (type png)
<use figures/hardware_molecular_measurement_panel.png>
Package pdftex.def Info: figures/hardware_molecular_measurement_panel.png  used
 on input line 35.
(pdftex.def)             Requested size: 452.9679pt x 494.47452pt.


LaTeX Warning: Float too large for page by 154.30042pt on input line 44.

[93] [94 <./figures/hardware_molecular_measurement_panel.png>]

Package hyperref Warning: Token not allowed in a PDF string (Unicode):
(hyperref)                removing `math shift' on input line 97.


Package hyperref Warning: Token not allowed in a PDF string (Unicode):
(hyperref)                removing `superscript' on input line 97.


Package hyperref Warning: Token not allowed in a PDF string (Unicode):
(hyperref)                removing `math shift' on input line 97.

<figures/precision_by_difference_panel.png, id=2096, 1119.7032pt x 928.6695pt>
File: figures/precision_by_difference_panel.png Graphic file (type png)
<use figures/precision_by_difference_panel.png>
Package pdftex.def Info: figures/precision_by_difference_panel.png  used on inp
ut line 124.
(pdftex.def)             Requested size: 452.9679pt x 375.68398pt.

LaTeX Warning: Float too large for page by 50.00987pt on input line 135.

[95] [96 <./figures/precision_by_difference_panel.png>]
Underfull \hbox (badness 3354) in paragraph at lines 156--157
[]|\T1/cmr/m/n/12 Location emerges from ac-cess
 []

[97]
<figures/panel_categorical_memory_gas_laws.png, id=2125, 1238.7078pt x 993.9534
pt>
File: figures/panel_categorical_memory_gas_laws.png Graphic file (type png)
<use figures/panel_categorical_memory_gas_laws.png>
Package pdftex.def Info: figures/panel_categorical_memory_gas_laws.png  used on
 input line 236.
(pdftex.def)             Requested size: 452.9679pt x 363.46489pt.


LaTeX Warning: Float too large for page by 93.45802pt on input line 244.


LaTeX Warning: `h' float specifier changed to `ht'.

[98] [99 <./figures/panel_categorical_memory_gas_laws.png>])
(sections/ternary-representation.tex
Overfull \hbox (3.24362pt too wide) in paragraph at lines 1--1
[]\T1/cmr/bx/n/17.28 Ternary Rep-re-sen-ta-tion: Nat-u-ral En-cod-ing of Triple

 []

[100]
<figures/panel_ternary_computation_1.png, id=2155, 1244.9712pt x 993.9534pt>
File: figures/panel_ternary_computation_1.png Graphic file (type png)
<use figures/panel_ternary_computation_1.png>
Package pdftex.def Info: figures/panel_ternary_computation_1.png  used on input
 line 40.
(pdftex.def)             Requested size: 452.9679pt x 361.6449pt.


LaTeX Warning: Float too large for page by 51.1373pt on input line 48.


LaTeX Warning: `h' float specifier changed to `ht'.

[101] [102 <./figures/panel_ternary_computation_1.png>] [103]

LaTeX Warning: `h' float specifier changed to `ht'.

<figures/panel_ternary_computation_2.png, id=2191, 1258.9434pt x 993.9534pt>
File: figures/panel_ternary_computation_2.png Graphic file (type png)
<use figures/panel_ternary_computation_2.png>
Package pdftex.def Info: figures/panel_ternary_computation_2.png  used on input
 line 200.
(pdftex.def)             Requested size: 452.9679pt x 357.61063pt.

LaTeX Warning: Float too large for page by 47.10303pt on input line 209.

[104]
Underfull \hbox (badness 10000) in paragraph at lines 251--252
[]|\T1/cmr/m/n/12 Direct ma-nip-u-la-tion of three-
 []


LaTeX Warning: `h' float specifier changed to `ht'.


Overfull \hbox (28.29466pt too wide) in paragraph at lines 260--261
\T1/cmr/m/n/12 space, find their nat-u-ral com-pu-ta-tional form in ternary rep
-re-sen-ta-tion. The triple equivalence---
 []

[105] [106 <./figures/panel_ternary_computation_2.png>])
Overfull \hbox (2.22768pt too wide) in paragraph at lines 239--240
\OML/cmm/m/it/12 m\OMS/cmsy/m/n/12 h\OML/cmm/m/it/12 v[]\OMS/cmsy/m/n/12 i\OML/
cmm/m/it/12 =\OT1/cmr/m/n/12 (3\OML/cmm/m/it/12 k[]\OT1/cmr/m/n/12 )$\T1/cmr/m/
n/12 . This def-i-ni-tion makes tem-per-a-ture de-pen-dent on how ve-loc-ity is
 measured---
 []

[107]
Overfull \hbox (25.45976pt too wide) in paragraph at lines 261--262
[]\T1/cmr/m/n/12 In the cat-e-gor-i-cal frame-work, the dis-tri-bu-tion is over
 dis-crete cat-e-gories $\OML/cmm/m/it/12 m \OT1/cmr/m/n/12 = 0\OML/cmm/m/it/12
 ; \OT1/cmr/m/n/12 1\OML/cmm/m/it/12 ; [] ; M[]$\T1/cmr/m/n/12 ,
 []

[108]

LaTeX Warning: Reference `sec:entropy' on page 109 undefined on input line 304.


[109] [110]

LaTeX Warning: Reference `prop:bounded_oscillation' on page 111 undefined on in
put line 362.


LaTeX Warning: Reference `prop:oscillation_categories' on page 111 undefined on
 input line 362.


LaTeX Warning: Reference `prop:category_partition' on page 111 undefined on inp
ut line 362.

[111]

LaTeX Warning: Reference `sec:entropy' on page 112 undefined on input line 378.


[112] (reformulation-of-ideal-gas-laws.bbl)

Package natbib Warning: There were undefined citations.

[113] (reformulation-of-ideal-gas-laws.aux)
 ***********
LaTeX2e <2023-11-01> patch level 1
L3 programming layer <2024-01-04>
 ***********


LaTeX Warning: There were undefined references.


LaTeX Warning: There were multiply-defined labels.

Package rerunfilecheck Info: File `reformulation-of-ideal-gas-laws.out' has not
 changed.
(rerunfilecheck)             Checksum: 327479313C2182E9E5B6D18BD86F6EA2;44867.
 ) 
Here is how much of TeX's memory you used:
 39229 strings out of 474486
 929791 string characters out of 5743283
 1946542 words of memory out of 5000000
 59991 multiletter control sequences out of 15000+600000
 580915 words of font info for 95 fonts, out of 8000000 for 9000
 1141 hyphenation exceptions out of 8191
 84i,12n,93p,3595b,1187s stack positions out of 10000i,1000n,20000p,200000b,200000s
 <C:\Users\kundai\AppData\Local\MiKTeX\fonts/pk/ljfour/jknappen/ec/dpi600\ecb
i1200.pk> <C:\Users\kundai\AppData\Local\MiKTeX\fonts/pk/ljfour/jknappen/ec/dpi
600\ecrm0600.pk> <C:\Users\kundai\AppData\Local\MiKTeX\fonts/pk/ljfour/jknappen
/ec/dpi600\ecti0800.pk> <C:\Users\kundai\AppData\Local\MiKTeX\fonts/pk/ljfour/j
knappen/ec/dpi600\ectt1200.pk> <C:\Users\kundai\AppData\Local\MiKTeX\fonts/pk/l
jfour/jknappen/ec/dpi600\tcrm1200.pk> <C:\Users\kundai\AppData\Local\MiKTeX\fon
ts/pk/ljfour/jknappen/ec/dpi600\ecti1200.pk> <C:\Users\kundai\AppData\Local\MiK
TeX\fonts/pk/ljfour/jknappen/ec/dpi600\ecbx1440.pk> <C:\Users\kundai\AppData\Lo
cal\MiKTeX\fonts/pk/ljfour/jknappen/ec/dpi600\ecbx1200.pk> <C:\Users\kundai\App
Data\Local\MiKTeX\fonts/pk/ljfour/jknappen/ec/dpi600\ecbx1728.pk> <C:\Users\kun
dai\AppData\Local\MiKTeX\fonts/pk/ljfour/jknappen/ec/dpi600\ecrm1200.pk> <C:\Us
ers\kundai\AppData\Local\MiKTeX\fonts/pk/ljfour/jknappen/ec/dpi600\ecrm0800.pk>
 <C:\Users\kundai\AppData\Local\MiKTeX\fonts/pk/ljfour/jknappen/ec/dpi600\ecrm1
095.pk> <C:\Users\kundai\AppData\Local\MiKTeX\fonts/pk/ljfour/jknappen/ec/dpi60
0\ecbx1095.pk> <C:\Users\kundai\AppData\Local\MiKTeX\fonts/pk/ljfour/jknappen/e
c/dpi600\ectt1440.pk> <C:\Users\kundai\AppData\Local\MiKTeX\fonts/pk/ljfour/jkn
appen/ec/dpi600\ecrm1440.pk> <C:\Users\kundai\AppData\Local\MiKTeX\fonts/pk/ljf
our/jknappen/ec/dpi600\ecrm2074.pk><C:/Users/kundai/AppData/Local/Programs/MiKT
eX/fonts/type1/public/amsfonts/cm/cmbx12.pfb><C:/Users/kundai/AppData/Local/Pro
grams/MiKTeX/fonts/type1/public/amsfonts/cm/cmbx8.pfb><C:/Users/kundai/AppData/
Local/Programs/MiKTeX/fonts/type1/public/amsfonts/cm/cmex10.pfb><C:/Users/kunda
i/AppData/Local/Programs/MiKTeX/fonts/type1/public/amsfonts/cm/cmmi10.pfb><C:/U
sers/kundai/AppData/Local/Programs/MiKTeX/fonts/type1/public/amsfonts/cm/cmmi12
.pfb><C:/Users/kundai/AppData/Local/Programs/MiKTeX/fonts/type1/public/amsfonts
/cm/cmmi6.pfb><C:/Users/kundai/AppData/Local/Programs/MiKTeX/fonts/type1/public
/amsfonts/cm/cmmi8.pfb><C:/Users/kundai/AppData/Local/Programs/MiKTeX/fonts/typ
e1/public/amsfonts/cm/cmr10.pfb><C:/Users/kundai/AppData/Local/Programs/MiKTeX/
fonts/type1/public/amsfonts/cm/cmr12.pfb><C:/Users/kundai/AppData/Local/Program
s/MiKTeX/fonts/type1/public/amsfonts/cm/cmr6.pfb><C:/Users/kundai/AppData/Local
/Programs/MiKTeX/fonts/type1/public/amsfonts/cm/cmr8.pfb><C:/Users/kundai/AppDa
ta/Local/Programs/MiKTeX/fonts/type1/public/amsfonts/cm/cmsy10.pfb><C:/Users/ku
ndai/AppData/Local/Programs/MiKTeX/fonts/type1/public/amsfonts/cm/cmsy6.pfb><C:
/Users/kundai/AppData/Local/Programs/MiKTeX/fonts/type1/public/amsfonts/cm/cmsy
8.pfb><C:/Users/kundai/AppData/Local/Programs/MiKTeX/fonts/type1/public/amsfont
s/symbols/msam10.pfb><C:/Users/kundai/AppData/Local/Programs/MiKTeX/fonts/type1
/public/amsfonts/symbols/msbm10.pfb>
Output written on reformulation-of-ideal-gas-laws.pdf (113 pages, 14077788 byte
s).
PDF statistics:
 3166 PDF objects out of 3580 (max. 8388607)
 913 named destinations out of 1000 (max. 500000)
 1837 words of extra memory for PDF output out of 10000 (max. 10000000)

