This is pdfTeX, Version 3.141592653-2.6-1.40.25 (MiKTeX 24.1) (preloaded format=pdflatex 2025.7.27)  30 DEC 2025 01:23
entering extended mode
 restricted \write18 enabled.
 %&-line parsing enabled.
**./transport-dynamics-partition-limits.tex
(transport-dynamics-partition-limits.tex
LaTeX2e <2023-11-01> patch level 1
L3 programming layer <2024-01-04>
(C:\Users\kundai\AppData\Local\Programs\MiKTeX\tex/latex/base\article.cls
Document Class: article 2023/05/17 v1.4n Standard LaTeX document class
(C:\Users\kundai\AppData\Local\Programs\MiKTeX\tex/latex/base\size12.clo
File: size12.clo 2023/05/17 v1.4n Standard LaTeX file (size option)
)
\c@part=\count187
\c@section=\count188
\c@subsection=\count189
\c@subsubsection=\count190
\c@paragraph=\count191
\c@subparagraph=\count192
\c@figure=\count193
\c@table=\count194
\abovecaptionskip=\skip48
\belowcaptionskip=\skip49
\bibindent=\dimen140
)
(C:\Users\kundai\AppData\Local\Programs\MiKTeX\tex/latex/base\inputenc.sty
Package: inputenc 2021/02/14 v1.3d Input encoding file
\inpenc@prehook=\toks17
\inpenc@posthook=\toks18
)
(C:\Users\kundai\AppData\Local\Programs\MiKTeX\tex/latex/base\fontenc.sty
Package: fontenc 2021/04/29 v2.0v Standard LaTeX package
)
(C:\Users\kundai\AppData\Local\Programs\MiKTeX\tex/latex/amsmath\amsmath.sty
Package: amsmath 2023/05/13 v2.17o AMS math features
\@mathmargin=\skip50

For additional information on amsmath, use the `?' option.
(C:\Users\kundai\AppData\Local\Programs\MiKTeX\tex/latex/amsmath\amstext.sty
Package: amstext 2021/08/26 v2.01 AMS text

(C:\Users\kundai\AppData\Local\Programs\MiKTeX\tex/latex/amsmath\amsgen.sty
File: amsgen.sty 1999/11/30 v2.0 generic functions
\@emptytoks=\toks19
\ex@=\dimen141
))
(C:\Users\kundai\AppData\Local\Programs\MiKTeX\tex/latex/amsmath\amsbsy.sty
Package: amsbsy 1999/11/29 v1.2d Bold Symbols
\pmbraise@=\dimen142
)
(C:\Users\kundai\AppData\Local\Programs\MiKTeX\tex/latex/amsmath\amsopn.sty
Package: amsopn 2022/04/08 v2.04 operator names
)
\inf@bad=\count195
LaTeX Info: Redefining \frac on input line 234.
\uproot@=\count196
\leftroot@=\count197
LaTeX Info: Redefining \overline on input line 399.
LaTeX Info: Redefining \colon on input line 410.
\classnum@=\count198
\DOTSCASE@=\count199
LaTeX Info: Redefining \ldots on input line 496.
LaTeX Info: Redefining \dots on input line 499.
LaTeX Info: Redefining \cdots on input line 620.
\Mathstrutbox@=\box51
\strutbox@=\box52
LaTeX Info: Redefining \big on input line 722.
LaTeX Info: Redefining \Big on input line 723.
LaTeX Info: Redefining \bigg on input line 724.
LaTeX Info: Redefining \Bigg on input line 725.
\big@size=\dimen143
LaTeX Font Info:    Redeclaring font encoding OML on input line 743.
LaTeX Font Info:    Redeclaring font encoding OMS on input line 744.
\macc@depth=\count266
LaTeX Info: Redefining \bmod on input line 905.
LaTeX Info: Redefining \pmod on input line 910.
LaTeX Info: Redefining \smash on input line 940.
LaTeX Info: Redefining \relbar on input line 970.
LaTeX Info: Redefining \Relbar on input line 971.
\c@MaxMatrixCols=\count267
\dotsspace@=\muskip16
\c@parentequation=\count268
\dspbrk@lvl=\count269
\tag@help=\toks20
\row@=\count270
\column@=\count271
\maxfields@=\count272
\andhelp@=\toks21
\eqnshift@=\dimen144
\alignsep@=\dimen145
\tagshift@=\dimen146
\tagwidth@=\dimen147
\totwidth@=\dimen148
\lineht@=\dimen149
\@envbody=\toks22
\multlinegap=\skip51
\multlinetaggap=\skip52
\mathdisplay@stack=\toks23
LaTeX Info: Redefining \[ on input line 2953.
LaTeX Info: Redefining \] on input line 2954.
)
(C:\Users\kundai\AppData\Local\Programs\MiKTeX\tex/latex/amsfonts\amssymb.sty
Package: amssymb 2013/01/14 v3.01 AMS font symbols

(C:\Users\kundai\AppData\Local\Programs\MiKTeX\tex/latex/amsfonts\amsfonts.sty
Package: amsfonts 2013/01/14 v3.01 Basic AMSFonts support
\symAMSa=\mathgroup4
\symAMSb=\mathgroup5
LaTeX Font Info:    Redeclaring math symbol \hbar on input line 98.
LaTeX Font Info:    Overwriting math alphabet `\mathfrak' in version `bold'
(Font)                  U/euf/m/n --> U/euf/b/n on input line 106.
)) (C:\Users\kundai\AppData\Local\Programs\MiKTeX\tex/latex/amscls\amsthm.sty
Package: amsthm 2020/05/29 v2.20.6
\thm@style=\toks24
\thm@bodyfont=\toks25
\thm@headfont=\toks26
\thm@notefont=\toks27
\thm@headpunct=\toks28
\thm@preskip=\skip53
\thm@postskip=\skip54
\thm@headsep=\skip55
\dth@everypar=\toks29
)
(C:\Users\kundai\AppData\Local\Programs\MiKTeX\tex/latex/mathtools\mathtools.st
y
Package: mathtools 2024/10/04 v1.31 mathematical typesetting tools
 (C:\Users\kundai\AppData\Local\Programs\MiKTeX\tex/latex/graphics\keyval.sty
Package: keyval 2022/05/29 v1.15 key=value parser (DPC)
\KV@toks@=\toks30
) (C:\Users\kundai\AppData\Local\Programs\MiKTeX\tex/latex/tools\calc.sty
Package: calc 2023/07/08 v4.3 Infix arithmetic (KKT,FJ)
\calc@Acount=\count273
\calc@Bcount=\count274
\calc@Adimen=\dimen150
\calc@Bdimen=\dimen151
\calc@Askip=\skip56
\calc@Bskip=\skip57
LaTeX Info: Redefining \setlength on input line 80.
LaTeX Info: Redefining \addtolength on input line 81.
\calc@Ccount=\count275
\calc@Cskip=\skip58
)
(C:\Users\kundai\AppData\Local\Programs\MiKTeX\tex/latex/mathtools\mhsetup.sty
Package: mhsetup 2021/03/18 v1.4 programming setup (MH)
)
\g_MT_multlinerow_int=\count276
\l_MT_multwidth_dim=\dimen152
\origjot=\skip59
\l_MT_shortvdotswithinadjustabove_dim=\dimen153
\l_MT_shortvdotswithinadjustbelow_dim=\dimen154
\l_MT_above_intertext_sep=\dimen155
\l_MT_below_intertext_sep=\dimen156
\l_MT_above_shortintertext_sep=\dimen157
\l_MT_below_shortintertext_sep=\dimen158
\xmathstrut@box=\box53
\xmathstrut@dim=\dimen159
)
(C:\Users\kundai\AppData\Local\Programs\MiKTeX\tex/latex/geometry\geometry.sty
Package: geometry 2020/01/02 v5.9 Page Geometry

(C:\Users\kundai\AppData\Local\Programs\MiKTeX\tex/generic/iftex\ifvtex.sty
Package: ifvtex 2019/10/25 v1.7 ifvtex legacy package. Use iftex instead.

(C:\Users\kundai\AppData\Local\Programs\MiKTeX\tex/generic/iftex\iftex.sty
Package: iftex 2022/02/03 v1.0f TeX engine tests
))
\Gm@cnth=\count277
\Gm@cntv=\count278
\c@Gm@tempcnt=\count279
\Gm@bindingoffset=\dimen160
\Gm@wd@mp=\dimen161
\Gm@odd@mp=\dimen162
\Gm@even@mp=\dimen163
\Gm@layoutwidth=\dimen164
\Gm@layoutheight=\dimen165
\Gm@layouthoffset=\dimen166
\Gm@layoutvoffset=\dimen167
\Gm@dimlist=\toks31

(C:\Users\kundai\AppData\Local\Programs\MiKTeX\tex/latex/geometry\geometry.cfg)
)
(C:\Users\kundai\AppData\Local\Programs\MiKTeX\tex/latex/graphics\graphicx.sty
Package: graphicx 2021/09/16 v1.2d Enhanced LaTeX Graphics (DPC,SPQR)

(C:\Users\kundai\AppData\Local\Programs\MiKTeX\tex/latex/graphics\graphics.sty
Package: graphics 2022/03/10 v1.4e Standard LaTeX Graphics (DPC,SPQR)

(C:\Users\kundai\AppData\Local\Programs\MiKTeX\tex/latex/graphics\trig.sty
Package: trig 2021/08/11 v1.11 sin cos tan (DPC)
)
(C:\Users\kundai\AppData\Local\Programs\MiKTeX\tex/latex/graphics-cfg\graphics.
cfg
File: graphics.cfg 2016/06/04 v1.11 sample graphics configuration
)
Package graphics Info: Driver file: pdftex.def on input line 107.

(C:\Users\kundai\AppData\Local\Programs\MiKTeX\tex/latex/graphics-def\pdftex.de
f
File: pdftex.def 2022/09/22 v1.2b Graphics/color driver for pdftex
))
\Gin@req@height=\dimen168
\Gin@req@width=\dimen169
)
(C:\Users\kundai\AppData\Local\Programs\MiKTeX\tex/latex/hyperref\hyperref.sty
Package: hyperref 2023-11-26 v7.01g Hypertext links for LaTeX

(C:\Users\kundai\AppData\Local\Programs\MiKTeX\tex/generic/infwarerr\infwarerr.
sty
Package: infwarerr 2019/12/03 v1.5 Providing info/warning/error messages (HO)
)
(C:\Users\kundai\AppData\Local\Programs\MiKTeX\tex/latex/kvsetkeys\kvsetkeys.st
y
Package: kvsetkeys 2022-10-05 v1.19 Key value parser (HO)
)
(C:\Users\kundai\AppData\Local\Programs\MiKTeX\tex/generic/kvdefinekeys\kvdefin
ekeys.sty
Package: kvdefinekeys 2019-12-19 v1.6 Define keys (HO)
)
(C:\Users\kundai\AppData\Local\Programs\MiKTeX\tex/generic/pdfescape\pdfescape.
sty
Package: pdfescape 2019/12/09 v1.15 Implements pdfTeX's escape features (HO)

(C:\Users\kundai\AppData\Local\Programs\MiKTeX\tex/generic/ltxcmds\ltxcmds.sty
Package: ltxcmds 2023-12-04 v1.26 LaTeX kernel commands for general use (HO)
)
(C:\Users\kundai\AppData\Local\Programs\MiKTeX\tex/generic/pdftexcmds\pdftexcmd
s.sty
Package: pdftexcmds 2020-06-27 v0.33 Utility functions of pdfTeX for LuaTeX (HO
)
Package pdftexcmds Info: \pdf@primitive is available.
Package pdftexcmds Info: \pdf@ifprimitive is available.
Package pdftexcmds Info: \pdfdraftmode found.
))
(C:\Users\kundai\AppData\Local\Programs\MiKTeX\tex/latex/hycolor\hycolor.sty
Package: hycolor 2020-01-27 v1.10 Color options for hyperref/bookmark (HO)
)
(C:\Users\kundai\AppData\Local\Programs\MiKTeX\tex/latex/letltxmacro\letltxmacr
o.sty
Package: letltxmacro 2019/12/03 v1.6 Let assignment for LaTeX macros (HO)
)
(C:\Users\kundai\AppData\Local\Programs\MiKTeX\tex/latex/auxhook\auxhook.sty
Package: auxhook 2019-12-17 v1.6 Hooks for auxiliary files (HO)
)
(C:\Users\kundai\AppData\Local\Programs\MiKTeX\tex/latex/hyperref\nameref.sty
Package: nameref 2023-11-26 v2.56 Cross-referencing by name of section

(C:\Users\kundai\AppData\Local\Programs\MiKTeX\tex/latex/refcount\refcount.sty
Package: refcount 2019/12/15 v3.6 Data extraction from label references (HO)
)
(C:\Users\kundai\AppData\Local\Programs\MiKTeX\tex/generic/gettitlestring\getti
tlestring.sty
Package: gettitlestring 2019/12/15 v1.6 Cleanup title references (HO)

(C:\Users\kundai\AppData\Local\Programs\MiKTeX\tex/latex/kvoptions\kvoptions.st
y
Package: kvoptions 2022-06-15 v3.15 Key value format for package options (HO)
))
\c@section@level=\count280
)
(C:\Users\kundai\AppData\Local\Programs\MiKTeX\tex/latex/etoolbox\etoolbox.sty
Package: etoolbox 2020/10/05 v2.5k e-TeX tools for LaTeX (JAW)
\etb@tempcnta=\count281
)
\@linkdim=\dimen170
\Hy@linkcounter=\count282
\Hy@pagecounter=\count283
(C:\Users\kundai\AppData\Local\Programs\MiKTeX\tex/latex/hyperref\pd1enc.def
File: pd1enc.def 2023-11-26 v7.01g Hyperref: PDFDocEncoding definition (HO)
Now handling font encoding PD1 ...
... no UTF-8 mapping file for font encoding PD1
)
(C:\Users\kundai\AppData\Local\Programs\MiKTeX\tex/generic/intcalc\intcalc.sty
Package: intcalc 2019/12/15 v1.3 Expandable calculations with integers (HO)
)
\Hy@SavedSpaceFactor=\count284
(C:\Users\kundai\AppData\Local\Programs\MiKTeX\tex/latex/hyperref\puenc.def
File: puenc.def 2023-11-26 v7.01g Hyperref: PDF Unicode definition (HO)
Now handling font encoding PU ...
... no UTF-8 mapping file for font encoding PU
)
Package hyperref Info: Hyper figures OFF on input line 4181.
Package hyperref Info: Link nesting OFF on input line 4186.
Package hyperref Info: Hyper index ON on input line 4189.
Package hyperref Info: Plain pages OFF on input line 4196.
Package hyperref Info: Backreferencing OFF on input line 4201.
Package hyperref Info: Implicit mode ON; LaTeX internals redefined.
Package hyperref Info: Bookmarks ON on input line 4448.
\c@Hy@tempcnt=\count285

(C:\Users\kundai\AppData\Local\Programs\MiKTeX\tex/latex/url\url.sty
\Urlmuskip=\muskip17
Package: url 2013/09/16  ver 3.4  Verb mode for urls, etc.
)
LaTeX Info: Redefining \url on input line 4786.
\XeTeXLinkMargin=\dimen171

(C:\Users\kundai\AppData\Local\Programs\MiKTeX\tex/generic/bitset\bitset.sty
Package: bitset 2019/12/09 v1.3 Handle bit-vector datatype (HO)

(C:\Users\kundai\AppData\Local\Programs\MiKTeX\tex/generic/bigintcalc\bigintcal
c.sty
Package: bigintcalc 2019/12/15 v1.5 Expandable calculations on big integers (HO
)
))
\Fld@menulength=\count286
\Field@Width=\dimen172
\Fld@charsize=\dimen173
Package hyperref Info: Hyper figures OFF on input line 6065.
Package hyperref Info: Link nesting OFF on input line 6070.
Package hyperref Info: Hyper index ON on input line 6073.
Package hyperref Info: backreferencing OFF on input line 6080.
Package hyperref Info: Link coloring OFF on input line 6085.
Package hyperref Info: Link coloring with OCG OFF on input line 6090.
Package hyperref Info: PDF/A mode OFF on input line 6095.

(C:\Users\kundai\AppData\Local\Programs\MiKTeX\tex/latex/base\atbegshi-ltx.sty
Package: atbegshi-ltx 2021/01/10 v1.0c Emulation of the original atbegshi
package with kernel methods
)
\Hy@abspage=\count287
\c@Item=\count288
\c@Hfootnote=\count289
)
Package hyperref Info: Driver (autodetected): hpdftex.
 (C:\Users\kundai\AppData\Local\Programs\MiKTeX\tex/latex/hyperref\hpdftex.def
File: hpdftex.def 2023-11-26 v7.01g Hyperref driver for pdfTeX

(C:\Users\kundai\AppData\Local\Programs\MiKTeX\tex/latex/base\atveryend-ltx.sty
Package: atveryend-ltx 2020/08/19 v1.0a Emulation of the original atveryend pac
kage
with kernel methods
)
\Fld@listcount=\count290
\c@bookmark@seq@number=\count291

(C:\Users\kundai\AppData\Local\Programs\MiKTeX\tex/latex/rerunfilecheck\rerunfi
lecheck.sty
Package: rerunfilecheck 2025-06-21 v1.11 Rerun checks for auxiliary files (HO)

(C:\Users\kundai\AppData\Local\Programs\MiKTeX\tex/generic/uniquecounter\unique
counter.sty
Package: uniquecounter 2019/12/15 v1.4 Provide unlimited unique counter (HO)
)
Package uniquecounter Info: New unique counter `rerunfilecheck' on input line 2
84.
)
\Hy@SectionHShift=\skip60
)
(C:\Users\kundai\AppData\Local\Programs\MiKTeX\tex/latex/cleveref\cleveref.sty
Package: cleveref 2018/03/27 v0.21.4 Intelligent cross-referencing
Package cleveref Info: `hyperref' support loaded on input line 2370.
LaTeX Info: Redefining \cref on input line 2370.
LaTeX Info: Redefining \Cref on input line 2370.
LaTeX Info: Redefining \crefrange on input line 2370.
LaTeX Info: Redefining \Crefrange on input line 2370.
LaTeX Info: Redefining \cpageref on input line 2370.
LaTeX Info: Redefining \Cpageref on input line 2370.
LaTeX Info: Redefining \cpagerefrange on input line 2370.
LaTeX Info: Redefining \Cpagerefrange on input line 2370.
LaTeX Info: Redefining \labelcref on input line 2370.
LaTeX Info: Redefining \labelcpageref on input line 2370.
Package cleveref Info: `amsthm' support loaded on input line 3026.
) (C:\Users\kundai\AppData\Local\Programs\MiKTeX\tex/latex/enumitem\enumitem.st
y
Package: enumitem 2025/02/06 v3.11 Customized lists
\labelindent=\skip61
\enit@outerparindent=\dimen174
\enit@toks=\toks32
\enit@inbox=\box54
\enit@count@id=\count292
\enitdp@description=\count293
)
(C:\Users\kundai\AppData\Local\Programs\MiKTeX\tex/latex/booktabs\booktabs.sty
Package: booktabs 2020/01/12 v1.61803398 Publication quality tables
\heavyrulewidth=\dimen175
\lightrulewidth=\dimen176
\cmidrulewidth=\dimen177
\belowrulesep=\dimen178
\belowbottomsep=\dimen179
\aboverulesep=\dimen180
\abovetopsep=\dimen181
\cmidrulesep=\dimen182
\cmidrulekern=\dimen183
\defaultaddspace=\dimen184
\@cmidla=\count294
\@cmidlb=\count295
\@aboverulesep=\dimen185
\@belowrulesep=\dimen186
\@thisruleclass=\count296
\@lastruleclass=\count297
\@thisrulewidth=\dimen187
) (C:\Users\kundai\AppData\Local\Programs\MiKTeX\tex/latex/tools\array.sty
Package: array 2023/10/16 v2.5g Tabular extension package (FMi)
\col@sep=\dimen188
\ar@mcellbox=\box55
\extrarowheight=\dimen189
\NC@list=\toks33
\extratabsurround=\skip62
\backup@length=\skip63
\ar@cellbox=\box56
)
(C:\Users\kundai\AppData\Local\Programs\MiKTeX\tex/latex/natbib\natbib.sty
Package: natbib 2010/09/13 8.31b (PWD, AO)
\bibhang=\skip64
\bibsep=\skip65
LaTeX Info: Redefining \cite on input line 694.
\c@NAT@ctr=\count298
)
(C:\Users\kundai\AppData\Local\Programs\MiKTeX\tex/latex/import\import.sty
Package: import 2020/04/01  v 6.2
)
(C:\Users\kundai\AppData\Local\Programs\MiKTeX\tex/latex/physics\physics.sty
Package: physics 

(C:\Users\kundai\AppData\Local\Programs\MiKTeX\tex/latex/l3packages/xparse\xpar
se.sty
(C:\Users\kundai\AppData\Local\Programs\MiKTeX\tex/latex/l3kernel\expl3.sty
Package: expl3 2024-01-04 L3 programming layer (loader) 

(C:\Users\kundai\AppData\Local\Programs\MiKTeX\tex/latex/l3backend\l3backend-pd
ftex.def
File: l3backend-pdftex.def 2024-01-04 L3 backend support: PDF output (pdfTeX)
\l__color_backend_stack_int=\count299
\l__pdf_internal_box=\box57
))
Package: xparse 2023-10-10 L3 Experimental document command parser
))
(C:\Users\kundai\AppData\Local\Programs\MiKTeX\tex/latex/siunitx\siunitx.sty
Package: siunitx 2025-07-09 v3.4.14 A comprehensive (SI) units package
\l__siunitx_number_uncert_offset_int=\count300
\l__siunitx_number_exponent_fixed_int=\count301
\l__siunitx_number_min_decimal_int=\count302
\l__siunitx_number_min_integer_int=\count303
\l__siunitx_number_round_precision_int=\count304
\l__siunitx_number_lower_threshold_int=\count305
\l__siunitx_number_upper_threshold_int=\count306
\l__siunitx_number_group_first_int=\count307
\l__siunitx_number_group_size_int=\count308
\l__siunitx_number_group_minimum_int=\count309
\l__siunitx_angle_tmp_dim=\dimen190
\l__siunitx_angle_marker_box=\box58
\l__siunitx_angle_unit_box=\box59
\l__siunitx_compound_count_int=\count310

(C:\Users\kundai\AppData\Local\Programs\MiKTeX\tex/latex/translations\translati
ons.sty
Package: translations 2022/02/05 v1.12 internationalization of LaTeX2e packages
 (CN)
)
\l__siunitx_table_tmp_box=\box60
\l__siunitx_table_tmp_dim=\dimen191
\l__siunitx_table_column_width_dim=\dimen192
\l__siunitx_table_integer_box=\box61
\l__siunitx_table_decimal_box=\box62
\l__siunitx_table_uncert_box=\box63
\l__siunitx_table_before_box=\box64
\l__siunitx_table_after_box=\box65
\l__siunitx_table_before_dim=\dimen193
\l__siunitx_table_carry_dim=\dimen194
\l__siunitx_unit_tmp_int=\count311
\l__siunitx_unit_position_int=\count312
\l__siunitx_unit_total_int=\count313
)
\c@theorem=\count314
Package translations Info: No language package found. I am going to use `englis
h' as default language. on input line 49.

(C:\Users\kundai\AppData\Local\Programs\MiKTeX\tex/latex/graphics\color.sty
Package: color 2022/01/06 v1.3d Standard LaTeX Color (DPC)

(C:\Users\kundai\AppData\Local\Programs\MiKTeX\tex/latex/graphics-cfg\color.cfg
File: color.cfg 2016/01/02 v1.6 sample color configuration
)
Package color Info: Driver file: pdftex.def on input line 149.

(C:\Users\kundai\AppData\Local\Programs\MiKTeX\tex/latex/graphics\mathcolor.ltx
)) (transport-dynamics-partition-limits.aux

LaTeX Warning: Label `eq:universal_transport' multiply defined.


LaTeX Warning: Label `eq:universal_transport@cref' multiply defined.


LaTeX Warning: Label `eq:viscosity_twofluid' multiply defined.


LaTeX Warning: Label `eq:viscosity_twofluid@cref' multiply defined.


LaTeX Warning: Label `eq:T_BEC' multiply defined.


LaTeX Warning: Label `eq:T_BEC@cref' multiply defined.


LaTeX Warning: Label `eq:entropy_partition' multiply defined.


LaTeX Warning: Label `eq:entropy_partition@cref' multiply defined.


LaTeX Warning: Label `eq:cooper_wavefunction' multiply defined.


LaTeX Warning: Label `eq:cooper_wavefunction@cref' multiply defined.


LaTeX Warning: Label `eq:bec_wavefunction' multiply defined.


LaTeX Warning: Label `eq:bec_wavefunction@cref' multiply defined.


LaTeX Warning: Label `fig:pc_results' multiply defined.


LaTeX Warning: Label `fig:pc_results@cref' multiply defined.

)
\openout1 = `transport-dynamics-partition-limits.aux'.

LaTeX Font Info:    Checking defaults for OML/cmm/m/it on input line 49.
LaTeX Font Info:    ... okay on input line 49.
LaTeX Font Info:    Checking defaults for OMS/cmsy/m/n on input line 49.
LaTeX Font Info:    ... okay on input line 49.
LaTeX Font Info:    Checking defaults for OT1/cmr/m/n on input line 49.
LaTeX Font Info:    ... okay on input line 49.
LaTeX Font Info:    Checking defaults for T1/cmr/m/n on input line 49.
LaTeX Font Info:    ... okay on input line 49.
LaTeX Font Info:    Checking defaults for TS1/cmr/m/n on input line 49.
LaTeX Font Info:    ... okay on input line 49.
LaTeX Font Info:    Checking defaults for OMX/cmex/m/n on input line 49.
LaTeX Font Info:    ... okay on input line 49.
LaTeX Font Info:    Checking defaults for U/cmr/m/n on input line 49.
LaTeX Font Info:    ... okay on input line 49.
LaTeX Font Info:    Checking defaults for PD1/pdf/m/n on input line 49.
LaTeX Font Info:    ... okay on input line 49.
LaTeX Font Info:    Checking defaults for PU/pdf/m/n on input line 49.
LaTeX Font Info:    ... okay on input line 49.

*geometry* driver: auto-detecting
*geometry* detected driver: pdftex
*geometry* verbose mode - [ preamble ] result:
* driver: pdftex
* paper: a4paper
* layout: <same size as paper>
* layoutoffset:(h,v)=(0.0pt,0.0pt)
* modes: 
* h-part:(L,W,R)=(72.26999pt, 452.9679pt, 72.26999pt)
* v-part:(T,H,B)=(72.26999pt, 700.50687pt, 72.26999pt)
* \paperwidth=597.50787pt
* \paperheight=845.04684pt
* \textwidth=452.9679pt
* \textheight=700.50687pt
* \oddsidemargin=0.0pt
* \evensidemargin=0.0pt
* \topmargin=-37.0pt
* \headheight=12.0pt
* \headsep=25.0pt
* \topskip=12.0pt
* \footskip=30.0pt
* \marginparwidth=35.0pt
* \marginparsep=10.0pt
* \columnsep=10.0pt
* \skip\footins=10.8pt plus 4.0pt minus 2.0pt
* \hoffset=0.0pt
* \voffset=0.0pt
* \mag=1000
* \@twocolumnfalse
* \@twosidefalse
* \@mparswitchfalse
* \@reversemarginfalse
* (1in=72.27pt=25.4mm, 1cm=28.453pt)


(C:\Users\kundai\AppData\Local\Programs\MiKTeX\tex/context/base/mkii\supp-pdf.m
kii
[Loading MPS to PDF converter (version 2006.09.02).]
\scratchcounter=\count315
\scratchdimen=\dimen195
\scratchbox=\box66
\nofMPsegments=\count316
\nofMParguments=\count317
\everyMPshowfont=\toks34
\MPscratchCnt=\count318
\MPscratchDim=\dimen196
\MPnumerator=\count319
\makeMPintoPDFobject=\count320
\everyMPtoPDFconversion=\toks35
)
(C:\Users\kundai\AppData\Local\Programs\MiKTeX\tex/latex/epstopdf-pkg\epstopdf-
base.sty
Package: epstopdf-base 2020-01-24 v2.11 Base part for package epstopdf
Package epstopdf-base Info: Redefining graphics rule for `.eps' on input line 4
85.

(C:\Users\kundai\AppData\Local\Programs\MiKTeX\tex/latex/00miktex\epstopdf-sys.
cfg
File: epstopdf-sys.cfg 2021/03/18 v2.0 Configuration of epstopdf for MiKTeX
))
Package hyperref Info: Link coloring OFF on input line 49.
 (transport-dynamics-partition-limits.out)
(transport-dynamics-partition-limits.out)
\@outlinefile=\write3
\openout3 = `transport-dynamics-partition-limits.out'.



Package siunitx Warning: Detected the "physics" package:
(siunitx)                omitting definition of \qty.
(siunitx)                
(siunitx)                If you want to use \qty with the siunitx definition,
(siunitx)                add 
(siunitx)                
(siunitx)                    \AtBeginDocument{\RenewCommandCopy\qty\SI}
(siunitx)                
(siunitx)                to your preamble.


(C:\Users\kundai\AppData\Local\Programs\MiKTeX\tex/latex/translations/dicts\tra
nslations-basic-dictionary-english.trsl
File: translations-basic-dictionary-english.trsl (english translation file `tra
nslations-basic-dictionary')
)
Package translations Info: loading dictionary `translations-basic-dictionary' f
or `english'. on input line 49.
LaTeX Font Info:    Trying to load font information for U+msa on input line 52.


(C:\Users\kundai\AppData\Local\Programs\MiKTeX\tex/latex/amsfonts\umsa.fd
File: umsa.fd 2013/01/14 v3.01 AMS symbols A
)
LaTeX Font Info:    Trying to load font information for U+msb on input line 52.


(C:\Users\kundai\AppData\Local\Programs\MiKTeX\tex/latex/amsfonts\umsb.fd
File: umsb.fd 2013/01/14 v3.01 AMS symbols B
)
LaTeX Font Info:    Trying to load font information for T1+cmtt on input line 5
2.

(C:\Users\kundai\AppData\Local\Programs\MiKTeX\tex/latex/base\t1cmtt.fd
File: t1cmtt.fd 2023/04/13 v2.5m Standard LaTeX font definitions
)
(transport-dynamics-partition-limits.toc [1

{C:/Users/kundai/AppData/Local/MiKTeX/fonts/map/pdftex/pdftex.map}] [2] [3] [4]
 [5] [6])
\tf@toc=\write4
\openout4 = `transport-dynamics-partition-limits.toc'.

 [7] [8] [9]
Overfull \hbox (19.71886pt too wide) in paragraph at lines 138--139
[]\T1/cmr/m/n/12 The phys-i-cal mech-a-nism is cat-e-gor-i-cal uni-fi-ca-tion. 
Above $\OML/cmm/m/it/12 T[]$\T1/cmr/m/n/12 , car-ri-ers are distinguishable---
 []

[10]
Overfull \hbox (30.55695pt too wide) in paragraph at lines 173--174
\T1/cmr/m/n/12 merely changed its phys-i-cal con-fig-u-ra-tion^^Vit has cre-ate
d in-finitely many new non-actualizations
 []

[11]
Overfull \hbox (6.88924pt too wide) in paragraph at lines 196--197
\T1/cmr/m/n/12 pro-duc-ing the Drude for-mula, Chapman-Enskog the-ory, Ein-stei
n re-la-tion, and Wiedemann-
 []

(sections/unified-transport-formula.tex [12] [13]
<figures/panel1_triple_equivalence.png, id=1357, 921.9243pt x 645.8529pt>
File: figures/panel1_triple_equivalence.png Graphic file (type png)
<use figures/panel1_triple_equivalence.png>
Package pdftex.def Info: figures/panel1_triple_equivalence.png  used on input l
ine 90.
(pdftex.def)             Requested size: 452.9679pt x 317.32806pt.
 [14] [15 <./figures/panel1_triple_equivalence.png>] [16]
<figures/panel_fundamental_flows.png, id=1397, 1005.9984pt x 854.2314pt>
File: figures/panel_fundamental_flows.png Graphic file (type png)
<use figures/panel_fundamental_flows.png>
Package pdftex.def Info: figures/panel_fundamental_flows.png  used on input lin
e 230.
(pdftex.def)             Requested size: 452.9679pt x 384.63521pt.
 [17] [18 <./figures/panel_fundamental_flows.png>])
(sections/aperture-transport.tex [19] [20] [21]
<figures/panel_aperture_selectivity.png, id=1443, 1005.5166pt x 853.2678pt>
File: figures/panel_aperture_selectivity.png Graphic file (type png)
<use figures/panel_aperture_selectivity.png>
Package pdftex.def Info: figures/panel_aperture_selectivity.png  used on input 
line 141.
(pdftex.def)             Requested size: 452.9679pt x 384.3836pt.
 [22] [23 <./figures/panel_aperture_selectivity.png>] [24] [25] [26] [27] [28]
<figures/panel_categorical_enthalpy.png, id=1525, 1005.0348pt x 854.2314pt>
File: figures/panel_categorical_enthalpy.png Graphic file (type png)
<use figures/panel_categorical_enthalpy.png>
Package pdftex.def Info: figures/panel_categorical_enthalpy.png  used on input 
line 436.
(pdftex.def)             Requested size: 452.9679pt x 385.00017pt.


LaTeX Warning: Float too large for page by 1.32607pt on input line 443.

) (sections/electrical-transport.tex [29] [30 <./figures/panel_categorical_enth
alpy.png>] [31] [32]
<figures/panel_newton_cradle.png, id=1584, 861.6993pt x 668.4975pt>
File: figures/panel_newton_cradle.png Graphic file (type png)
<use figures/panel_newton_cradle.png>
Package pdftex.def Info: figures/panel_newton_cradle.png  used on input line 13
8.
(pdftex.def)             Requested size: 452.9679pt x 351.40506pt.
 [33] [34 <./figures/panel_newton_cradle.png>]
<figures/panel_ohm_kirchhoff.png, id=1600, 836.1639pt x 643.203pt>
File: figures/panel_ohm_kirchhoff.png Graphic file (type png)
<use figures/panel_ohm_kirchhoff.png>
Package pdftex.def Info: figures/panel_ohm_kirchhoff.png  used on input line 19
5.
(pdftex.def)             Requested size: 452.9679pt x 348.43349pt.
 [35]
[36 <./figures/panel_ohm_kirchhoff.png>] [37]
<figures/panel_material_properties.png, id=1625, 1005.0348pt x 853.2678pt>
File: figures/panel_material_properties.png Graphic file (type png)
<use figures/panel_material_properties.png>
Package pdftex.def Info: figures/panel_material_properties.png  used on input l
ine 278.
(pdftex.def)             Requested size: 452.9679pt x 384.56587pt.


LaTeX Warning: Float too large for page by 29.89177pt on input line 285.

[38] [39 <./figures/panel_material_properties.png>] [40] [41])
(sections/viscous-transport.tex [42] [43]

Package natbib Warning: Citation `sengers1986' on page 44 undefined on input li
ne 127.

<figures/panel_viscous_transport.png, id=1704, 995.3988pt x 854.2314pt>
File: figures/panel_viscous_transport.png Graphic file (type png)
<use figures/panel_viscous_transport.png>
Package pdftex.def Info: figures/panel_viscous_transport.png  used on input lin
e 131.
(pdftex.def)             Requested size: 452.9679pt x 388.72804pt.

LaTeX Warning: Float too large for page by 107.22118pt on input line 138.

[44] [45 <./figures/panel_viscous_transport.png>] [46]
<figures/panel_transport_coefficients.png, id=1738, 839.7774pt x 671.6292pt>
File: figures/panel_transport_coefficients.png Graphic file (type png)
<use figures/panel_transport_coefficients.png>
Package pdftex.def Info: figures/panel_transport_coefficients.png  used on inpu
t line 241.
(pdftex.def)             Requested size: 452.9679pt x 362.27467pt.
 [47] [48 <./figures/panel_transport_coefficients.png>]) (sections/diffusive-tr
ansport.tex [49]
<figures/panel_scattering_apertures.png, id=1777, 863.1447pt x 671.8701pt>
File: figures/panel_scattering_apertures.png Graphic file (type png)
<use figures/panel_scattering_apertures.png>
Package pdftex.def Info: figures/panel_scattering_apertures.png  used on input 
line 59.
(pdftex.def)             Requested size: 452.9679pt x 352.59355pt.
 [50]
[51 <./figures/panel_scattering_apertures.png>]

Package natbib Warning: Citation `kubo1966' on page 52 undefined on input line 
90.

[52] [53] [54]
<figures/panel_categorical_potential.png, id=1845, 1005.9984pt x 853.2678pt>
File: figures/panel_categorical_potential.png Graphic file (type png)
<use figures/panel_categorical_potential.png>
Package pdftex.def Info: figures/panel_categorical_potential.png  used on input
 line 253.
(pdftex.def)             Requested size: 452.9679pt x 384.20132pt.


LaTeX Warning: Float too large for page by 29.52722pt on input line 260.

[55] [56 <./figures/panel_categorical_potential.png>]

Package natbib Warning: Citation `darken1948' on page 57 undefined on input lin
e 315.

) (sections/thermal-transport.tex [57] [58]
<figures/panel_phonon_analysis.png, id=1898, 996.8442pt x 854.2314pt>
File: figures/panel_phonon_analysis.png Graphic file (type png)
<use figures/panel_phonon_analysis.png>
Package pdftex.def Info: figures/panel_phonon_analysis.png  used on input line 
96.
(pdftex.def)             Requested size: 452.9679pt x 388.16756pt.


LaTeX Warning: Float too large for page by 91.49345pt on input line 103.

[59] [60 <./figures/panel_phonon_analysis.png>]

Package hyperref Warning: Token not allowed in a PDF string (Unicode):
(hyperref)                removing `math shift' on input line 144.


Package hyperref Warning: Token not allowed in a PDF string (Unicode):
(hyperref)                removing `\Theta' on input line 144.


Package hyperref Warning: Token not allowed in a PDF string (Unicode):
(hyperref)                removing `subscript' on input line 144.


Package hyperref Warning: Token not allowed in a PDF string (Unicode):
(hyperref)                removing `math shift' on input line 144.


Package hyperref Warning: Token not allowed in a PDF string (Unicode):
(hyperref)                removing `math shift' on input line 159.


Package hyperref Warning: Token not allowed in a PDF string (Unicode):
(hyperref)                removing `\ll' on input line 159.


Package hyperref Warning: Token not allowed in a PDF string (Unicode):
(hyperref)                removing `\Theta' on input line 159.


Package hyperref Warning: Token not allowed in a PDF string (Unicode):
(hyperref)                removing `subscript' on input line 159.


Package hyperref Warning: Token not allowed in a PDF string (Unicode):
(hyperref)                removing `math shift' on input line 159.

[61] [62] [63]
<figures/panel_thermal_vibrational.png, id=1963, 1005.9984pt x 856.1586pt>
File: figures/panel_thermal_vibrational.png Graphic file (type png)
<use figures/panel_thermal_vibrational.png>
Package pdftex.def Info: figures/panel_thermal_vibrational.png  used on input l
ine 322.
(pdftex.def)             Requested size: 452.9679pt x 385.50296pt.


LaTeX Warning: Float too large for page by 118.49536pt on input line 329.

[64] [65 <./figures/panel_thermal_vibrational.png>] [66]
<figures/panel_pc_results.png, id=1990, 1005.9984pt x 854.2314pt>
File: figures/panel_pc_results.png Graphic file (type png)
<use figures/panel_pc_results.png>
Package pdftex.def Info: figures/panel_pc_results.png  used on input line 404.
(pdftex.def)             Requested size: 452.9679pt x 384.63521pt.


LaTeX Warning: Float too large for page by 15.4611pt on input line 411.

[67] [68 <./figures/panel_pc_results.png>]
Overfull \hbox (6.66592pt too wide) in paragraph at lines 469--470
\T1/cmr/m/n/12 A fun-da-men-tal fea-ture of phonon trans-port emerges from the 
par-ti-tion frame-work: phonons
 []

[69]
! Undefined control sequence.
l.531 n_{{\text{out}}}(\omega) = \argmax
                                        _{n} S[n] \quad \text{subject to} \q...
The control sequence at the end of the top line
of your error message was never \def'ed. If you have
misspelled it (e.g., `\hobx'), type `I' and the correct
spelling (e.g., `I\hbox'). Otherwise just continue,
and I'll forget about whatever was undefined.

[70] [71]) (sections/partition-extinction.tex [72] [73]
<figures/panel_partition_lag.png, id=2061, 1005.5166pt x 854.2314pt>
File: figures/panel_partition_lag.png Graphic file (type png)
<use figures/panel_partition_lag.png>
Package pdftex.def Info: figures/panel_partition_lag.png  used on input line 84
.
(pdftex.def)             Requested size: 452.9679pt x 384.81769pt.


LaTeX Warning: Float too large for page by 205.20949pt on input line 92.


Package hyperref Warning: Token not allowed in a PDF string (Unicode):
(hyperref)                removing `math shift' on input line 120.


Package hyperref Warning: Token not allowed in a PDF string (Unicode):
(hyperref)                removing `subscript' on input line 120.


Package hyperref Warning: Token not allowed in a PDF string (Unicode):
(hyperref)                removing `math shift' on input line 120.

[74] [75 <./figures/panel_partition_lag.png>]

Package hyperref Warning: Token not allowed in a PDF string (Unicode):
(hyperref)                removing `math shift' on input line 126.


Package hyperref Warning: Token not allowed in a PDF string (Unicode):
(hyperref)                removing `subscript' on input line 126.


Package hyperref Warning: Token not allowed in a PDF string (Unicode):
(hyperref)                removing `math shift' on input line 126.


Package hyperref Warning: Token not allowed in a PDF string (Unicode):
(hyperref)                removing `math shift' on input line 132.


Package hyperref Warning: Token not allowed in a PDF string (Unicode):
(hyperref)                removing `subscript' on input line 132.


Package hyperref Warning: Token not allowed in a PDF string (Unicode):
(hyperref)                removing `math shift' on input line 132.

[76] [77]
Overfull \hbox (8.8886pt too wide) in paragraph at lines 221--222
[]\T1/cmr/m/n/12 The dis-si-pa-tion-less states (su-per-con-duc-tiv-ity, su-per
-flu-id-ity, BEC) are par-tial ap-proaches
 []

<figures/panel_temperature_superconductivity.png, id=2103, 858.0858pt x 671.870
1pt>
File: figures/panel_temperature_superconductivity.png Graphic file (type png)
<use figures/panel_temperature_superconductivity.png>
Package pdftex.def Info: figures/panel_temperature_superconductivity.png  used 
on input line 227.
(pdftex.def)             Requested size: 452.9679pt x 354.6747pt.
[78] [79 <./figures/panel_temperature_superconductivity.png>]
Overfull \hbox (3.3303pt too wide) in paragraph at lines 266--267
[]\T1/cmr/bx/n/12 Superfluid/superconducting com-po-nent: \T1/cmr/m/n/12 Frac-t
ion $\OML/cmm/m/it/12 ^^Z[]=^^Z$ \T1/cmr/m/n/12 (or $\OML/cmm/m/it/12 n[]=n$\T1
/cmr/m/n/12 ) in the ground
 []

) (sections/phase-transitions.tex [80] [81] [82] [83]
<figures/panel_lam_results.png, id=2203, 1005.9984pt x 854.2314pt>
File: figures/panel_lam_results.png Graphic file (type png)
<use figures/panel_lam_results.png>
Package pdftex.def Info: figures/panel_lam_results.png  used on input line 168.

(pdftex.def)             Requested size: 452.9679pt x 384.63521pt.


LaTeX Warning: Float too large for page by 116.9611pt on input line 175.


Package hyperref Warning: Token not allowed in a PDF string (Unicode):
(hyperref)                removing `math shift' on input line 207.


Package hyperref Warning: Token not allowed in a PDF string (Unicode):
(hyperref)                removing `\ll' on input line 207.


Package hyperref Warning: Token not allowed in a PDF string (Unicode):
(hyperref)                removing `subscript' on input line 207.


Package hyperref Warning: Token not allowed in a PDF string (Unicode):
(hyperref)                removing `math shift' on input line 207.

[84] [85 <./figures/panel_lam_results.png>]

Package hyperref Warning: Token not allowed in a PDF string (Unicode):
(hyperref)                removing `math shift' on input line 216.


Package hyperref Warning: Token not allowed in a PDF string (Unicode):
(hyperref)                removing `\to' on input line 216.


Package hyperref Warning: Token not allowed in a PDF string (Unicode):
(hyperref)                removing `subscript' on input line 216.


Package hyperref Warning: Token not allowed in a PDF string (Unicode):
(hyperref)                removing `math shift' on input line 216.


Package hyperref Warning: Token not allowed in a PDF string (Unicode):
(hyperref)                removing `math shift' on input line 225.


Package hyperref Warning: Token not allowed in a PDF string (Unicode):
(hyperref)                removing `subscript' on input line 225.


Package hyperref Warning: Token not allowed in a PDF string (Unicode):
(hyperref)                removing `math shift' on input line 225.

<figures/panel_epc_results.png, id=2222, 993.4716pt x 854.2314pt>
File: figures/panel_epc_results.png Graphic file (type png)
<use figures/panel_epc_results.png>
Package pdftex.def Info: figures/panel_epc_results.png  used on input line 253.

(pdftex.def)             Requested size: 452.9679pt x 389.47101pt.
[86] [87 <./figures/panel_epc_results.png>]

Package hyperref Warning: Token not allowed in a PDF string (Unicode):
(hyperref)                removing `math shift' on input line 308.


Package hyperref Warning: Token not allowed in a PDF string (Unicode):
(hyperref)                removing `subscript' on input line 308.


Package hyperref Warning: Token not allowed in a PDF string (Unicode):
(hyperref)                removing `math shift' on input line 308.


Package hyperref Warning: Token not allowed in a PDF string (Unicode):
(hyperref)                removing `math shift' on input line 316.


Package hyperref Warning: Token not allowed in a PDF string (Unicode):
(hyperref)                removing `subscript' on input line 316.


Package hyperref Warning: Token not allowed in a PDF string (Unicode):
(hyperref)                removing `math shift' on input line 316.

[88]

Package hyperref Warning: Token not allowed in a PDF string (Unicode):
(hyperref)                removing `math shift' on input line 324.


Package hyperref Warning: Token not allowed in a PDF string (Unicode):
(hyperref)                removing `subscript' on input line 324.


Package hyperref Warning: Token not allowed in a PDF string (Unicode):
(hyperref)                removing `math shift' on input line 324.


Package hyperref Warning: Token not allowed in a PDF string (Unicode):
(hyperref)                removing `math shift' on input line 324.


Package hyperref Warning: Token not allowed in a PDF string (Unicode):
(hyperref)                removing `subscript' on input line 324.


Package hyperref Warning: Token not allowed in a PDF string (Unicode):
(hyperref)                removing `\lambda' on input line 324.


Package hyperref Warning: Token not allowed in a PDF string (Unicode):
(hyperref)                removing `math shift' on input line 324.


Package hyperref Warning: Token not allowed in a PDF string (Unicode):
(hyperref)                removing `math shift' on input line 332.


Package hyperref Warning: Token not allowed in a PDF string (Unicode):
(hyperref)                removing `subscript' on input line 332.


Package hyperref Warning: Token not allowed in a PDF string (Unicode):
(hyperref)                removing `math shift' on input line 332.

[89]
<figures/panel_thermal_properties.png, id=2254, 994.917pt x 854.2314pt>
File: figures/panel_thermal_properties.png Graphic file (type png)
<use figures/panel_thermal_properties.png>
Package pdftex.def Info: figures/panel_thermal_properties.png  used on input li
ne 380.
(pdftex.def)             Requested size: 452.9679pt x 388.91052pt.


LaTeX Warning: Float too large for page by 79.14557pt on input line 387.

[90] [91 <./figures/panel_thermal_properties.png>])
(sections/forbidden-partitions.tex
Overfull \hbox (2.40414pt too wide) in paragraph at lines 2--2
[]\T1/cmr/bx/n/17.28 Dissipationless States: For-bid-den Par-ti-tion Regimes 
 []

[92]
Overfull \hbox (4.13252pt too wide) in paragraph at lines 40--41
[]\T1/cmr/bx/n/12 Above $\OML/cmm/m/it/12 T[]$\T1/cmr/bx/n/12 : \T1/cmr/m/n/12 
Elec-trons are dis-tin-guish-able. Scat-ter-ing events (electron-phonon, electr
on-
 []


LaTeX Warning: File `figures/panel_partition.png' not found on input line 49.


! Package pdftex.def Error: File `figures/panel_partition.png' not found: using
 draft setting.

See the pdftex.def package documentation for explanation.
Type  H <return>  for immediate help.
 ...                                              
                                                  
l.49 ...h=\textwidth]{figures/panel_partition.png}
                                                  
Try typing  <return>  to proceed.
If that doesn't work, type  X <return>  to quit.


LaTeX Warning: Float too large for page by 214.41823pt on input line 56.

[93] [94]

LaTeX Warning: File `figures/panel_current_cross_sectional_validation.png' not 
found on input line 130.


! Package pdftex.def Error: File `figures/panel_current_cross_sectional_validat
ion.png' not found: using draft setting.

See the pdftex.def package documentation for explanation.
Type  H <return>  for immediate help.
 ...                                              
                                                  
l.130 ...l_current_cross_sectional_validation.png}
                                                  
Try typing  <return>  to proceed.
If that doesn't work, type  X <return>  to quit.


LaTeX Warning: Float too large for page by 26.94101pt on input line 139.


Package hyperref Warning: Token not allowed in a PDF string (Unicode):
(hyperref)                removing `math shift' on input line 143.


Package hyperref Warning: Token not allowed in a PDF string (Unicode):
(hyperref)                removing `subscript' on input line 143.


Package hyperref Warning: Token not allowed in a PDF string (Unicode):
(hyperref)                removing `\lambda' on input line 143.


Package hyperref Warning: Token not allowed in a PDF string (Unicode):
(hyperref)                removing `math shift' on input line 143.

[95] [96] [97] [98] [99]

LaTeX Warning: `h' float specifier changed to `ht'.


Overfull \hbox (10.59378pt too wide) in paragraph at lines 334--335
\T1/cmr/m/n/12 form Cooper pairs (su-per-con-duc-tor), he-lium atoms con-dense 
(su-per-fluid), and trapped
 []

[100]
<figures/panel_transformation_operator.png, id=2383, 986.9673pt x 800.2698pt>
File: figures/panel_transformation_operator.png Graphic file (type png)
<use figures/panel_transformation_operator.png>
Package pdftex.def Info: figures/panel_transformation_operator.png  used on inp
ut line 349.
(pdftex.def)             Requested size: 452.9679pt x 367.28601pt.
) (sections/ternary-representation.tex

LaTeX Warning: Reference `sec:universal' on page 101 undefined on input line 4.


[101] [102 <./figures/panel_transformation_operator.png>] [103]

Package hyperref Warning: Token not allowed in a PDF string (Unicode):
(hyperref)                removing `math shift' on input line 60.


Package hyperref Warning: Token not allowed in a PDF string (Unicode):
(hyperref)                removing `superscript' on input line 60.


Package hyperref Warning: Token not allowed in a PDF string (Unicode):
(hyperref)                removing `math shift' on input line 60.

<figures/panel_vap_results.png, id=2438, 1004.0712pt x 853.2678pt>
File: figures/panel_vap_results.png Graphic file (type png)
<use figures/panel_vap_results.png>
Package pdftex.def Info: figures/panel_vap_results.png  used on input line 87.
(pdftex.def)             Requested size: 452.9679pt x 384.93044pt.

LaTeX Warning: Float too large for page by 2.42365pt on input line 94.

[104] [105 <./figures/panel_vap_results.png>]
Overfull \hbox (19.85408pt too wide) in paragraph at lines 124--125
\T1/cmr/m/n/12 resolved ther-mal con-duc-tiv-ity mea-sure-ments, sep-a-rat-ing 
con-tri-bu-tions from dif-fer-ent branches
 []


LaTeX Warning: Reference `sec:universal' on page 106 undefined on input line 14
6.

[106]
! Double subscript.
l.160 ...l{N}^{-1} \sum_{i,j} \left(\taulag^{(0)}_
                                                  {ij} + \taulag^{(1)}_{ij} ...
I treat `x_1_2' essentially like `x_1{}_2'.

! Double subscript.
l.160 ...\left(\taulag^{(0)}_{ij} + \taulag^{(1)}_
                                                  {ij} + \taulag^{(2)}_{ij}\...
I treat `x_1_2' essentially like `x_1{}_2'.

! Double subscript.
l.160 ...ij} + \taulag^{(1)}_{ij} + \taulag^{(2)}_
                                                  {ij}\right) g_{ij}
I treat `x_1_2' essentially like `x_1{}_2'.

[107]

! LaTeX Error: Environment interpretation undefined.

See the LaTeX manual or LaTeX Companion for explanation.
Type  H <return>  for immediate help.
 ...                                              
                                                  
l.233 \begin{interpretation}
                            
Your command was ignored.
Type  I <command> <return>  to replace it with another command,
or  <return>  to continue without it.


! LaTeX Error: \begin{document} ended by \end{interpretation}.

See the LaTeX manual or LaTeX Companion for explanation.
Type  H <return>  for immediate help.
 ...                                              
                                                  
l.241 \end{interpretation}
                          
Your command was ignored.
Type  I <command> <return>  to replace it with another command,
or  <return>  to continue without it.

[108]

LaTeX Warning: File `figures/panel2_entropy_derivation.png' not found on input 
line 288.


! Package pdftex.def Error: File `figures/panel2_entropy_derivation.png' not fo
und: using draft setting.

See the pdftex.def package documentation for explanation.
Type  H <return>  for immediate help.
 ...                                              
                                                  
l.288 ...h]{figures/panel2_entropy_derivation.png}
                                                  
Try typing  <return>  to proceed.
If that doesn't work, type  X <return>  to quit.

! Double subscript.
l.325 ...\rho = \frac{1}{ne^2} \sum_{i,j} \taulag_
                                                  {ij} g_{ij} = 0 \quad \tex...
I treat `x_1_2' essentially like `x_1{}_2'.

! Double subscript.
l.325 ...j} g_{ij} = 0 \quad \text{(all } \taulag_
                                                  {ij} = 0\text{)}
I treat `x_1_2' essentially like `x_1{}_2'.

[109] [110]
! Double subscript.
l.350     \mu = \sum_{i,j} \taulag_
                                   {ij} g_{ij} = 0 \quad \text{(all } \taula...
I treat `x_1_2' essentially like `x_1{}_2'.

! Double subscript.
l.350 ...j} g_{ij} = 0 \quad \text{(all } \taulag_
                                                  {ij} = 0\text{)}
I treat `x_1_2' essentially like `x_1{}_2'.

<figures/panel_ternary_computation_1.png, id=2514, 1244.9712pt x 993.9534pt>
File: figures/panel_ternary_computation_1.png Graphic file (type png)
<use figures/panel_ternary_computation_1.png>
Package pdftex.def Info: figures/panel_ternary_computation_1.png  used on input
 line 358.
(pdftex.def)             Requested size: 452.9679pt x 361.6449pt.

LaTeX Warning: Float too large for page by 6.9708pt on input line 367.

[111] [112 <./figures/panel_ternary_computation_1.png>] [113] [114])
(sections/categorical-instruments.tex [115]
<figures/hardware_molecular_measurement_panel.png, id=2571, 1022.6205pt x 1116.
3306pt>
File: figures/hardware_molecular_measurement_panel.png Graphic file (type png)
<use figures/hardware_molecular_measurement_panel.png>
Package pdftex.def Info: figures/hardware_molecular_measurement_panel.png  used
 on input line 19.
(pdftex.def)             Requested size: 452.9679pt x 494.47452pt.


LaTeX Warning: Float too large for page by 154.30042pt on input line 28.


Package natbib Warning: Citation `sachikonye2024temporal' on page 116 undefined
 on input line 68.

[116] [117 <./figures/hardware_molecular_measurement_panel.png>]
Overfull \hbox (39.02637pt too wide) in paragraph at lines 101--102
[]\T1/cmr/m/n/12 Extract mode-specific trans-port prop-er-ties: $\OML/cmm/m/it/
12 ^^U\OT1/cmr/m/n/12 (\OML/cmm/m/it/12 !\OT1/cmr/m/n/12 ) = \OML/cmm/m/it/12 v
[]\OT1/cmr/m/n/12 (\OML/cmm/m/it/12 !\OT1/cmr/m/n/12 )\OML/cmm/m/it/12 ^^\\OT1/
cmr/m/n/12 (\OML/cmm/m/it/12 !\OT1/cmr/m/n/12 )$\T1/cmr/m/n/12 , $\OML/cmm/m/it
/12 ^^T\OT1/cmr/m/n/12 (\OML/cmm/m/it/12 !\OT1/cmr/m/n/12 ) = (1\OML/cmm/m/it/1
2 =\OT1/cmr/m/n/12 3)\OML/cmm/m/it/12 c\OT1/cmr/m/n/12 (\OML/cmm/m/it/12 !\OT1/
cmr/m/n/12 )\OML/cmm/m/it/12 v[]\OT1/cmr/m/n/12 (\OML/cmm/m/it/12 !\OT1/cmr/m/n
/12 )[]\OML/cmm/m/it/12 ^^\\OT1/cmr/m/n/12 (\OML/cmm/m/it/12 !\OT1/cmr/m/n/12 )
$ 
 []

[118]
File: figures/panel_pc_results.png Graphic file (type png)
<use figures/panel_pc_results.png>
Package pdftex.def Info: figures/panel_pc_results.png  used on input line 117.
(pdftex.def)             Requested size: 452.9679pt x 384.63521pt.


LaTeX Warning: Float too large for page by 15.4611pt on input line 124.

[119] [120] [121] [122]
Overfull \hbox (14.86247pt too wide) in paragraph at lines 243--244
[]\T1/cmr/m/n/12 Enumerate all car-rier pairs $\OT1/cmr/m/n/12 (\OML/cmm/m/it/1
2 i; j\OT1/cmr/m/n/12 )$ \T1/cmr/m/n/12 (electron-phonon, electron-impurity, el
ectron-electron,
 []

<figures/panel_ctd_results.png, id=2645, 1005.9984pt x 854.2314pt>
File: figures/panel_ctd_results.png Graphic file (type png)
<use figures/panel_ctd_results.png>
Package pdftex.def Info: figures/panel_ctd_results.png  used on input line 264.

(pdftex.def)             Requested size: 452.9679pt x 384.63521pt.

LaTeX Warning: Float too large for page by 18.18398pt on input line 271.

[123] [124 <./figures/panel_ctd_results.png>] [125] [126] [127])
(sections/categorical-computing.tex

Package natbib Warning: Citation `sachikonye2025poincare' on page 128 undefined
 on input line 4.


Package natbib Warning: Citation `sachikonye2025memory' on page 128 undefined o
n input line 4.


Overfull \hbox (7.39064pt too wide) in paragraph at lines 15--29
 [] 
 []

[128]
Overfull \hbox (3.06374pt too wide) in paragraph at lines 33--35
[]\T1/cmr/m/n/12 Both trans-port and com-pu-ta-tion are tra-jec-tory dy-nam-ics
 in bounded spaces: 
 []

<figures/precision_by_difference_panel.png, id=2705, 1119.7032pt x 928.6695pt>
File: figures/precision_by_difference_panel.png Graphic file (type png)
<use figures/precision_by_difference_panel.png>
Package pdftex.def Info: figures/precision_by_difference_panel.png  used on inp
ut line 50.
(pdftex.def)             Requested size: 452.9679pt x 375.68398pt.

LaTeX Warning: Float too large for page by 50.00987pt on input line 61.


Package natbib Warning: Citation `sachikonye2025poincare' on page 129 undefined
 on input line 65.


Package natbib Warning: Citation `poincare1890' on page 129 undefined on input 
line 65.

[129] [130 <./figures/precision_by_difference_panel.png>]
Overfull \hbox (2.83263pt too wide) in paragraph at lines 106--108
[]\T1/cmr/bx/n/12 Example 13.3 \T1/cmr/m/n/12 (Elec-tri-cal Re-sis-tiv-ity as C
om-pu-ta-tional Com-plex-ity)\T1/cmr/bx/n/12 . []\T1/cmr/m/n/12 For elec-tri-ca
l trans-
 []

[131]

Package natbib Warning: Citation `sachikonye2025poincare' on page 132 undefined
 on input line 155.


Package hyperref Warning: Token not allowed in a PDF string (Unicode):
(hyperref)                removing `math shift' on input line 174.


Package hyperref Warning: Token not allowed in a PDF string (Unicode):
(hyperref)                removing `\epsilon' on input line 174.


Package hyperref Warning: Token not allowed in a PDF string (Unicode):
(hyperref)                removing `math shift' on input line 174.

[132]

Package natbib Warning: Citation `sachikonye2025memory' on page 133 undefined o
n input line 214.

[133]

Package natbib Warning: Citation `sachikonye2025memory' on page 134 undefined o
n input line 261.


Overfull \hbox (6.37518pt too wide) in paragraph at lines 265--266
[]\T1/cmr/bx/n/12 Theorem 13.10 \T1/cmr/m/n/12 (Ma-te-rial as Cat-e-gor-i-cal M
em-ory)\T1/cmr/bx/n/12 . []\T1/cmr/m/it/12 A ma-te-rial stores in-for-ma-tion t
hrough
 []

[134]

Package natbib Warning: Citation `sachikonye2025memory' on page 135 undefined o
n input line 333.

[135]

Package natbib Warning: Citation `landauer1961' on page 136 undefined on input 
line 395.


Package natbib Warning: Citation `sachikonye2025poincare' on page 136 undefined
 on input line 402.

[136] [137]

! LaTeX Error: Environment interpretation undefined.

See the LaTeX manual or LaTeX Companion for explanation.
Type  H <return>  for immediate help.
 ...                                              
                                                  
l.474 \begin{interpretation}
                            
Your command was ignored.
Type  I <command> <return>  to replace it with another command,
or  <return>  to continue without it.


! LaTeX Error: \begin{document} ended by \end{interpretation}.

See the LaTeX manual or LaTeX Companion for explanation.
Type  H <return>  for immediate help.
 ...                                              
                                                  
l.479 \end{interpretation}
                          
Your command was ignored.
Type  I <command> <return>  to replace it with another command,
or  <return>  to continue without it.


Package natbib Warning: Citation `sachikonye2025poincare' on page 138 undefined
 on input line 491.


Package natbib Warning: Citation `sachikonye2025poincare' on page 138 undefined
 on input line 514.

[138]
<figures/panel_ternary_computation_2.png, id=2841, 1258.9434pt x 993.9534pt>
File: figures/panel_ternary_computation_2.png Graphic file (type png)
<use figures/panel_ternary_computation_2.png>
Package pdftex.def Info: figures/panel_ternary_computation_2.png  used on input
 line 541.
(pdftex.def)             Requested size: 452.9679pt x 357.61063pt.


LaTeX Warning: Float too large for page by 75.43652pt on input line 550.

[139] [140 <./figures/panel_ternary_computation_2.png>]) [141]
Overfull \hbox (24.68753pt too wide) in paragraph at lines 232--233
[]\T1/cmr/m/n/12 The par-ti-tion frame-work ex-tends be-yond these lim-its by n
at-u-rally in-cor-po-rat-ing anisotropic
 []

[142] [143] [144]
Overfull \hbox (6.37045pt too wide) in paragraph at lines 317--318
[]\T1/cmr/bx/n/12 Thermal trans-port: \T1/cmr/m/n/12 Ther-mal con-duc-tiv-ity $
\OML/cmm/m/it/12 ^^T[] \OMS/cmsy/m/n/12 / [][] \OML/cmm/m/it/12 ^^\[]g[]$ \T1/c
mr/m/n/12 emerges from phonon
 []


Overfull \hbox (10.29933pt too wide) in paragraph at lines 319--320
[]\T1/cmr/bx/n/12 Partition ex-tinc-tion the-o-rem: \T1/cmr/m/n/12 When car-ri-
ers be-come cat-e-gor-i-cally uni-fied through
 []

[145]
Overfull \hbox (4.54385pt too wide) in paragraph at lines 323--324
[]\T1/cmr/bx/n/12 Transport mech-a-nism change at melt-ing: \T1/cmr/m/n/12 Heat
 trans-port changes from phonon-
 []


Overfull \hbox (0.14491pt too wide) in paragraph at lines 330--331
[]\T1/cmr/m/n/12 The uni-fied frame-work re-veals that su-per-con-duc-tiv-ity, 
su-per-flu-id-ity, and Bose-Einstein
 []

[146] (transport-dynamics-partition-limits.bbl [147] [148] [149] [150])

Package natbib Warning: There were undefined citations.

[151] (transport-dynamics-partition-limits.aux)
 ***********
LaTeX2e <2023-11-01> patch level 1
L3 programming layer <2024-01-04>
 ***********


LaTeX Warning: There were undefined references.


LaTeX Warning: There were multiply-defined labels.

Package rerunfilecheck Info: File `transport-dynamics-partition-limits.out' has
 not changed.
(rerunfilecheck)             Checksum: 2A5C804E50973D63D679724551D44EA3;49929.
 ) 
Here is how much of TeX's memory you used:
 20843 strings out of 474486
 408655 string characters out of 5743283
 1944542 words of memory out of 5000000
 41668 multiletter control sequences out of 15000+600000
 586045 words of font info for 108 fonts, out of 8000000 for 9000
 1141 hyphenation exceptions out of 8191
 79i,14n,93p,3601b,1302s stack positions out of 10000i,1000n,20000p,200000b,200000s
 <C:\Users\kundai\AppData\Local\MiKTeX\fonts/pk/ljfour/jknappen/ec/dpi600\ect
i0600.pk> <C:\Users\kundai\AppData\Local\MiKTeX\fonts/pk/ljfour/jknappen/ec/dpi
600\ectt1200.pk> <C:\Users\kundai\AppData\Local\MiKTeX\fonts/pk/ljfour/jknappen
/ec/dpi600\ecbx0800.pk> <C:\Users\kundai\AppData\Local\MiKTeX\fonts/pk/ljfour/j
knappen/ec/dpi600\ecbi1200.pk> <C:\Users\kundai\AppData\Local\MiKTeX\fonts/pk/l
jfour/jknappen/ec/dpi600\ecrm0600.pk> <C:\Users\kundai\AppData\Local\MiKTeX\fon
ts/pk/ljfour/jknappen/ec/dpi600\ecti0800.pk> <C:\Users\kundai\AppData\Local\MiK
TeX\fonts/pk/ljfour/jknappen/ec/dpi600\tcrm1200.pk> <C:\Users\kundai\AppData\Lo
cal\MiKTeX\fonts/pk/ljfour/jknappen/ec/dpi600\ecti1200.pk> <C:\Users\kundai\App
Data\Local\MiKTeX\fonts/pk/ljfour/jknappen/ec/dpi600\ecbx1440.pk> <C:\Users\kun
dai\AppData\Local\MiKTeX\fonts/pk/ljfour/jknappen/ec/dpi600\ecrm1200.pk> <C:\Us
ers\kundai\AppData\Local\MiKTeX\fonts/pk/ljfour/jknappen/ec/dpi600\ecbx1200.pk>
 <C:\Users\kundai\AppData\Local\MiKTeX\fonts/pk/ljfour/jknappen/ec/dpi600\ecbx1
728.pk> <C:\Users\kundai\AppData\Local\MiKTeX\fonts/pk/ljfour/jknappen/ec/dpi60
0\ecrm0800.pk> <C:\Users\kundai\AppData\Local\MiKTeX\fonts/pk/ljfour/jknappen/e
c/dpi600\ecrm1095.pk> <C:\Users\kundai\AppData\Local\MiKTeX\fonts/pk/ljfour/jkn
appen/ec/dpi600\ecbx1095.pk> <C:\Users\kundai\AppData\Local\MiKTeX\fonts/pk/ljf
our/jknappen/ec/dpi600\ectt1440.pk> <C:\Users\kundai\AppData\Local\MiKTeX\fonts
/pk/ljfour/jknappen/ec/dpi600\ecrm1440.pk> <C:\Users\kundai\AppData\Local\MiKTe
X\fonts/pk/ljfour/jknappen/ec/dpi600\ecbx2074.pk><C:/Users/kundai/AppData/Local
/Programs/MiKTeX/fonts/type1/public/amsfonts/cm/cmbx12.pfb><C:/Users/kundai/App
Data/Local/Programs/MiKTeX/fonts/type1/public/amsfonts/cm/cmbx8.pfb><C:/Users/k
undai/AppData/Local/Programs/MiKTeX/fonts/type1/public/amsfonts/cm/cmex10.pfb><
C:/Users/kundai/AppData/Local/Programs/MiKTeX/fonts/type1/public/amsfonts/cm/cm
mi10.pfb><C:/Users/kundai/AppData/Local/Programs/MiKTeX/fonts/type1/public/amsf
onts/cm/cmmi12.pfb><C:/Users/kundai/AppData/Local/Programs/MiKTeX/fonts/type1/p
ublic/amsfonts/cm/cmmi6.pfb><C:/Users/kundai/AppData/Local/Programs/MiKTeX/font
s/type1/public/amsfonts/cm/cmmi8.pfb><C:/Users/kundai/AppData/Local/Programs/Mi
KTeX/fonts/type1/public/amsfonts/cm/cmmib10.pfb><C:/Users/kundai/AppData/Local/
Programs/MiKTeX/fonts/type1/public/amsfonts/cm/cmr10.pfb><C:/Users/kundai/AppDa
ta/Local/Programs/MiKTeX/fonts/type1/public/amsfonts/cm/cmr12.pfb><C:/Users/kun
dai/AppData/Local/Programs/MiKTeX/fonts/type1/public/amsfonts/cm/cmr6.pfb><C:/U
sers/kundai/AppData/Local/Programs/MiKTeX/fonts/type1/public/amsfonts/cm/cmr8.p
fb><C:/Users/kundai/AppData/Local/Programs/MiKTeX/fonts/type1/public/amsfonts/c
m/cmsy10.pfb><C:/Users/kundai/AppData/Local/Programs/MiKTeX/fonts/type1/public/
amsfonts/cm/cmsy8.pfb><C:/Users/kundai/AppData/Local/Programs/MiKTeX/fonts/type
1/public/amsfonts/symbols/msam10.pfb><C:/Users/kundai/AppData/Local/Programs/Mi
KTeX/fonts/type1/public/amsfonts/symbols/msbm10.pfb>
Output written on transport-dynamics-partition-limits.pdf (151 pages, 12486277 
bytes).
PDF statistics:
 3937 PDF objects out of 4296 (max. 8388607)
 1146 named destinations out of 1200 (max. 500000)
 2035 words of extra memory for PDF output out of 10000 (max. 10000000)

